My PID: 66508

From a new terminal type `kill -SIGINT 66508` or `kill -SIGTERM 66508` to stop processing packets

My ID: 3

List of resolved hosts is:
==========================
1
Human-readable IP: 127.0.0.1
Human-readable Port: 11001

2
Human-readable IP: 127.0.0.1
Human-readable Port: 11002

3
Human-readable IP: 127.0.0.1
Human-readable Port: 11003

4
Human-readable IP: 127.0.0.1
Human-readable Port: 11004

5
Human-readable IP: 127.0.0.1
Human-readable Port: 11005

6
Human-readable IP: 127.0.0.1
Human-readable Port: 11006

7
Human-readable IP: 127.0.0.1
Human-readable Port: 11007

8
Human-readable IP: 127.0.0.1
Human-readable Port: 11008

9
Human-readable IP: 127.0.0.1
Human-readable Port: 11009

10
Human-readable IP: 127.0.0.1
Human-readable Port: 11010


Path to output:
===============
/Users/melody/Documents/GitHub/CS451-2021-project/logs/proc03.output

Path to config:
===============
logs/config

100000

Doing some initialization

pl send exit here
Broadcasting and delivering messages...

resend count: 92229
resend count: 86954
resend count: 79741
receive count: 29202
resend count: 73381
resend count: 69749
resend count: 67498
resend count: 62744
resend count: 55891
resend count: 49742
resend count: 40529
receive count: 60530
receive count: 60531
receive count: 60532
receive count: 60533
resend count: 39525
resend count: 37841
resend count: 35903
resend count: 35284
resend count: 29014
resend count: 25289
resend count: 17703
resend count: 14685
resend count: 11250
resend count: 7467
receive count: 95302
resend count: 4972
resend count: 3559
resend count: 2132
resend count: 953
resend count: 906
resend count: 903
resend count: 71
resend count: 0
resend count: 0
resend count: 0
resend count: 0
resend count: 0
resend count: 0
resend count: 0
resend count: 0
resend count: 0
resend count: 0
resend count: 0
resend count: 0
resend count: 0
resend count: 0
resend count: 0
resend count: 0
resend count: 0
resend count: 0
resend count: 0
resend count: 0
resend count: 0
resend count: 0
resend count: 0
resend count: 0
resend count: 0
resend count: 0
resend count: 0
resend count: 0
resend count: 0
resend count: 0
resend count: 0
resend count: 0
resend count: 0
resend count: 0
resend count: 0
resend count: 0
resend count: 0
resend count: 0
resend count: 0
resend count: 0
resend count: 0
resend count: 0
resend count: 0
resend count: 0
resend count: 0
resend count: 0
resend count: 0
resend count: 0
resend count: 0
resend count: 0
resend count: 0
resend count: 0
resend count: 0
resend count: 0
resend count: 0
resend count: 0
resend count: 0
resend count: 0
resend count: 0
resend count: 0
resend count: 0
resend count: 0
resend count: 0
resend count: 0
resend count: 0
resend count: 0
resend count: 0
resend count: 0
resend count: 0
resend count: 0
resend count: 0
resend count: 0
resend count: 0
resend count: 0
resend count: 0
resend count: 0
resend count: 0
resend count: 0
resend count: 0
resend count: 0
resend count: 0
resend count: 0
resend count: 0
resend count: 0
resend count: 0
resend count: 0
resend count: 0
resend count: 0
resend count: 0
resend count: 0
resend count: 0
resend count: 0
resend count: 0
resend count: 0
resend count: 0
resend count: 0
resend count: 0
resend count: 0
resend count: 0
resend count: 0
resend count: 0
resend count: 0
resend count: 0
resend count: 0
resend count: 0
resend count: 0
resend count: 0
resend count: 0
resend count: 0
resend count: 0
resend count: 0
resend count: 0
resend count: 0
resend count: 0
resend count: 0
resend count: 0
resend count: 0
resend count: 0
resend count: 0
resend count: 0
resend count: 0
resend count: 0
resend count: 0
resend count: 0
resend count: 0
resend count: 0
resend count: 0
resend count: 0
resend count: 0
resend count: 0
resend count: 0
resend count: 0
resend count: 0
resend count: 0
resend count: 0
resend count: 0
resend count: 0
resend count: 0
resend count: 0
resend count: 0
resend count: 0
resend count: 0
resend count: 0
resend count: 0
resend count: 0
resend count: 0
resend count: 0
resend count: 0
resend count: 0
resend count: 0
resend count: 0
resend count: 0
resend count: 0
resend count: 0
resend count: 0
resend count: 0
resend count: 0
resend count: 0
resend count: 0
resend count: 0
resend count: 0
resend count: 0
resend count: 0
resend count: 0
resend count: 0
resend count: 0
resend count: 0
resend count: 0
resend count: 0
resend count: 0
resend count: 0
resend count: 0
resend count: 0
resend count: 0
resend count: 0
resend count: 0
resend count: 0
resend count: 0
resend count: 0
resend count: 0
resend count: 0
resend count: 0
resend count: 0
resend count: 0
resend count: 0
resend count: 0
resend count: 0
resend count: 0
resend count: 0
resend count: 0
resend count: 0
resend count: 0
resend count: 0
resend count: 0
resend count: 0
resend count: 0
resend count: 0
resend count: 0
resend count: 0
resend count: 0
resend count: 0
resend count: 0
resend count: 0
resend count: 0
Immediately stopping network packet processing.
Writing output.
fl receive exit here
pl resend exit here
fl send exit here
