My PID: 66515

From a new terminal type `kill -SIGINT 66515` or `kill -SIGTERM 66515` to stop processing packets

My ID: 10

List of resolved hosts is:
==========================
1
Human-readable IP: 127.0.0.1
Human-readable Port: 11001

2
Human-readable IP: 127.0.0.1
Human-readable Port: 11002

3
Human-readable IP: 127.0.0.1
Human-readable Port: 11003

4
Human-readable IP: 127.0.0.1
Human-readable Port: 11004

5
Human-readable IP: 127.0.0.1
Human-readable Port: 11005

6
Human-readable IP: 127.0.0.1
Human-readable Port: 11006

7
Human-readable IP: 127.0.0.1
Human-readable Port: 11007

8
Human-readable IP: 127.0.0.1
Human-readable Port: 11008

9
Human-readable IP: 127.0.0.1
Human-readable Port: 11009

10
Human-readable IP: 127.0.0.1
Human-readable Port: 11010


Path to output:
===============
/Users/melody/Documents/GitHub/CS451-2021-project/logs/proc10.output

Path to config:
===============
logs/config

100000

Doing some initialization

receive count: 1306
receive count: 4366
receive count: 4367
receive count: 4368
receive count: 4369
pl send exit here
Broadcasting and delivering messages...

resend count: 95958
receive count: 11971
resend count: 90438
resend count: 81015
resend count: 75124
resend count: 68793
resend count: 65059
resend count: 53372
resend count: 50731
receive count: 56770
resend count: 47966
receive count: 61685
receive count: 61686
receive count: 61687
receive count: 61688
receive count: 61689
receive count: 61690
receive count: 61691
receive count: 61692
receive count: 61693
receive count: 61694
receive count: 61695
resend count: 42991
resend count: 38103
resend count: 35741
resend count: 21196
resend count: 19793
resend count: 17103
resend count: 12374
resend count: 11192
resend count: 10617
resend count: 9755
resend count: 8776
resend count: 8159
resend count: 7896
resend count: 7759
resend count: 7476
resend count: 4989
resend count: 4166
resend count: 3139
resend count: 1349
resend count: 0
resend count: 0
resend count: 0
resend count: 0
resend count: 0
resend count: 0
resend count: 0
resend count: 0
resend count: 0
resend count: 0
resend count: 0
resend count: 0
resend count: 0
resend count: 0
resend count: 0
resend count: 0
resend count: 0
resend count: 0
resend count: 0
resend count: 0
resend count: 0
resend count: 0
resend count: 0
resend count: 0
resend count: 0
resend count: 0
resend count: 0
resend count: 0
resend count: 0
resend count: 0
resend count: 0
resend count: 0
resend count: 0
resend count: 0
resend count: 0
resend count: 0
resend count: 0
resend count: 0
resend count: 0
resend count: 0
resend count: 0
resend count: 0
resend count: 0
resend count: 0
resend count: 0
resend count: 0
resend count: 0
resend count: 0
resend count: 0
resend count: 0
resend count: 0
resend count: 0
resend count: 0
resend count: 0
resend count: 0
resend count: 0
resend count: 0
resend count: 0
resend count: 0
resend count: 0
resend count: 0
resend count: 0
resend count: 0
resend count: 0
resend count: 0
resend count: 0
resend count: 0
resend count: 0
resend count: 0
resend count: 0
resend count: 0
resend count: 0
resend count: 0
resend count: 0
resend count: 0
resend count: 0
resend count: 0
resend count: 0
resend count: 0
resend count: 0
resend count: 0
resend count: 0
resend count: 0
resend count: 0
resend count: 0
resend count: 0
resend count: 0
resend count: 0
resend count: 0
resend count: 0
resend count: 0
resend count: 0
resend count: 0
resend count: 0
resend count: 0
resend count: 0
resend count: 0
resend count: 0
resend count: 0
resend count: 0
resend count: 0
resend count: 0
resend count: 0
resend count: 0
resend count: 0
resend count: 0
resend count: 0
resend count: 0
resend count: 0
resend count: 0
resend count: 0
resend count: 0
resend count: 0
resend count: 0
resend count: 0
resend count: 0
resend count: 0
resend count: 0
resend count: 0
resend count: 0
resend count: 0
resend count: 0
resend count: 0
resend count: 0
resend count: 0
resend count: 0
resend count: 0
resend count: 0
resend count: 0
resend count: 0
resend count: 0
resend count: 0
resend count: 0
resend count: 0
resend count: 0
resend count: 0
resend count: 0
resend count: 0
resend count: 0
resend count: 0
resend count: 0
resend count: 0
resend count: 0
resend count: 0
resend count: 0
resend count: 0
resend count: 0
resend count: 0
resend count: 0
resend count: 0
resend count: 0
resend count: 0
resend count: 0
resend count: 0
resend count: 0
resend count: 0
resend count: 0
resend count: 0
resend count: 0
resend count: 0
resend count: 0
resend count: 0
resend count: 0
resend count: 0
resend count: 0
resend count: 0
resend count: 0
resend count: 0
resend count: 0
resend count: 0
resend count: 0
resend count: 0
resend count: 0
resend count: 0
resend count: 0
resend count: 0
resend count: 0
resend count: 0
resend count: 0
resend count: 0
resend count: 0
resend count: 0
resend count: 0
resend count: 0
resend count: 0
resend count: 0
resend count: 0
resend count: 0
resend count: 0
resend count: 0
resend count: 0
resend count: 0
resend count: 0
resend count: 0
resend count: 0
resend count: 0
resend count: 0
resend count: 0
resend count: 0
resend count: 0
resend count: 0
resend count: 0
resend count: 0
resend count: 0
Immediately stopping network packet processing.
Writing output.
fl receive exit here
pl resend exit here
fl send exit here
