My PID: 45011

From a new terminal type `kill -SIGINT 45011` or `kill -SIGTERM 45011` to stop processing packets

My ID: 4

List of resolved hosts is:
==========================
1
Human-readable IP: 127.0.0.1
Human-readable Port: 11001

2
Human-readable IP: 127.0.0.1
Human-readable Port: 11002

3
Human-readable IP: 127.0.0.1
Human-readable Port: 11003

4
Human-readable IP: 127.0.0.1
Human-readable Port: 11004


Path to output:
===============
/Users/melody/Documents/GitHub/CS451-2021-project/logs/proc04.output

Path to config:
===============
logs/config

10000

Doing some initialization

Broadcasting and delivering messages...

receive msg: cs451.Message@439abd45
receive msg: cs451.Message@35aabb6a
receive msg: cs451.Message@68066da0
receive msg: cs451.Message@7f4c6fa4
receive msg: cs451.Message@692a959d
receive msg: cs451.Message@93b1239
receive msg: cs451.Message@520b05d3
receive msg: cs451.Message@4ea66179
receive msg: cs451.Message@739d934d
receive msg: cs451.Message@2266fddd
receive msg: cs451.Message@28c951df
receive msg: cs451.Message@55195016
receive msg: cs451.Message@4a01a603
receive msg: cs451.Message@5f1c328b
receive msg: cs451.Message@3d39c71e
receive msg: cs451.Message@223fa94f
receive msg: cs451.Message@654922b5
receive msg: cs451.Message@5bffccfd
receive msg: cs451.Message@288df1ab
receive msg: cs451.Message@77275024
receive msg: cs451.Message@5b5798ff
receive msg: cs451.Message@7e6a3f4c
receive msg: cs451.Message@392d9983
receive msg: cs451.Message@744648f2
receive msg: cs451.Message@13b1a6e5
receive msg: cs451.Message@3c0e7b80
receive msg: cs451.Message@69ba0c03
receive msg: cs451.Message@2f7dc81e
receive msg: cs451.Message@31e5c59a
receive msg: cs451.Message@7ef86a5d
receive msg: cs451.Message@471bbb95
receive msg: cs451.Message@6e7a650
receive msg: cs451.Message@19317a03
receive msg: cs451.Message@24a651fa
receive msg: cs451.Message@3e7b81e8
receive msg: cs451.Message@5957551
receive msg: cs451.Message@17e6f682
receive msg: cs451.Message@1d94c05
receive msg: cs451.Message@634fe917
receive msg: cs451.Message@4dde27d2
receive msg: cs451.Message@6d2c8a0d
receive msg: cs451.Message@26de5ac9
receive msg: cs451.Message@3ac50854
receive msg: cs451.Message@6195869
receive msg: cs451.Message@f6cc645
receive msg: cs451.Message@5bb0dd73
receive msg: cs451.Message@4925e9f9
receive msg: cs451.Message@5333aa4
receive msg: cs451.Message@6c048aa9
receive msg: cs451.Message@3102991f
receive msg: cs451.Message@578ed4e7
receive msg: cs451.Message@4bf432a8
receive msg: cs451.Message@3eda8bd
receive msg: cs451.Message@260203be
receive msg: cs451.Message@78ac275
receive msg: cs451.Message@6d01c15e
receive msg: cs451.Message@3c72403
receive msg: cs451.Message@35eec836
receive msg: cs451.Message@64a63d94
receive msg: cs451.Message@7ce1b6f
receive msg: cs451.Message@3d13d0a9
receive msg: cs451.Message@7eff1045
receive msg: cs451.Message@2b60d893
receive msg: cs451.Message@5c82abf3
receive msg: cs451.Message@7f37be52
receive msg: cs451.Message@794ce4c9
receive msg: cs451.Message@54c51f33
receive msg: cs451.Message@1dd1eb6b
receive msg: cs451.Message@5f5603ad
receive msg: cs451.Message@41a2ce22
receive msg: cs451.Message@3d626da2
receive msg: cs451.Message@2f7a53d6
receive msg: cs451.Message@40de66ff
receive msg: cs451.Message@17da6318
receive msg: cs451.Message@39fb033c
receive msg: cs451.Message@44621336
receive msg: cs451.Message@77387cdb
receive msg: cs451.Message@33be1387
receive msg: cs451.Message@523d142f
receive msg: cs451.Message@61246fd
receive msg: cs451.Message@32782c40
receive msg: cs451.Message@719923a3
receive msg: cs451.Message@4bbfcdd3
receive msg: cs451.Message@5f8e4ff7
receive msg: cs451.Message@2c67726a
receive msg: cs451.Message@14dbd87e
receive msg: cs451.Message@21bf4e63
receive msg: cs451.Message@c634c54
receive msg: cs451.Message@1b009b90
receive msg: cs451.Message@5152b8a6
receive msg: cs451.Message@a4538b9
receive msg: cs451.Message@1c52d449
receive msg: cs451.Message@3111048
receive msg: cs451.Message@47c21f04
receive msg: cs451.Message@646177b5
receive msg: cs451.Message@6e1b07ec
receive msg: cs451.Message@6583c937
receive msg: cs451.Message@326ec0bc
receive msg: cs451.Message@5d5dd59b
receive msg: cs451.Message@6bcf9dbb
receive msg: cs451.Message@107e3b84
receive msg: cs451.Message@54d16217
receive msg: cs451.Message@6793941b
receive msg: cs451.Message@7026ef17
receive msg: cs451.Message@11e5588c
receive msg: cs451.Message@4efb417d
receive msg: cs451.Message@35b327f5
receive msg: cs451.Message@72aa3803
receive msg: cs451.Message@49b03fe2
receive msg: cs451.Message@5d547f00
receive msg: cs451.Message@71f467d0
receive msg: cs451.Message@523d33cd
receive msg: cs451.Message@1a3a5947
receive msg: cs451.Message@64e8897f
receive msg: cs451.Message@3670a8d5
receive msg: cs451.Message@d68568d
receive msg: cs451.Message@4550d606
receive msg: cs451.Message@65d30ca2
receive msg: cs451.Message@565636cd
receive msg: cs451.Message@1945ceb4
receive msg: cs451.Message@5a66cb7c
receive msg: cs451.Message@272d7a8e
receive msg: cs451.Message@40aac0f8
receive msg: cs451.Message@77ad9637
receive msg: cs451.Message@1b7c8e95
receive msg: cs451.Message@57c96e7e
receive msg: cs451.Message@4172d97f
receive msg: cs451.Message@5a75f348
receive msg: cs451.Message@2502c6b5
receive msg: cs451.Message@3924f6f5
receive msg: cs451.Message@6eca698f
receive msg: cs451.Message@1b5038ad
receive msg: cs451.Message@28d4621c
receive msg: cs451.Message@3659baad
receive msg: cs451.Message@be23bf8
receive msg: cs451.Message@11edef79
receive msg: cs451.Message@1a22abda
receive msg: cs451.Message@61d5f6e1
receive msg: cs451.Message@7b723cd8
receive msg: cs451.Message@59a92e8
receive msg: cs451.Message@ae985fa
receive msg: cs451.Message@444508b8
receive msg: cs451.Message@2ebb6814
receive msg: cs451.Message@7fe7b2f9
receive msg: cs451.Message@39e72eaa
receive msg: cs451.Message@558bf1e6
receive msg: cs451.Message@2085d88b
receive msg: cs451.Message@62b7d618
receive msg: cs451.Message@62a5369a
receive msg: cs451.Message@682befe9
receive msg: cs451.Message@666423e7
receive msg: cs451.Message@3abf3e25
receive msg: cs451.Message@7165de0e
receive msg: cs451.Message@4606236c
receive msg: cs451.Message@13a4b50
receive msg: cs451.Message@42371344
receive msg: cs451.Message@1dfd20a2
receive msg: cs451.Message@6a977d32
receive msg: cs451.Message@3924dbfb
receive msg: cs451.Message@437352a8
receive msg: cs451.Message@377f9254
receive msg: cs451.Message@66d01764
receive msg: cs451.Message@79b4e346
receive msg: cs451.Message@208b08ca
receive msg: cs451.Message@6b2dd3bd
receive msg: cs451.Message@da0828b
receive msg: cs451.Message@5350eeaa
receive msg: cs451.Message@2be56152
receive msg: cs451.Message@2e50ffa8
receive msg: cs451.Message@276d8433
receive msg: cs451.Message@731c1bca
receive msg: cs451.Message@73730b0a
receive msg: cs451.Message@5af70773
receive msg: cs451.Message@11f04c02
receive msg: cs451.Message@2a1d7bd
receive msg: cs451.Message@69e1a7b8
receive msg: cs451.Message@b4ff968
receive msg: cs451.Message@18cc345f
receive msg: cs451.Message@14dc14c4
receive msg: cs451.Message@7064ad80
receive msg: cs451.Message@4949e5d
receive msg: cs451.Message@7d833c5c
receive msg: cs451.Message@90d7d1c
receive msg: cs451.Message@5c50c910
receive msg: cs451.Message@7c96c2b1
receive msg: cs451.Message@189370a3
receive msg: cs451.Message@7a940b30
receive msg: cs451.Message@20d6453b
receive msg: cs451.Message@6a9f98da
receive msg: cs451.Message@690aeb42
receive msg: cs451.Message@339db0d8
receive msg: cs451.Message@2170c40d
receive msg: cs451.Message@37bfc1b1
receive msg: cs451.Message@9516cff
receive msg: cs451.Message@5714167d
receive msg: cs451.Message@7063f03e
receive msg: cs451.Message@391815ca
receive msg: cs451.Message@3b2cb082
receive msg: cs451.Message@4cfcee64
receive msg: cs451.Message@23f105c5
receive msg: cs451.Message@5abee234
receive msg: cs451.Message@448e141
receive msg: cs451.Message@2f6ca062
receive msg: cs451.Message@4984767
receive msg: cs451.Message@299aba82
receive msg: cs451.Message@6a9b1419
receive msg: cs451.Message@203ec698
receive msg: cs451.Message@66db0e87
receive msg: cs451.Message@1a69f674
receive msg: cs451.Message@28e012fc
receive msg: cs451.Message@7ebc0b7e
receive msg: cs451.Message@402d8d18
receive msg: cs451.Message@15a2193f
receive msg: cs451.Message@3d7d8e85
receive msg: cs451.Message@238495af
receive msg: cs451.Message@f6d998a
receive msg: cs451.Message@a8302b9
receive msg: cs451.Message@5b5bacca
receive msg: cs451.Message@5c7573e3
receive msg: cs451.Message@3f37002e
receive msg: cs451.Message@2db35bbb
receive msg: cs451.Message@2b889f3b
receive msg: cs451.Message@5c151bc2
receive msg: cs451.Message@5ba4561e
receive msg: cs451.Message@6c7da052
receive msg: cs451.Message@3639ba1
receive msg: cs451.Message@775c5b04
receive msg: cs451.Message@eb1f757
receive msg: cs451.Message@f4fb9e3
receive msg: cs451.Message@10ee8538
receive msg: cs451.Message@57f685a
receive msg: cs451.Message@4f53ced
receive msg: cs451.Message@76871d31
receive msg: cs451.Message@12a4819c
receive msg: cs451.Message@6ce7062a
receive msg: cs451.Message@41584d0f
receive msg: cs451.Message@ff8ae80
receive msg: cs451.Message@39666682
receive msg: cs451.Message@6de4e1d2
receive msg: cs451.Message@6ed7e954
receive msg: cs451.Message@2491c6a0
receive msg: cs451.Message@2ec9f6c6
receive msg: cs451.Message@646978bc
receive msg: cs451.Message@3525b02c
receive msg: cs451.Message@1fabd4ee
receive msg: cs451.Message@7e356e1b
receive msg: cs451.Message@513645f9
receive msg: cs451.Message@498a3b23
receive msg: cs451.Message@8c79a58
receive msg: cs451.Message@5dd768ed
receive msg: cs451.Message@3e2df723
receive msg: cs451.Message@266690e6
receive msg: cs451.Message@1247cb28
receive msg: cs451.Message@7431498d
receive msg: cs451.Message@25743cc7
receive msg: cs451.Message@3707692f
receive msg: cs451.Message@1bb5fa6c
receive msg: cs451.Message@6536b5b6
receive msg: cs451.Message@61a02fd3
receive msg: cs451.Message@6de27cd9
receive msg: cs451.Message@59b08d93
receive msg: cs451.Message@9fb1816
receive msg: cs451.Message@6945604d
receive msg: cs451.Message@173fcd08
receive msg: cs451.Message@4a3e1669
receive msg: cs451.Message@1b548c90
receive msg: cs451.Message@59d1c0bf
receive msg: cs451.Message@30ef0100
receive msg: cs451.Message@ad8c42a
receive msg: cs451.Message@3557f9ed
receive msg: cs451.Message@62d403c0
receive msg: cs451.Message@2afbf99b
receive msg: cs451.Message@66ce917a
receive msg: cs451.Message@6c5c84df
receive msg: cs451.Message@2ed45097
receive msg: cs451.Message@5b1653f7
receive msg: cs451.Message@49c15cae
receive msg: cs451.Message@41b34335
receive msg: cs451.Message@4defe37c
receive msg: cs451.Message@248f98dd
receive msg: cs451.Message@676894ce
receive msg: cs451.Message@3c99c9fd
receive msg: cs451.Message@edf2911
receive msg: cs451.Message@56ce1167
receive msg: cs451.Message@75a33194
receive msg: cs451.Message@707d8fc
receive msg: cs451.Message@7067feac
receive msg: cs451.Message@56049cee
receive msg: cs451.Message@3ac7282b
receive msg: cs451.Message@3bec7b7
receive msg: cs451.Message@4c63cbf2
receive msg: cs451.Message@3ef2cd7c
receive msg: cs451.Message@3df73cf9
receive msg: cs451.Message@4881d78f
receive msg: cs451.Message@1aefb936
receive msg: cs451.Message@32de0e3a
receive msg: cs451.Message@36cafc6c
receive msg: cs451.Message@70b17895
receive msg: cs451.Message@17f049bc
receive msg: cs451.Message@551d2aa6
receive msg: cs451.Message@34d585f5
receive msg: cs451.Message@4fdb262a
receive msg: cs451.Message@5a733bc4
receive msg: cs451.Message@66076236
receive msg: cs451.Message@7e65b92e
receive msg: cs451.Message@68193abe
receive msg: cs451.Message@2b778162
receive msg: cs451.Message@763c50e8
receive msg: cs451.Message@25432bc8
receive msg: cs451.Message@42e2914
receive msg: cs451.Message@1345d462
receive msg: cs451.Message@7ea6df2
receive msg: cs451.Message@3bcb0bac
receive msg: cs451.Message@4e58f348
receive msg: cs451.Message@7303d825
receive msg: cs451.Message@2752be4a
receive msg: cs451.Message@44274767
receive msg: cs451.Message@4d6c2e18
receive msg: cs451.Message@20431560
receive msg: cs451.Message@12514fcc
receive msg: cs451.Message@6cb32e9e
receive msg: cs451.Message@4083c1fe
receive msg: cs451.Message@78d3249b
receive msg: cs451.Message@60642b62
receive msg: cs451.Message@15d62e2e
receive msg: cs451.Message@4b84815b
receive msg: cs451.Message@2a92834c
receive msg: cs451.Message@6b6c9247
receive msg: cs451.Message@4fef665a
receive msg: cs451.Message@200eb8a5
receive msg: cs451.Message@1eb8d70b
receive msg: cs451.Message@11498031
receive msg: cs451.Message@25a0e9f4
receive msg: cs451.Message@703eb675
receive msg: cs451.Message@28e637f6
receive msg: cs451.Message@75f362d3
receive msg: cs451.Message@573edad0
receive msg: cs451.Message@5236535c
receive msg: cs451.Message@4bf6876b
receive msg: cs451.Message@257d813c
receive msg: cs451.Message@4b42719
receive msg: cs451.Message@64f82860
receive msg: cs451.Message@1b4a364b
receive msg: cs451.Message@5277207f
receive msg: cs451.Message@77de49c7
receive msg: cs451.Message@52c0d474
receive msg: cs451.Message@18725809
receive msg: cs451.Message@73ede7a0
receive msg: cs451.Message@76f8086b
receive msg: cs451.Message@224f01b4
receive msg: cs451.Message@28f7a7e4
receive msg: cs451.Message@343b95bd
receive msg: cs451.Message@2b67801
receive msg: cs451.Message@58ae9b42
receive msg: cs451.Message@4df3df34
receive msg: cs451.Message@258d2d4a
receive msg: cs451.Message@144a2f8a
receive msg: cs451.Message@3812c2ca
receive msg: cs451.Message@6b4ba083
receive msg: cs451.Message@27e027dd
receive msg: cs451.Message@62137ad4
receive msg: cs451.Message@4c39e0ce
receive msg: cs451.Message@7ac01e72
receive msg: cs451.Message@5cb81038
receive msg: cs451.Message@258404a1
receive msg: cs451.Message@2638bf4f
receive msg: cs451.Message@5cf10674
receive msg: cs451.Message@4054f402
receive msg: cs451.Message@457051a5
receive msg: cs451.Message@26514c83
receive msg: cs451.Message@72c72c9b
receive msg: cs451.Message@15d43225
receive msg: cs451.Message@526ea443
receive msg: cs451.Message@7ef7dfd9
receive msg: cs451.Message@351f8768
receive msg: cs451.Message@16edef4
receive msg: cs451.Message@26852e26
receive msg: cs451.Message@664c2438
receive msg: cs451.Message@2fa1cb5e
receive msg: cs451.Message@584f3920
receive msg: cs451.Message@5734c811
receive msg: cs451.Message@505e4b2b
receive msg: cs451.Message@71048145
receive msg: cs451.Message@5023207c
receive msg: cs451.Message@21a61e29
receive msg: cs451.Message@3031e25
receive msg: cs451.Message@56d8b9a9
receive msg: cs451.Message@1fb143ce
receive msg: cs451.Message@e775147
receive msg: cs451.Message@159e949a
receive msg: cs451.Message@6987271
receive msg: cs451.Message@1322ee5f
receive msg: cs451.Message@276b7815
receive msg: cs451.Message@46b01226
receive msg: cs451.Message@37eeb7b
receive msg: cs451.Message@72abd5d
receive msg: cs451.Message@7b7dd67d
receive msg: cs451.Message@3d9ada16
receive msg: cs451.Message@49cbdbed
receive msg: cs451.Message@1bd957dc
receive msg: cs451.Message@e82a4e4
receive msg: cs451.Message@65a39548
receive msg: cs451.Message@72202ea2
receive msg: cs451.Message@2396f08d
receive msg: cs451.Message@38a8c59f
receive msg: cs451.Message@41581e17
receive msg: cs451.Message@327e6da0
receive msg: cs451.Message@2678f1fa
receive msg: cs451.Message@58825c97
receive msg: cs451.Message@592b4936
receive msg: cs451.Message@18792cde
receive msg: cs451.Message@79efe90a
receive msg: cs451.Message@33437444
receive msg: cs451.Message@30a2e9e3
receive msg: cs451.Message@61ec3cf5
receive msg: cs451.Message@67cd3e7b
receive msg: cs451.Message@4f048792
receive msg: cs451.Message@684e9260
receive msg: cs451.Message@68c51008
receive msg: cs451.Message@66f5c58d
receive msg: cs451.Message@da6e6d6
receive msg: cs451.Message@11e7a890
receive msg: cs451.Message@51e2aff4
receive msg: cs451.Message@19f3c1e8
receive msg: cs451.Message@23590456
receive msg: cs451.Message@f568b85
receive msg: cs451.Message@4b0f0894
receive msg: cs451.Message@4c747c9c
receive msg: cs451.Message@27e4aaf0
receive msg: cs451.Message@1cd5072a
receive msg: cs451.Message@2fade78c
receive msg: cs451.Message@4052ee79
receive msg: cs451.Message@42e37fa9
receive msg: cs451.Message@76bbcc88
receive msg: cs451.Message@366ac454
receive msg: cs451.Message@619cd5c6
receive msg: cs451.Message@38dbf06b
receive msg: cs451.Message@102ca474
receive msg: cs451.Message@70848a41
receive msg: cs451.Message@77314372
receive msg: cs451.Message@108ebd57
receive msg: cs451.Message@65f4a436
receive msg: cs451.Message@31f6ec4b
receive msg: cs451.Message@4c2113d4
receive msg: cs451.Message@29a06b02
receive msg: cs451.Message@6935af14
receive msg: cs451.Message@6f2782cd
receive msg: cs451.Message@2b5c934e
receive msg: cs451.Message@18e155c
receive msg: cs451.Message@45075776
receive msg: cs451.Message@16e594f1
receive msg: cs451.Message@59ecb380
receive msg: cs451.Message@28b97914
receive msg: cs451.Message@57fa3792
receive msg: cs451.Message@6d826380
receive msg: cs451.Message@514ead03
receive msg: cs451.Message@325c1fe7
receive msg: cs451.Message@349ce899
receive msg: cs451.Message@4a7c13e9
receive msg: cs451.Message@6efe8910
receive msg: cs451.Message@3c0f100f
receive msg: cs451.Message@6f04ff37
receive msg: cs451.Message@454d4a65
receive msg: cs451.Message@5fe1edd5
receive msg: cs451.Message@1baa114e
receive msg: cs451.Message@531fa84b
receive msg: cs451.Message@7caede2f
receive msg: cs451.Message@2cf10b2a
receive msg: cs451.Message@679a4f9b
receive msg: cs451.Message@4969eed3
receive msg: cs451.Message@43bc0e77
receive msg: cs451.Message@67b0f571
receive msg: cs451.Message@52e3988b
receive msg: cs451.Message@547afb72
receive msg: cs451.Message@7716983c
receive msg: cs451.Message@176df0d2
receive msg: cs451.Message@59041574
receive msg: cs451.Message@5aa6d44d
receive msg: cs451.Message@19b2705d
receive msg: cs451.Message@6121e8d9
receive msg: cs451.Message@18f7ee3c
receive msg: cs451.Message@749f45d3
receive msg: cs451.Message@7ea5f385
receive msg: cs451.Message@102caba8
receive msg: cs451.Message@378d219f
receive msg: cs451.Message@39324b60
receive msg: cs451.Message@68daae18
receive msg: cs451.Message@1dde2940
receive msg: cs451.Message@430162bd
receive msg: cs451.Message@68c358f6
receive msg: cs451.Message@55549198
receive msg: cs451.Message@39ac265b
receive msg: cs451.Message@7170bf59
receive msg: cs451.Message@3064d69
receive msg: cs451.Message@722fd4c0
receive msg: cs451.Message@2ae9ba20
receive msg: cs451.Message@5e174253
receive msg: cs451.Message@6fcb21fd
receive msg: cs451.Message@634e6110
receive msg: cs451.Message@411ffe3
receive msg: cs451.Message@60f030e8
receive msg: cs451.Message@568231c2
receive msg: cs451.Message@46548ce3
receive msg: cs451.Message@4db18d2d
receive msg: cs451.Message@2c278303
receive msg: cs451.Message@6becbb64
receive msg: cs451.Message@93d116e
receive msg: cs451.Message@48243d81
receive msg: cs451.Message@588b901d
receive msg: cs451.Message@56b227f3
receive msg: cs451.Message@3765ea2a
receive msg: cs451.Message@5ec40172
receive msg: cs451.Message@5a4b69cf
receive msg: cs451.Message@1d8150ca
receive msg: cs451.Message@52dddea
receive msg: cs451.Message@7b1c93ac
receive msg: cs451.Message@7a188811
receive msg: cs451.Message@6d088098
receive msg: cs451.Message@621c25e
receive msg: cs451.Message@193fa0c5
receive msg: cs451.Message@27d9fbf3
receive msg: cs451.Message@efca3d0
receive msg: cs451.Message@647b363
receive msg: cs451.Message@629a02e6
receive msg: cs451.Message@af47b25
receive msg: cs451.Message@617dab88
receive msg: cs451.Message@5a9ac06f
receive msg: cs451.Message@682564e8
receive msg: cs451.Message@4121079a
receive msg: cs451.Message@4d0cd5dd
receive msg: cs451.Message@4199edab
receive msg: cs451.Message@258d354
receive msg: cs451.Message@4b8c1952
receive msg: cs451.Message@60859fc3
receive msg: cs451.Message@6e7fd2cd
receive msg: cs451.Message@2a796e25
receive msg: cs451.Message@194b4b1
receive msg: cs451.Message@4da348c7
receive msg: cs451.Message@5dda1204
receive msg: cs451.Message@3cb347dc
receive msg: cs451.Message@18265dc7
receive msg: cs451.Message@4f94cb74
receive msg: cs451.Message@42d3bab0
receive msg: cs451.Message@64789891
receive msg: cs451.Message@4e9a39bc
receive msg: cs451.Message@27bc9470
receive msg: cs451.Message@7865bc0d
receive msg: cs451.Message@58791f80
receive msg: cs451.Message@47b18aea
receive msg: cs451.Message@4ed8978
receive msg: cs451.Message@513dd83c
receive msg: cs451.Message@41a84884
receive msg: cs451.Message@a857c81
receive msg: cs451.Message@624b82e0
receive msg: cs451.Message@5d085aad
receive msg: cs451.Message@5ee7d5e0
receive msg: cs451.Message@7f27cbc9
receive msg: cs451.Message@41c50a4f
receive msg: cs451.Message@5e07ede8
receive msg: cs451.Message@3e2f7b1d
receive msg: cs451.Message@7f978692
receive msg: cs451.Message@16697c5d
receive msg: cs451.Message@7760abd5
receive msg: cs451.Message@32d2d1b7
receive msg: cs451.Message@71327269
receive msg: cs451.Message@2c647386
receive msg: cs451.Message@5ea84bdc
receive msg: cs451.Message@7ad366d7
receive msg: cs451.Message@1810e2de
receive msg: cs451.Message@17e74a19
receive msg: cs451.Message@b8d0592
receive msg: cs451.Message@6a093fea
receive msg: cs451.Message@75102667
receive msg: cs451.Message@580a1d5e
receive msg: cs451.Message@3bc83258
receive msg: cs451.Message@181dbca4
receive msg: cs451.Message@6cca92de
receive msg: cs451.Message@64a292f4
receive msg: cs451.Message@1e0226ca
receive msg: cs451.Message@6b8f4132
receive msg: cs451.Message@53eb72ff
receive msg: cs451.Message@232e7f44
receive msg: cs451.Message@2c15299d
receive msg: cs451.Message@3d826bfc
receive msg: cs451.Message@35f68a39
receive msg: cs451.Message@65f2179c
receive msg: cs451.Message@60ae837e
receive msg: cs451.Message@4eddd91c
receive msg: cs451.Message@4f7b25bc
receive msg: cs451.Message@3ac08538
receive msg: cs451.Message@2e61446d
receive msg: cs451.Message@e546d84
receive msg: cs451.Message@1814ff37
receive msg: cs451.Message@26c35048
receive msg: cs451.Message@2a53ad1
receive msg: cs451.Message@2f304f4c
receive msg: cs451.Message@1062f0da
receive msg: cs451.Message@2c1fa38e
receive msg: cs451.Message@747676e
receive msg: cs451.Message@2a2002e5
receive msg: cs451.Message@2dc3c35b
receive msg: cs451.Message@7c1116be
receive msg: cs451.Message@40516245
receive msg: cs451.Message@6a4c6780
receive msg: cs451.Message@59a6b889
receive msg: cs451.Message@2d76e1e5
receive msg: cs451.Message@667efd44
receive msg: cs451.Message@6f87f66c
receive msg: cs451.Message@30969e5
receive msg: cs451.Message@196ac9a8
receive msg: cs451.Message@8ef931c
receive msg: cs451.Message@588b20fb
receive msg: cs451.Message@10053c4e
receive msg: cs451.Message@5fed906f
receive msg: cs451.Message@2b6e8ffd
receive msg: cs451.Message@2a63fe93
receive msg: cs451.Message@13bd40dd
receive msg: cs451.Message@2060d42d
receive msg: cs451.Message@7f2ea6bb
receive msg: cs451.Message@4a0c58ab
receive msg: cs451.Message@33ce529f
receive msg: cs451.Message@15293977
receive msg: cs451.Message@1f384e17
receive msg: cs451.Message@3759945b
receive msg: cs451.Message@76c26285
receive msg: cs451.Message@2afc1fab
receive msg: cs451.Message@77e9a415
receive msg: cs451.Message@ce91dff
receive msg: cs451.Message@69da90ad
receive msg: cs451.Message@2311db7a
receive msg: cs451.Message@19e20a01
receive msg: cs451.Message@5d20fa27
receive msg: cs451.Message@60c256d6
receive msg: cs451.Message@4d258bbf
receive msg: cs451.Message@441e2218
receive msg: cs451.Message@1eb5197e
receive msg: cs451.Message@6c338898
receive msg: cs451.Message@daa9ed2
receive msg: cs451.Message@3811739d
receive msg: cs451.Message@ed9f308
receive msg: cs451.Message@7edecd03
receive msg: cs451.Message@27db9004
receive msg: cs451.Message@146582f9
receive msg: cs451.Message@55e572ce
receive msg: cs451.Message@5ddb0ba4
receive msg: cs451.Message@267bebab
receive msg: cs451.Message@1e31c7d7
receive msg: cs451.Message@60bca5dd
receive msg: cs451.Message@65bf0445
receive msg: cs451.Message@1ce08dea
receive msg: cs451.Message@cffeede
receive msg: cs451.Message@9e820d1
receive msg: cs451.Message@14689085
receive msg: cs451.Message@c7fc03f
receive msg: cs451.Message@7f854670
receive msg: cs451.Message@37231ff9
receive msg: cs451.Message@679f5d20
receive msg: cs451.Message@159307d4
receive msg: cs451.Message@40f065d0
receive msg: cs451.Message@6f8366e0
receive msg: cs451.Message@72e8506d
receive msg: cs451.Message@7f484443
receive msg: cs451.Message@3c55609f
receive msg: cs451.Message@4815b593
receive msg: cs451.Message@78ceffc4
receive msg: cs451.Message@4519c6c2
receive msg: cs451.Message@52df1766
receive msg: cs451.Message@37038983
receive msg: cs451.Message@383c6078
receive msg: cs451.Message@33189e6b
receive msg: cs451.Message@19d6db49
receive msg: cs451.Message@32b21661
receive msg: cs451.Message@69569fef
receive msg: cs451.Message@1e4abf68
receive msg: cs451.Message@3169337b
receive msg: cs451.Message@134a3a29
receive msg: cs451.Message@4e3e6648
receive msg: cs451.Message@5442118
receive msg: cs451.Message@7d4e2820
receive msg: cs451.Message@3f17ced2
receive msg: cs451.Message@2a6f35e
receive msg: cs451.Message@264e5ef3
receive msg: cs451.Message@2a4d6d32
receive msg: cs451.Message@2b2d47f7
receive msg: cs451.Message@1e246dcf
receive msg: cs451.Message@4a49013e
receive msg: cs451.Message@bacd1b8
receive msg: cs451.Message@4a7f2dc5
receive msg: cs451.Message@77887b50
receive msg: cs451.Message@75cad46e
receive msg: cs451.Message@1806fa7e
receive msg: cs451.Message@2ba4edbe
receive msg: cs451.Message@1f425161
receive msg: cs451.Message@3c889f43
receive msg: cs451.Message@137257a6
receive msg: cs451.Message@1f37916b
receive msg: cs451.Message@12f302b5
receive msg: cs451.Message@6a79f52f
receive msg: cs451.Message@6bb740a1
receive msg: cs451.Message@48a82875
receive msg: cs451.Message@42c46d7f
receive msg: cs451.Message@67312885
receive msg: cs451.Message@36d2ce8a
receive msg: cs451.Message@3f30b3a5
receive msg: cs451.Message@5e7e9ea9
receive msg: cs451.Message@3065e0e3
receive msg: cs451.Message@10e3defb
receive msg: cs451.Message@2a74ead9
receive msg: cs451.Message@55b2e8
receive msg: cs451.Message@1f2838f9
receive msg: cs451.Message@113239e1
receive msg: cs451.Message@1c9d2b3c
receive msg: cs451.Message@317218b5
receive msg: cs451.Message@6f430192
receive msg: cs451.Message@6fbed0aa
receive msg: cs451.Message@1a8fc2aa
receive msg: cs451.Message@3b99c6fe
receive msg: cs451.Message@4c210f8e
receive msg: cs451.Message@5503bd20
receive msg: cs451.Message@31fdbfb8
receive msg: cs451.Message@4426214f
receive msg: cs451.Message@3f0b3a
receive msg: cs451.Message@489d5ca0
receive msg: cs451.Message@14412a74
receive msg: cs451.Message@61184dea
receive msg: cs451.Message@1986ec28
receive msg: cs451.Message@3b5ccbe4
receive msg: cs451.Message@26d34471
receive msg: cs451.Message@5872a5c
receive msg: cs451.Message@2b4e6168
receive msg: cs451.Message@76108c0e
receive msg: cs451.Message@4a5cbe71
receive msg: cs451.Message@76b5b8ac
receive msg: cs451.Message@2ea8c233
receive msg: cs451.Message@5c2a5b14
receive msg: cs451.Message@73aac9d6
receive msg: cs451.Message@28816fd7
receive msg: cs451.Message@40d089ae
receive msg: cs451.Message@4e2c985b
receive msg: cs451.Message@6bed1c31
receive msg: cs451.Message@4831294c
receive msg: cs451.Message@ce8541d
receive msg: cs451.Message@26aceb9b
receive msg: cs451.Message@252377eb
receive msg: cs451.Message@6419514a
receive msg: cs451.Message@2a9fb968
receive msg: cs451.Message@6b2e7f93
receive msg: cs451.Message@550cc132
receive msg: cs451.Message@7bb149d8
receive msg: cs451.Message@2c32fb3f
receive msg: cs451.Message@34f8cbcd
receive msg: cs451.Message@74e9931
receive msg: cs451.Message@76c0ff89
receive msg: cs451.Message@4d90096d
receive msg: cs451.Message@3fc405b1
receive msg: cs451.Message@4cb08469
receive msg: cs451.Message@3d7d06c1
receive msg: cs451.Message@706bab62
receive msg: cs451.Message@6f1dc153
receive msg: cs451.Message@27468315
receive msg: cs451.Message@7258c232
receive msg: cs451.Message@5f4547a0
receive msg: cs451.Message@5e530242
receive msg: cs451.Message@4d1e7cb6
receive msg: cs451.Message@79e36e75
receive msg: cs451.Message@cee4eae
receive msg: cs451.Message@4a690c63
receive msg: cs451.Message@742c3254
receive msg: cs451.Message@165e7a62
receive msg: cs451.Message@683bdd39
receive msg: cs451.Message@6a33de49
receive msg: cs451.Message@7f18efc9
receive msg: cs451.Message@1a700722
receive msg: cs451.Message@2c94d340
receive msg: cs451.Message@5821910d
receive msg: cs451.Message@60ff4b67
receive msg: cs451.Message@7aac194d
receive msg: cs451.Message@70a8cb8b
receive msg: cs451.Message@24d5956a
receive msg: cs451.Message@3eeb56e4
receive msg: cs451.Message@24974605
receive msg: cs451.Message@1255258f
receive msg: cs451.Message@1a239c6a
receive msg: cs451.Message@7e1bb5bc
receive msg: cs451.Message@60227314
receive msg: cs451.Message@5be04bc2
receive msg: cs451.Message@5d264c18
receive msg: cs451.Message@7e33a455
receive msg: cs451.Message@d7ad254
receive msg: cs451.Message@549d3662
receive msg: cs451.Message@3bb4f665
receive msg: cs451.Message@58c6ec4a
receive msg: cs451.Message@3f57d74
receive msg: cs451.Message@3e66654e
receive msg: cs451.Message@22fdbb39
receive msg: cs451.Message@4d36b790
receive msg: cs451.Message@65006d9f
receive msg: cs451.Message@68412864
receive msg: cs451.Message@272a6226
receive msg: cs451.Message@5fd8cb64
receive msg: cs451.Message@39522995
receive msg: cs451.Message@58b124d3
receive msg: cs451.Message@2c7e56b1
receive msg: cs451.Message@35e43bb1
receive msg: cs451.Message@1d52a219
receive msg: cs451.Message@4c949adc
receive msg: cs451.Message@12819621
receive msg: cs451.Message@6ac1e73
receive msg: cs451.Message@ee636d5
receive msg: cs451.Message@66cc0faf
receive msg: cs451.Message@78e2adc9
receive msg: cs451.Message@1edb7b20
receive msg: cs451.Message@21b4b6b0
receive msg: cs451.Message@2703745e
receive msg: cs451.Message@4ae21992
receive msg: cs451.Message@f256995
receive msg: cs451.Message@ba04ff7
receive msg: cs451.Message@373d6b59
receive msg: cs451.Message@6d49caa5
receive msg: cs451.Message@49846f58
receive msg: cs451.Message@40525e68
receive msg: cs451.Message@1ce98298
receive msg: cs451.Message@3fd67f42
receive msg: cs451.Message@55c2294f
receive msg: cs451.Message@7318c81
receive msg: cs451.Message@579c23bd
receive msg: cs451.Message@5b3c7a63
receive msg: cs451.Message@1f70a81a
receive msg: cs451.Message@142e6af1
receive msg: cs451.Message@22993202
receive msg: cs451.Message@1aceab50
receive msg: cs451.Message@e4e06b
receive msg: cs451.Message@677a7b64
receive msg: cs451.Message@c184cab
receive msg: cs451.Message@63e3e253
receive msg: cs451.Message@4423a1fc
receive msg: cs451.Message@70b64347
receive msg: cs451.Message@3e8534ee
receive msg: cs451.Message@4288a817
receive msg: cs451.Message@1b7dcdfb
receive msg: cs451.Message@599309a8
receive msg: cs451.Message@4e267430
receive msg: cs451.Message@49e9a5f3
receive msg: cs451.Message@3c8eab20
receive msg: cs451.Message@7d113b50
receive msg: cs451.Message@eb4736
receive msg: cs451.Message@429bce5
receive msg: cs451.Message@4db7c0eb
receive msg: cs451.Message@3988b9b6
receive msg: cs451.Message@63008b46
receive msg: cs451.Message@2a87cd57
receive msg: cs451.Message@59c4f074
receive msg: cs451.Message@257db7f3
receive msg: cs451.Message@42c042a1
receive msg: cs451.Message@56b9d2db
receive msg: cs451.Message@2880df28
receive msg: cs451.Message@600a27e4
receive msg: cs451.Message@209fa40e
receive msg: cs451.Message@38a895cc
receive msg: cs451.Message@167f646e
receive msg: cs451.Message@27fb5442
receive msg: cs451.Message@7a192b67
receive msg: cs451.Message@6e3c71d
receive msg: cs451.Message@6b528fbb
receive msg: cs451.Message@16768fd7
receive msg: cs451.Message@2507cc6d
receive msg: cs451.Message@3dc42cff
receive msg: cs451.Message@429443ab
receive msg: cs451.Message@60be6419
receive msg: cs451.Message@7b41b8c7
receive msg: cs451.Message@677ec084
receive msg: cs451.Message@7974edb
receive msg: cs451.Message@141a6c9c
receive msg: cs451.Message@62eb7958
receive msg: cs451.Message@7380ff61
receive msg: cs451.Message@4e5c965c
receive msg: cs451.Message@9657d87
receive msg: cs451.Message@30fdf44a
receive msg: cs451.Message@44727ec3
receive msg: cs451.Message@6eb6fe67
receive msg: cs451.Message@4c9d2f73
receive msg: cs451.Message@131ddd0e
receive msg: cs451.Message@44ce2dc8
receive msg: cs451.Message@1dd2b6f0
receive msg: cs451.Message@3891f48e
receive msg: cs451.Message@4519ab3f
receive msg: cs451.Message@700c6e39
receive msg: cs451.Message@786123fe
receive msg: cs451.Message@4fe38df8
receive msg: cs451.Message@472b9768
receive msg: cs451.Message@54c55412
receive msg: cs451.Message@254af3a7
receive msg: cs451.Message@769526bb
receive msg: cs451.Message@6d9e7fd6
receive msg: cs451.Message@1385d3b3
receive msg: cs451.Message@61a0cdaf
receive msg: cs451.Message@3e5f8fde
receive msg: cs451.Message@20a1370c
receive msg: cs451.Message@1d8460e0
receive msg: cs451.Message@7aae1b4a
receive msg: cs451.Message@38cd5abe
receive msg: cs451.Message@11fd03fc
receive msg: cs451.Message@2f40f243
receive msg: cs451.Message@25bed8aa
receive msg: cs451.Message@77746e09
receive msg: cs451.Message@eef71f8
receive msg: cs451.Message@2695588c
receive msg: cs451.Message@753daf7c
receive msg: cs451.Message@216d93f4
receive msg: cs451.Message@54f85690
receive msg: cs451.Message@582535bb
receive msg: cs451.Message@407b278c
receive msg: cs451.Message@d44fe44
receive msg: cs451.Message@1b9e65aa
receive msg: cs451.Message@6ae7138f
receive msg: cs451.Message@73b91e18
receive msg: cs451.Message@592578f5
receive msg: cs451.Message@31fef54e
receive msg: cs451.Message@63d7e395
receive msg: cs451.Message@58257829
receive msg: cs451.Message@2ab55108
receive msg: cs451.Message@6c279595
receive msg: cs451.Message@303018cf
receive msg: cs451.Message@4327dad0
receive msg: cs451.Message@431afead
receive msg: cs451.Message@13c14066
receive msg: cs451.Message@2307d4b1
receive msg: cs451.Message@5e8b7b5b
receive msg: cs451.Message@4af009b1
receive msg: cs451.Message@532ba2f9
receive msg: cs451.Message@4e944671
receive msg: cs451.Message@4bc0ad5b
receive msg: cs451.Message@1378813
receive msg: cs451.Message@f85cea6
receive msg: cs451.Message@634ea6e9
receive msg: cs451.Message@2d2a75ae
receive msg: cs451.Message@10600708
receive msg: cs451.Message@31b11b5c
receive msg: cs451.Message@27de9a6d
receive msg: cs451.Message@59a70c3d
receive msg: cs451.Message@496f1846
receive msg: cs451.Message@703d91cc
receive msg: cs451.Message@23637054
receive msg: cs451.Message@42c446e1
receive msg: cs451.Message@73d8dbd7
receive msg: cs451.Message@6f779791
receive msg: cs451.Message@572eabfb
receive msg: cs451.Message@373d0cb1
receive msg: cs451.Message@28e6fe2
receive msg: cs451.Message@5196ab3d
receive msg: cs451.Message@7345a387
receive msg: cs451.Message@2cc261da
receive msg: cs451.Message@5dc2eadf
receive msg: cs451.Message@39e97d19
receive msg: cs451.Message@676eb838
receive msg: cs451.Message@589dd9be
receive msg: cs451.Message@12c34460
receive msg: cs451.Message@60b0f294
receive msg: cs451.Message@728d29c2
receive msg: cs451.Message@44eb4e04
receive msg: cs451.Message@4c03f2bd
receive msg: cs451.Message@2bc09dfb
receive msg: cs451.Message@30986278
receive msg: cs451.Message@2e9d8101
receive msg: cs451.Message@7dd80875
receive msg: cs451.Message@52d87d70
receive msg: cs451.Message@21204ef1
receive msg: cs451.Message@6377465d
receive msg: cs451.Message@5ed171e6
receive msg: cs451.Message@4ff3b4b1
receive msg: cs451.Message@6c072c78
receive msg: cs451.Message@359bda0b
receive msg: cs451.Message@6010c31f
receive msg: cs451.Message@3294b590
receive msg: cs451.Message@67253b56
receive msg: cs451.Message@c85ee3b
receive msg: cs451.Message@6aebdc8f
receive msg: cs451.Message@7d44dc77
receive msg: cs451.Message@3375b702
receive msg: cs451.Message@10a27361
receive msg: cs451.Message@2499da5e
receive msg: cs451.Message@7fe51dde
receive msg: cs451.Message@61b66887
receive msg: cs451.Message@628c26ab
receive msg: cs451.Message@82d4b8e
receive msg: cs451.Message@5ff1bcb8
receive msg: cs451.Message@dd11591
receive msg: cs451.Message@e6bc3fe
receive msg: cs451.Message@6cf89886
receive msg: cs451.Message@3e3efddd
receive msg: cs451.Message@3b460a16
receive msg: cs451.Message@6be25ab3
receive msg: cs451.Message@4376c3e1
receive msg: cs451.Message@aef1e47
receive msg: cs451.Message@172a3b6
receive msg: cs451.Message@783c56e9
receive msg: cs451.Message@d20fbc4
receive msg: cs451.Message@7fcfc101
receive msg: cs451.Message@6b34a25d
receive msg: cs451.Message@71253acc
receive msg: cs451.Message@7bd101f7
receive msg: cs451.Message@7a971045
receive msg: cs451.Message@347f7300
receive msg: cs451.Message@6c54cc19
receive msg: cs451.Message@1ff9a6dd
receive msg: cs451.Message@5d2e885f
receive msg: cs451.Message@12860789
receive msg: cs451.Message@587825c4
receive msg: cs451.Message@a65af58
receive msg: cs451.Message@23a0a23b
receive msg: cs451.Message@1b85389
receive msg: cs451.Message@1877107f
receive msg: cs451.Message@3fcf6346
receive msg: cs451.Message@1958bffe
receive msg: cs451.Message@5a3f9347
receive msg: cs451.Message@7a6b9497
receive msg: cs451.Message@3e7a1dcf
receive msg: cs451.Message@6281e2b1
receive msg: cs451.Message@4402f00d
receive msg: cs451.Message@62eb0b36
receive msg: cs451.Message@c11e6c1
receive msg: cs451.Message@61680998
receive msg: cs451.Message@32391f20
receive msg: cs451.Message@83100ea
receive msg: cs451.Message@b15c8c3
receive msg: cs451.Message@2a1024f0
receive msg: cs451.Message@50aafe8d
receive msg: cs451.Message@501c9222
receive msg: cs451.Message@75ea0b32
receive msg: cs451.Message@5e7696db
receive msg: cs451.Message@592f450e
receive msg: cs451.Message@6d96518b
receive msg: cs451.Message@48006490
receive msg: cs451.Message@22aaf305
receive msg: cs451.Message@10ed56b
receive msg: cs451.Message@5e4bc6c8
receive msg: cs451.Message@15a40d75
receive msg: cs451.Message@6063f61f
receive msg: cs451.Message@17b1d2f5
receive msg: cs451.Message@17cc2b4d
receive msg: cs451.Message@22b64364
receive msg: cs451.Message@5d1a8a23
receive msg: cs451.Message@44a5cd0f
receive msg: cs451.Message@32451095
receive msg: cs451.Message@22f8d8da
receive msg: cs451.Message@2bba0534
receive msg: cs451.Message@411d78f9
receive msg: cs451.Message@5bc609f7
receive msg: cs451.Message@3f1c345d
receive msg: cs451.Message@4474152f
receive msg: cs451.Message@6e0477e8
receive msg: cs451.Message@5e6526e
receive msg: cs451.Message@5b062053
receive msg: cs451.Message@3f3f8b71
receive msg: cs451.Message@72490049
receive msg: cs451.Message@458b494c
receive msg: cs451.Message@2f65fd16
receive msg: cs451.Message@6cc28f88
receive msg: cs451.Message@56338111
receive msg: cs451.Message@49ed73b2
receive msg: cs451.Message@49e0aad4
receive msg: cs451.Message@3126d2af
receive msg: cs451.Message@7b57e693
receive msg: cs451.Message@59857aa8
receive msg: cs451.Message@157fdd46
receive msg: cs451.Message@12cbd6ec
receive msg: cs451.Message@566cd958
receive msg: cs451.Message@24ceb907
receive msg: cs451.Message@4f30d535
receive msg: cs451.Message@3800689
receive msg: cs451.Message@3316b9b8
receive msg: cs451.Message@62c1385c
receive msg: cs451.Message@2b11c04c
receive msg: cs451.Message@28a62fe9
receive msg: cs451.Message@2efb983c
receive msg: cs451.Message@45134667
receive msg: cs451.Message@6025ed29
receive msg: cs451.Message@79654fa3
receive msg: cs451.Message@bad02cb
receive msg: cs451.Message@54d24da7
receive msg: cs451.Message@1b51beb1
receive msg: cs451.Message@481af22f
receive msg: cs451.Message@2b421abd
receive msg: cs451.Message@6dbbc507
receive msg: cs451.Message@7b894a37
receive msg: cs451.Message@649d44e3
receive msg: cs451.Message@5fb13d3f
receive msg: cs451.Message@6c115833
receive msg: cs451.Message@5df87f74
receive msg: cs451.Message@534c9274
receive msg: cs451.Message@5c205e7
receive msg: cs451.Message@63f405ac
receive msg: cs451.Message@7d69d579
receive msg: cs451.Message@4a812792
receive msg: cs451.Message@5ff9ee18
receive msg: cs451.Message@1ce3592e
receive msg: cs451.Message@2f9295d6
receive msg: cs451.Message@6cec9a01
receive msg: cs451.Message@7cf520aa
receive msg: cs451.Message@7a592c33
receive msg: cs451.Message@41de2a8b
receive msg: cs451.Message@496a8c23
receive msg: cs451.Message@1c4f15d4
receive msg: cs451.Message@2f449ada
receive msg: cs451.Message@1f7e67cb
receive msg: cs451.Message@2e8eb93
receive msg: cs451.Message@666dbfaf
receive msg: cs451.Message@6df46bf2
receive msg: cs451.Message@1d819b8
receive msg: cs451.Message@4429de63
receive msg: cs451.Message@4fb2818e
receive msg: cs451.Message@1d7d871
receive msg: cs451.Message@4003042a
receive msg: cs451.Message@4ad3108f
receive msg: cs451.Message@11b656aa
receive msg: cs451.Message@2e9d00bd
receive msg: cs451.Message@76e76310
receive msg: cs451.Message@2462422b
receive msg: cs451.Message@742430b
receive msg: cs451.Message@419c33b6
receive msg: cs451.Message@cae2776
receive msg: cs451.Message@3aeb5fd2
receive msg: cs451.Message@2fa4099f
receive msg: cs451.Message@f059e5e
receive msg: cs451.Message@726d9d5f
receive msg: cs451.Message@1298590f
receive msg: cs451.Message@1dff4232
receive msg: cs451.Message@3e2bc8bd
receive msg: cs451.Message@20323d42
receive msg: cs451.Message@70b2486a
receive msg: cs451.Message@173b6a9c
receive msg: cs451.Message@77b536e6
receive msg: cs451.Message@46dccd7f
receive msg: cs451.Message@244f3cd6
receive msg: cs451.Message@686ccd49
receive msg: cs451.Message@36b0d4a4
receive msg: cs451.Message@16275038
receive msg: cs451.Message@4b5377a6
receive msg: cs451.Message@45dbed00
receive msg: cs451.Message@757e04eb
receive msg: cs451.Message@59f42cec
receive msg: cs451.Message@94a9e33
receive msg: cs451.Message@1363d1f7
receive msg: cs451.Message@163fd62c
receive msg: cs451.Message@6ed40b4b
receive msg: cs451.Message@33b2bba4
receive msg: cs451.Message@3e53284c
receive msg: cs451.Message@5635071c
receive msg: cs451.Message@1875d0c2
receive msg: cs451.Message@3e3c37f3
receive msg: cs451.Message@190a7930
receive msg: cs451.Message@67f980ea
receive msg: cs451.Message@513cbf17
receive msg: cs451.Message@ee0996c
receive msg: cs451.Message@44e9a279
receive msg: cs451.Message@6fbc94de
receive msg: cs451.Message@5bcc5a39
receive msg: cs451.Message@51ed93d5
receive msg: cs451.Message@589e19fb
receive msg: cs451.Message@530f6c52
receive msg: cs451.Message@6aabf998
receive msg: cs451.Message@5765bc23
receive msg: cs451.Message@7f9c36f5
receive msg: cs451.Message@5759a8a8
receive msg: cs451.Message@620bece2
receive msg: cs451.Message@1875d024
receive msg: cs451.Message@6c06641
receive msg: cs451.Message@1cc682d9
receive msg: cs451.Message@2117015f
receive msg: cs451.Message@175501a9
receive msg: cs451.Message@12228f6c
receive msg: cs451.Message@3a5a17bb
receive msg: cs451.Message@23dee456
receive msg: cs451.Message@1cb9f1cd
receive msg: cs451.Message@1ae644d9
receive msg: cs451.Message@706b6ff1
receive msg: cs451.Message@2443c9fe
receive msg: cs451.Message@77a77322
receive msg: cs451.Message@5f4f3183
receive msg: cs451.Message@7470c97c
receive msg: cs451.Message@4ec6f235
receive msg: cs451.Message@2b4b6ac
receive msg: cs451.Message@24514c50
receive msg: cs451.Message@56984a8f
receive msg: cs451.Message@2f364d33
receive msg: cs451.Message@8108faf
receive msg: cs451.Message@260d6131
receive msg: cs451.Message@32558b4d
receive msg: cs451.Message@2f1707e1
receive msg: cs451.Message@2376985b
receive msg: cs451.Message@6ebf71ed
receive msg: cs451.Message@702e8094
receive msg: cs451.Message@6791a97f
receive msg: cs451.Message@70b24196
receive msg: cs451.Message@65976674
receive msg: cs451.Message@61b96072
receive msg: cs451.Message@b09e76b
receive msg: cs451.Message@6955a96d
receive msg: cs451.Message@372fd6f5
receive msg: cs451.Message@1d3f9a92
receive msg: cs451.Message@594904e1
receive msg: cs451.Message@1d13c064
receive msg: cs451.Message@54c2354d
receive msg: cs451.Message@3548ce4d
receive msg: cs451.Message@24b7ba09
receive msg: cs451.Message@27a44e1b
receive msg: cs451.Message@62097fff
receive msg: cs451.Message@11c0ff55
receive msg: cs451.Message@83e6896
receive msg: cs451.Message@def3b1c
receive msg: cs451.Message@24b05bd9
receive msg: cs451.Message@329c324d
receive msg: cs451.Message@499d9650
receive msg: cs451.Message@3d5e73a4
receive msg: cs451.Message@1b969945
receive msg: cs451.Message@484bce20
receive msg: cs451.Message@6dc1ee6f
receive msg: cs451.Message@234c7320
receive msg: cs451.Message@cbf9abd
receive msg: cs451.Message@1a137fc4
receive msg: cs451.Message@78c3587f
receive msg: cs451.Message@3856f134
receive msg: cs451.Message@484ceef1
receive msg: cs451.Message@49205563
receive msg: cs451.Message@2b42ec98
receive msg: cs451.Message@24127795
receive msg: cs451.Message@b062e80
receive msg: cs451.Message@4046e9ce
receive msg: cs451.Message@7cdcfb72
receive msg: cs451.Message@4bc585a3
receive msg: cs451.Message@718dc075
receive msg: cs451.Message@6724f13
receive msg: cs451.Message@1dee23c4
receive msg: cs451.Message@7ae14547
receive msg: cs451.Message@65f0ac06
receive msg: cs451.Message@716e6d7c
receive msg: cs451.Message@1d729096
receive msg: cs451.Message@6dc93502
receive msg: cs451.Message@d392421
receive msg: cs451.Message@f3ebd77
receive msg: cs451.Message@6c17a26
receive msg: cs451.Message@22042ed9
receive msg: cs451.Message@66581e94
receive msg: cs451.Message@1cf7c22d
receive msg: cs451.Message@116a9bdf
receive msg: cs451.Message@121b1dcd
receive msg: cs451.Message@34111da4
receive msg: cs451.Message@165557a1
receive msg: cs451.Message@532492d7
receive msg: cs451.Message@199b180b
receive msg: cs451.Message@25dbdaa1
receive msg: cs451.Message@190f79e4
receive msg: cs451.Message@6ecaf238
receive msg: cs451.Message@2f50f4aa
receive msg: cs451.Message@54252d33
receive msg: cs451.Message@3607be0a
receive msg: cs451.Message@fe5c1c0
receive msg: cs451.Message@27b89132
receive msg: cs451.Message@5a897c43
receive msg: cs451.Message@51f57ef6
receive msg: cs451.Message@703f5ec9
receive msg: cs451.Message@136d60fd
receive msg: cs451.Message@2976db7
receive msg: cs451.Message@786fb1dd
receive msg: cs451.Message@722c610f
receive msg: cs451.Message@a3e9d3f
receive msg: cs451.Message@33fda31a
receive msg: cs451.Message@36190de1
receive msg: cs451.Message@27ac2634
receive msg: cs451.Message@5905909b
receive msg: cs451.Message@7be0dd2
receive msg: cs451.Message@79b67ec1
receive msg: cs451.Message@3f6d6a45
receive msg: cs451.Message@4a99a47b
receive msg: cs451.Message@3dbee067
receive msg: cs451.Message@7734c167
receive msg: cs451.Message@235fb286
receive msg: cs451.Message@246270ea
receive msg: cs451.Message@6e9501d9
receive msg: cs451.Message@3f7bda95
receive msg: cs451.Message@616e947e
receive msg: cs451.Message@563c4d99
receive msg: cs451.Message@10e1154e
receive msg: cs451.Message@71afcab5
receive msg: cs451.Message@64f77d9a
receive msg: cs451.Message@5013a418
receive msg: cs451.Message@48409031
receive msg: cs451.Message@473511ee
receive msg: cs451.Message@18f1af3f
receive msg: cs451.Message@558feb5d
receive msg: cs451.Message@198228c5
receive msg: cs451.Message@76d7f07a
receive msg: cs451.Message@634a31c8
receive msg: cs451.Message@4935fbff
receive msg: cs451.Message@41f9361c
receive msg: cs451.Message@8e44a79
receive msg: cs451.Message@3a92fedc
receive msg: cs451.Message@5c9e0072
receive msg: cs451.Message@545f942b
receive msg: cs451.Message@7ec2bb5b
receive msg: cs451.Message@538bde41
receive msg: cs451.Message@7fbac9d2
receive msg: cs451.Message@576cf4c2
receive msg: cs451.Message@3c9f8517
receive msg: cs451.Message@316b3d13
receive msg: cs451.Message@183696b5
receive msg: cs451.Message@28ccab95
receive msg: cs451.Message@683b34a6
receive msg: cs451.Message@d00f17
receive msg: cs451.Message@2c7fa286
receive msg: cs451.Message@6122249f
receive msg: cs451.Message@508db219
receive msg: cs451.Message@5025a7a8
receive msg: cs451.Message@11f54b8
receive msg: cs451.Message@71698ed8
receive msg: cs451.Message@4c49e796
receive msg: cs451.Message@312c1150
receive msg: cs451.Message@4a6d3959
receive msg: cs451.Message@774f7182
receive msg: cs451.Message@74394daa
receive msg: cs451.Message@25ce64ec
receive msg: cs451.Message@6ca26fd
receive msg: cs451.Message@a8584c7
receive msg: cs451.Message@34efdc20
receive msg: cs451.Message@62d02755
receive msg: cs451.Message@357a183c
receive msg: cs451.Message@137f01e8
receive msg: cs451.Message@59bbc17b
receive msg: cs451.Message@3ab2af96
receive msg: cs451.Message@5fecfb04
receive msg: cs451.Message@34f7c150
receive msg: cs451.Message@33c06eac
receive msg: cs451.Message@1c21a95d
receive msg: cs451.Message@242d5506
receive msg: cs451.Message@2e5afd92
receive msg: cs451.Message@1e5f43fb
receive msg: cs451.Message@fa57a2c
receive msg: cs451.Message@41ee9bbb
receive msg: cs451.Message@38a15879
receive msg: cs451.Message@5c85840d
receive msg: cs451.Message@78d5e1ab
receive msg: cs451.Message@4d539e49
receive msg: cs451.Message@7f03750a
receive msg: cs451.Message@fd6230b
receive msg: cs451.Message@58d953e3
receive msg: cs451.Message@9292f67
receive msg: cs451.Message@6d66a06d
receive msg: cs451.Message@539608b1
receive msg: cs451.Message@41421f6b
receive msg: cs451.Message@1505233
receive msg: cs451.Message@59edffbc
receive msg: cs451.Message@3a5db7b0
receive msg: cs451.Message@6bb55ed7
receive msg: cs451.Message@68f74858
receive msg: cs451.Message@5e514ae5
receive msg: cs451.Message@9e686a8
receive msg: cs451.Message@48e432a5
receive msg: cs451.Message@1a831669
receive msg: cs451.Message@4ed171be
receive msg: cs451.Message@73bf6d0a
receive msg: cs451.Message@1a2718c2
receive msg: cs451.Message@181575b1
receive msg: cs451.Message@5d8cab8c
receive msg: cs451.Message@55535a0a
receive msg: cs451.Message@7790a96a
receive msg: cs451.Message@449bf2d4
receive msg: cs451.Message@7cf3e100
receive msg: cs451.Message@333f779e
receive msg: cs451.Message@4196436a
receive msg: cs451.Message@5a0004de
receive msg: cs451.Message@3998157f
receive msg: cs451.Message@71531655
receive msg: cs451.Message@2ad8606
receive msg: cs451.Message@58d15479
receive msg: cs451.Message@211b81f1
receive msg: cs451.Message@4813ca39
receive msg: cs451.Message@26e0e88b
receive msg: cs451.Message@744002b2
receive msg: cs451.Message@92901c2
receive msg: cs451.Message@5fbd50dc
receive msg: cs451.Message@7e384f10
receive msg: cs451.Message@a9987f7
receive msg: cs451.Message@4b7fa077
receive msg: cs451.Message@7ef12274
receive msg: cs451.Message@420db275
receive msg: cs451.Message@4ed23fc
receive msg: cs451.Message@3227470e
receive msg: cs451.Message@45b231bc
receive msg: cs451.Message@6a03ad65
receive msg: cs451.Message@79c811a
receive msg: cs451.Message@f0bb9d0
receive msg: cs451.Message@5b60565c
receive msg: cs451.Message@2cffb0d0
receive msg: cs451.Message@4f086004
receive msg: cs451.Message@1d9f850c
receive msg: cs451.Message@4414f255
receive msg: cs451.Message@153ca337
receive msg: cs451.Message@19b8f9d4
receive msg: cs451.Message@786ea80a
receive msg: cs451.Message@1b8b7b08
receive msg: cs451.Message@6bde4655
receive msg: cs451.Message@357664a3
receive msg: cs451.Message@3855a4ff
receive msg: cs451.Message@7846dbc6
receive msg: cs451.Message@6133c675
receive msg: cs451.Message@6766e58c
receive msg: cs451.Message@7201c7c3
receive msg: cs451.Message@3c57baae
receive msg: cs451.Message@43a8c33f
receive msg: cs451.Message@13b20443
receive msg: cs451.Message@6ff1e629
receive msg: cs451.Message@6e72a3b3
receive msg: cs451.Message@6bc62479
receive msg: cs451.Message@68d5a55e
receive msg: cs451.Message@8f5d6c3
receive msg: cs451.Message@73618355
receive msg: cs451.Message@29de94ac
receive msg: cs451.Message@6c642b9c
receive msg: cs451.Message@4a81bb1d
receive msg: cs451.Message@3505e233
receive msg: cs451.Message@68237bcb
receive msg: cs451.Message@25d69598
receive msg: cs451.Message@62c89b6c
receive msg: cs451.Message@7846f97c
receive msg: cs451.Message@b48389c
receive msg: cs451.Message@1aa31638
receive msg: cs451.Message@3c96edfb
receive msg: cs451.Message@73d46e0c
receive msg: cs451.Message@39123432
receive msg: cs451.Message@3b82f7fe
receive msg: cs451.Message@30702c40
receive msg: cs451.Message@6004904c
receive msg: cs451.Message@481f8bda
receive msg: cs451.Message@648ea820
receive msg: cs451.Message@55ad9add
receive msg: cs451.Message@116fe6d4
receive msg: cs451.Message@251afe78
receive msg: cs451.Message@34c49d53
receive msg: cs451.Message@d869264
receive msg: cs451.Message@63b18c46
receive msg: cs451.Message@11aa5776
receive msg: cs451.Message@1946e15
receive msg: cs451.Message@38b8d9f1
receive msg: cs451.Message@5784a11c
receive msg: cs451.Message@14565d7d
receive msg: cs451.Message@36906d24
receive msg: cs451.Message@48995d56
receive msg: cs451.Message@3a678918
receive msg: cs451.Message@1cfc969c
receive msg: cs451.Message@2930316a
receive msg: cs451.Message@2b41baf7
receive msg: cs451.Message@2de8c9ce
receive msg: cs451.Message@55d8f299
receive msg: cs451.Message@7d4b2229
receive msg: cs451.Message@5b7bb975
receive msg: cs451.Message@30b6bd6d
receive msg: cs451.Message@2268ddd8
receive msg: cs451.Message@616e9d6
receive msg: cs451.Message@a04870
receive msg: cs451.Message@5f8c0dc
receive msg: cs451.Message@611a5ba6
receive msg: cs451.Message@50f3560a
receive msg: cs451.Message@521267ac
receive msg: cs451.Message@112fa312
receive msg: cs451.Message@225b0dfa
receive msg: cs451.Message@68525cbd
receive msg: cs451.Message@293c691c
receive msg: cs451.Message@4567781a
receive msg: cs451.Message@3f298991
receive msg: cs451.Message@45e49d7d
receive msg: cs451.Message@fda7854
receive msg: cs451.Message@7183661d
receive msg: cs451.Message@2150cbd
receive msg: cs451.Message@63fb66f7
receive msg: cs451.Message@3fbfaa04
receive msg: cs451.Message@55669060
receive msg: cs451.Message@7f3c0e95
receive msg: cs451.Message@4748135b
receive msg: cs451.Message@5656e3c
receive msg: cs451.Message@64e11b60
receive msg: cs451.Message@7b36f9cf
receive msg: cs451.Message@7c63ff39
receive msg: cs451.Message@52596a07
receive msg: cs451.Message@3e0f4137
receive msg: cs451.Message@72bb3fb8
receive msg: cs451.Message@11429ce1
receive msg: cs451.Message@8d2c59c
receive msg: cs451.Message@4c902b48
receive msg: cs451.Message@677d8b9d
receive msg: cs451.Message@62ddb607
receive msg: cs451.Message@7c3d61e5
receive msg: cs451.Message@31bacf41
receive msg: cs451.Message@3a108b88
receive msg: cs451.Message@35f27f43
receive msg: cs451.Message@22570251
receive msg: cs451.Message@4570119d
receive msg: cs451.Message@7b029e70
receive msg: cs451.Message@5dacfe34
receive msg: cs451.Message@47f32a5a
receive msg: cs451.Message@2ca37c0
receive msg: cs451.Message@6d54d8f7
receive msg: cs451.Message@57b3d637
receive msg: cs451.Message@94c9761
receive msg: cs451.Message@5a6bc5bf
receive msg: cs451.Message@11332d65
receive msg: cs451.Message@5878431a
receive msg: cs451.Message@356220eb
receive msg: cs451.Message@31a04dc5
receive msg: cs451.Message@39701691
receive msg: cs451.Message@238af236
receive msg: cs451.Message@74bebd4
receive msg: cs451.Message@34b6509d
receive msg: cs451.Message@d4b1c04
receive msg: cs451.Message@792454d9
receive msg: cs451.Message@21e91562
receive msg: cs451.Message@27dd9b7a
receive msg: cs451.Message@72a308b9
receive msg: cs451.Message@29fa08a8
receive msg: cs451.Message@40d14af0
receive msg: cs451.Message@b1c0fdb
receive msg: cs451.Message@611038c1
receive msg: cs451.Message@1856c303
receive msg: cs451.Message@521a9c33
receive msg: cs451.Message@3913237c
receive msg: cs451.Message@5925c2af
receive msg: cs451.Message@77454c53
receive msg: cs451.Message@7138ad8c
receive msg: cs451.Message@51906814
receive msg: cs451.Message@2657f833
receive msg: cs451.Message@7bad0f7e
receive msg: cs451.Message@4f4d894a
receive msg: cs451.Message@1dcf987f
receive msg: cs451.Message@4c06d95
receive msg: cs451.Message@1785548c
receive msg: cs451.Message@34a188ef
receive msg: cs451.Message@55cce264
receive msg: cs451.Message@52e7818d
receive msg: cs451.Message@6ffb8e69
receive msg: cs451.Message@57258589
receive msg: cs451.Message@65c882cb
receive msg: cs451.Message@bcd9c16
receive msg: cs451.Message@3876d3c0
receive msg: cs451.Message@4384108a
receive msg: cs451.Message@62fb0ceb
receive msg: cs451.Message@5b1018e
receive msg: cs451.Message@bd73a2b
receive msg: cs451.Message@68346b9b
receive msg: cs451.Message@5212ae22
receive msg: cs451.Message@5f22789f
receive msg: cs451.Message@6d161732
receive msg: cs451.Message@26b5c1b8
receive msg: cs451.Message@619108f2
receive msg: cs451.Message@2d3b72df
receive msg: cs451.Message@70494fcd
receive msg: cs451.Message@78f9f87d
receive msg: cs451.Message@1146b908
receive msg: cs451.Message@679d9c75
receive msg: cs451.Message@5d90806c
receive msg: cs451.Message@6a1da1b3
receive msg: cs451.Message@4eb7cb01
receive msg: cs451.Message@45429896
receive msg: cs451.Message@1c08e3b2
receive msg: cs451.Message@1b1fd9b9
receive msg: cs451.Message@6b80e618
receive msg: cs451.Message@3a5755d6
receive msg: cs451.Message@6199245d
receive msg: cs451.Message@42eebc6
receive msg: cs451.Message@68727d7d
receive msg: cs451.Message@688b7c40
receive msg: cs451.Message@409816c0
receive msg: cs451.Message@339bb5ce
receive msg: cs451.Message@4879bf55
receive msg: cs451.Message@7ba3a366
receive msg: cs451.Message@7b0d84c4
receive msg: cs451.Message@15d67bae
receive msg: cs451.Message@10d0fd56
receive msg: cs451.Message@768ed4b9
receive msg: cs451.Message@61b24508
receive msg: cs451.Message@479f599b
receive msg: cs451.Message@50323673
receive msg: cs451.Message@50990bd0
receive msg: cs451.Message@23708ece
receive msg: cs451.Message@1e1e48ba
receive msg: cs451.Message@5f5e74a4
receive msg: cs451.Message@47813314
receive msg: cs451.Message@60a0c3d4
receive msg: cs451.Message@c970ce2
receive msg: cs451.Message@20c0a280
receive msg: cs451.Message@6e973c1f
receive msg: cs451.Message@84ffc7a
receive msg: cs451.Message@3c0b018d
receive msg: cs451.Message@197a702e
receive msg: cs451.Message@4e5ad0da
receive msg: cs451.Message@39014947
receive msg: cs451.Message@5d622083
receive msg: cs451.Message@17d3d001
receive msg: cs451.Message@f170e21
receive msg: cs451.Message@3c6f35f5
receive msg: cs451.Message@70456cc3
receive msg: cs451.Message@799fe912
receive msg: cs451.Message@4e4e9606
receive msg: cs451.Message@bcbc2a7
receive msg: cs451.Message@50b39469
receive msg: cs451.Message@56623014
receive msg: cs451.Message@6ca66278
receive msg: cs451.Message@392d4bb1
receive msg: cs451.Message@75f18021
receive msg: cs451.Message@3254ec1b
receive msg: cs451.Message@6dbeed8b
receive msg: cs451.Message@3e9d434e
receive msg: cs451.Message@47142c34
receive msg: cs451.Message@523534f9
receive msg: cs451.Message@48fd4981
receive msg: cs451.Message@1c2ee4e3
receive msg: cs451.Message@7a3d0ede
receive msg: cs451.Message@1d47f9c
receive msg: cs451.Message@23479f66
receive msg: cs451.Message@48a57e11
receive msg: cs451.Message@5afcc225
receive msg: cs451.Message@78f67e79
receive msg: cs451.Message@67d562ae
receive msg: cs451.Message@4e3ddb3
receive msg: cs451.Message@38b2cae0
receive msg: cs451.Message@737c7e39
receive msg: cs451.Message@3ff0b2ea
receive msg: cs451.Message@2564eee2
receive msg: cs451.Message@b2fc564
receive msg: cs451.Message@1bb2ef8e
receive msg: cs451.Message@21ef79f0
receive msg: cs451.Message@23fe80d1
receive msg: cs451.Message@560f752f
receive msg: cs451.Message@5acd2eff
receive msg: cs451.Message@37fcaf
receive msg: cs451.Message@57981c70
receive msg: cs451.Message@7a13ada1
receive msg: cs451.Message@499adeca
receive msg: cs451.Message@767791d2
receive msg: cs451.Message@611b68f0
receive msg: cs451.Message@602afd7
receive msg: cs451.Message@19715d53
receive msg: cs451.Message@53c2b6ae
receive msg: cs451.Message@69a418ce
receive msg: cs451.Message@7a4b6e3a
receive msg: cs451.Message@69c33fe5
receive msg: cs451.Message@2f7283b5
receive msg: cs451.Message@66d99cfd
receive msg: cs451.Message@47c214a2
receive msg: cs451.Message@378e37a8
receive msg: cs451.Message@cda75c7
receive msg: cs451.Message@264e3ed5
receive msg: cs451.Message@717e49ba
receive msg: cs451.Message@370b134a
receive msg: cs451.Message@68a03c21
receive msg: cs451.Message@3fcf1f76
receive msg: cs451.Message@3cffa2ac
receive msg: cs451.Message@5381673a
receive msg: cs451.Message@3aa9185f
receive msg: cs451.Message@7d5a84d3
receive msg: cs451.Message@3cf1b316
receive msg: cs451.Message@6411ab05
receive msg: cs451.Message@16083c38
receive msg: cs451.Message@3f5d4e36
receive msg: cs451.Message@e0533c8
receive msg: cs451.Message@6725e88e
receive msg: cs451.Message@301be1ae
receive msg: cs451.Message@65623565
receive msg: cs451.Message@425ed172
receive msg: cs451.Message@af7302f
receive msg: cs451.Message@650eb64e
receive msg: cs451.Message@11b37e97
receive msg: cs451.Message@2552f892
receive msg: cs451.Message@1697d25f
receive msg: cs451.Message@6bbaa05
receive msg: cs451.Message@cf63b83
receive msg: cs451.Message@3e52d4e7
receive msg: cs451.Message@16ffec58
receive msg: cs451.Message@4d4f8700
receive msg: cs451.Message@70588709
receive msg: cs451.Message@58859009
receive msg: cs451.Message@31f12a6d
receive msg: cs451.Message@b7ccd4
receive msg: cs451.Message@34637304
receive msg: cs451.Message@4012a859
receive msg: cs451.Message@78884074
receive msg: cs451.Message@4667f2dd
receive msg: cs451.Message@69b35246
receive msg: cs451.Message@3c366f49
receive msg: cs451.Message@687135b
receive msg: cs451.Message@7f0fe84c
receive msg: cs451.Message@cddb489
receive msg: cs451.Message@39ede7c
receive msg: cs451.Message@3d3d089f
receive msg: cs451.Message@3df0dafc
receive msg: cs451.Message@5c685837
receive msg: cs451.Message@29f010f8
receive msg: cs451.Message@7cdc9ca9
receive msg: cs451.Message@47408ef4
receive msg: cs451.Message@5977dfcb
receive msg: cs451.Message@70a973cd
receive msg: cs451.Message@680880a5
receive msg: cs451.Message@2bfc947e
receive msg: cs451.Message@4c928f4d
receive msg: cs451.Message@771eaa09
receive msg: cs451.Message@5b3f11e7
receive msg: cs451.Message@142f319a
receive msg: cs451.Message@4c1f2cb5
receive msg: cs451.Message@4e5389dd
receive msg: cs451.Message@6dc019d9
receive msg: cs451.Message@8e561a
receive msg: cs451.Message@3541b83a
receive msg: cs451.Message@678ec22e
receive msg: cs451.Message@aed01d7
receive msg: cs451.Message@7821a816
receive msg: cs451.Message@40994f40
receive msg: cs451.Message@51976acf
receive msg: cs451.Message@33962a93
receive msg: cs451.Message@468255ef
receive msg: cs451.Message@4cebf130
receive msg: cs451.Message@26403b70
receive msg: cs451.Message@24005f99
receive msg: cs451.Message@70795bdb
receive msg: cs451.Message@63884695
receive msg: cs451.Message@44b47a2f
receive msg: cs451.Message@626e19b7
receive msg: cs451.Message@587331a2
receive msg: cs451.Message@796e78d7
receive msg: cs451.Message@1eec10d7
receive msg: cs451.Message@c5d011c
receive msg: cs451.Message@4de2cf14
receive msg: cs451.Message@4740bebf
receive msg: cs451.Message@39d46428
receive msg: cs451.Message@5de5d7ef
receive msg: cs451.Message@6a42928
receive msg: cs451.Message@44d3ca05
receive msg: cs451.Message@5ebc1393
receive msg: cs451.Message@2d95fd04
receive msg: cs451.Message@adf6cf7
receive msg: cs451.Message@50860c4b
receive msg: cs451.Message@6e98bd43
receive msg: cs451.Message@6ce70049
receive msg: cs451.Message@1dae71f6
receive msg: cs451.Message@7daac25c
receive msg: cs451.Message@56f30a0f
receive msg: cs451.Message@2c2bdd0
receive msg: cs451.Message@6c8d5dbf
receive msg: cs451.Message@479eca50
receive msg: cs451.Message@97303de
receive msg: cs451.Message@1e48031d
receive msg: cs451.Message@182ed5ce
receive msg: cs451.Message@29d340d1
receive msg: cs451.Message@38afcbc6
receive msg: cs451.Message@66216725
receive msg: cs451.Message@84f4e8a
receive msg: cs451.Message@3ba9429a
receive msg: cs451.Message@7d9e5fd2
receive msg: cs451.Message@10eb070b
receive msg: cs451.Message@62222082
receive msg: cs451.Message@136e13ce
receive msg: cs451.Message@1c81bebe
receive msg: cs451.Message@541a217a
receive msg: cs451.Message@27cf2d4b
receive msg: cs451.Message@445cba1f
receive msg: cs451.Message@55b98864
receive msg: cs451.Message@50ad7258
receive msg: cs451.Message@e56b873
receive msg: cs451.Message@2f7b67e4
receive msg: cs451.Message@369830c7
receive msg: cs451.Message@d1cbbfe
receive msg: cs451.Message@36b21f0e
receive msg: cs451.Message@42020a7b
receive msg: cs451.Message@35eb14f4
receive msg: cs451.Message@5d408afc
receive msg: cs451.Message@7b2cb435
receive msg: cs451.Message@292f28f9
receive msg: cs451.Message@448ec59c
receive msg: cs451.Message@1d40b09b
receive msg: cs451.Message@353321a
receive msg: cs451.Message@53ebba69
receive msg: cs451.Message@617b27ad
receive msg: cs451.Message@79279771
receive msg: cs451.Message@637eb9ad
receive msg: cs451.Message@6dc86f59
receive msg: cs451.Message@55b66b02
receive msg: cs451.Message@106fe2da
receive msg: cs451.Message@6ca82ab
receive msg: cs451.Message@2856978c
receive msg: cs451.Message@4e5e07ff
receive msg: cs451.Message@214855dc
receive msg: cs451.Message@73c54484
receive msg: cs451.Message@6fb34787
receive msg: cs451.Message@51ecd471
receive msg: cs451.Message@32e98d25
receive msg: cs451.Message@6bd11e98
receive msg: cs451.Message@1eabe31a
receive msg: cs451.Message@29d3e3e2
receive msg: cs451.Message@57add358
receive msg: cs451.Message@346b22eb
receive msg: cs451.Message@7519b44f
receive msg: cs451.Message@43e385fd
receive msg: cs451.Message@7aeda9ca
receive msg: cs451.Message@177ca006
receive msg: cs451.Message@2f7fc56a
receive msg: cs451.Message@70ec6115
receive msg: cs451.Message@6758353b
receive msg: cs451.Message@1556d546
receive msg: cs451.Message@44d31613
receive msg: cs451.Message@57242355
receive msg: cs451.Message@71732567
receive msg: cs451.Message@522c32ea
receive msg: cs451.Message@e13c532
receive msg: cs451.Message@78db612e
receive msg: cs451.Message@106b2b4f
receive msg: cs451.Message@2363e0ca
receive msg: cs451.Message@33498bc1
receive msg: cs451.Message@10384e97
receive msg: cs451.Message@59c03e8c
receive msg: cs451.Message@6599e0ce
receive msg: cs451.Message@1af1783f
receive msg: cs451.Message@48efc100
receive msg: cs451.Message@1083a2cf
receive msg: cs451.Message@3ab6af81
receive msg: cs451.Message@2b170868
receive msg: cs451.Message@1dc62bcb
receive msg: cs451.Message@105e6766
receive msg: cs451.Message@1f9b084b
receive msg: cs451.Message@c5c1798
receive msg: cs451.Message@20e8edab
receive msg: cs451.Message@436ecb87
receive msg: cs451.Message@4704af1
receive msg: cs451.Message@68fc6d30
receive msg: cs451.Message@f9e4031
receive msg: cs451.Message@3a9980b6
receive msg: cs451.Message@3cb862d6
receive msg: cs451.Message@37261d9c
receive msg: cs451.Message@4a444c81
receive msg: cs451.Message@3c2ef94f
receive msg: cs451.Message@437f82ce
receive msg: cs451.Message@44b2adc0
receive msg: cs451.Message@2c7ad193
receive msg: cs451.Message@67d5b1d2
receive msg: cs451.Message@58832614
receive msg: cs451.Message@90e5c69
receive msg: cs451.Message@7302e292
receive msg: cs451.Message@39938601
receive msg: cs451.Message@7861b4a1
receive msg: cs451.Message@3f742d0
receive msg: cs451.Message@6705264e
receive msg: cs451.Message@42031721
receive msg: cs451.Message@37b2677c
receive msg: cs451.Message@eea4298
receive msg: cs451.Message@4013325d
receive msg: cs451.Message@1af39f61
receive msg: cs451.Message@3ede92c4
receive msg: cs451.Message@62fcf905
receive msg: cs451.Message@3ba4aedd
receive msg: cs451.Message@3d2a265f
receive msg: cs451.Message@7728db8c
receive msg: cs451.Message@729930bd
receive msg: cs451.Message@6cd5ba75
receive msg: cs451.Message@a1716e
receive msg: cs451.Message@31643e4d
receive msg: cs451.Message@a43fc04
receive msg: cs451.Message@4b84e92b
receive msg: cs451.Message@40a5db34
receive msg: cs451.Message@5023033b
receive msg: cs451.Message@459566e7
receive msg: cs451.Message@29b402cf
receive msg: cs451.Message@472600b6
receive msg: cs451.Message@fd4f9b2
receive msg: cs451.Message@611804f1
receive msg: cs451.Message@6833d067
receive msg: cs451.Message@1fe75e67
receive msg: cs451.Message@37562d40
receive msg: cs451.Message@16c888d7
receive msg: cs451.Message@600ed281
receive msg: cs451.Message@453fac81
receive msg: cs451.Message@4305b54b
receive msg: cs451.Message@11d903cc
receive msg: cs451.Message@75541ac
receive msg: cs451.Message@3fb6be63
receive msg: cs451.Message@5177eb33
receive msg: cs451.Message@86955b2
receive msg: cs451.Message@259c2d32
receive msg: cs451.Message@2fd3da44
receive msg: cs451.Message@419392fe
receive msg: cs451.Message@3158bbb
receive msg: cs451.Message@47a4d356
receive msg: cs451.Message@7694301c
receive msg: cs451.Message@2bcd4852
receive msg: cs451.Message@4aa46c3
receive msg: cs451.Message@65750b63
receive msg: cs451.Message@3236c301
receive msg: cs451.Message@737892cd
receive msg: cs451.Message@25324e3f
receive msg: cs451.Message@68d177e9
receive msg: cs451.Message@6c7b8f39
receive msg: cs451.Message@5ba29681
receive msg: cs451.Message@6c56687c
receive msg: cs451.Message@f5b2420
receive msg: cs451.Message@3fe970b5
receive msg: cs451.Message@70b0ff57
receive msg: cs451.Message@2ffa6cb5
receive msg: cs451.Message@79d6374e
receive msg: cs451.Message@dce8c19
receive msg: cs451.Message@7a7380b0
receive msg: cs451.Message@610c48f
receive msg: cs451.Message@4eb4ef44
receive msg: cs451.Message@37631ccf
receive msg: cs451.Message@51737c93
receive msg: cs451.Message@51c7ee8e
receive msg: cs451.Message@3860e53d
receive msg: cs451.Message@174a039a
receive msg: cs451.Message@5d976204
receive msg: cs451.Message@334a54a6
receive msg: cs451.Message@c3c06ff
receive msg: cs451.Message@4bad9231
receive msg: cs451.Message@2d4c5e02
receive msg: cs451.Message@4c42d069
receive msg: cs451.Message@20253ce0
receive msg: cs451.Message@73e0ecf
receive msg: cs451.Message@48cdec64
receive msg: cs451.Message@12d6ac8c
receive msg: cs451.Message@1b9d500a
receive msg: cs451.Message@6ca27dc0
receive msg: cs451.Message@4bab02fc
receive msg: cs451.Message@6cbe75c9
receive msg: cs451.Message@1dd27554
receive msg: cs451.Message@62615753
receive msg: cs451.Message@71ce0501
receive msg: cs451.Message@6ec126cc
receive msg: cs451.Message@60b78695
receive msg: cs451.Message@8049e1f
receive msg: cs451.Message@9e37413
receive msg: cs451.Message@6e73c4a5
receive msg: cs451.Message@322c64d0
receive msg: cs451.Message@1ef4e0ec
receive msg: cs451.Message@ca55ccd
receive msg: cs451.Message@7c03f710
receive msg: cs451.Message@2dd816a4
receive msg: cs451.Message@14127073
receive msg: cs451.Message@32f71508
receive msg: cs451.Message@512fdf31
receive msg: cs451.Message@3c2f8e86
receive msg: cs451.Message@3bb9f098
receive msg: cs451.Message@316cfdb2
receive msg: cs451.Message@1e956af9
receive msg: cs451.Message@5e8e9c13
receive msg: cs451.Message@2a478a6a
receive msg: cs451.Message@7c1063fd
receive msg: cs451.Message@49e71c24
receive msg: cs451.Message@63236f0f
receive msg: cs451.Message@7521addb
receive msg: cs451.Message@a512709
receive msg: cs451.Message@7ba61c5b
receive msg: cs451.Message@3854f37
receive msg: cs451.Message@7bb265e9
receive msg: cs451.Message@78587cf9
pl send exit here
Immediately stopping network packet processing.
Writing output.
fl receive exit here
fl send exit here
pl receive exit here
