d 2 1
d 2 2
d 2 3
d 2 4
d 2 5
d 2 6
d 2 7
d 2 8
d 2 9
d 2 10
d 2 11
d 2 12
d 2 13
d 2 14
d 2 15
d 2 16
d 2 17
d 2 18
d 2 19
d 2 20
d 2 21
d 2 22
d 2 23
d 2 24
d 2 25
d 2 26
d 2 27
d 2 28
d 2 29
d 2 30
d 2 31
d 2 32
d 2 33
d 2 34
d 2 35
d 2 36
d 2 37
d 2 38
d 2 39
d 2 40
d 2 41
d 2 42
d 2 43
d 2 44
d 2 45
d 2 46
d 2 47
d 2 48
d 2 49
d 2 50
d 2 51
d 2 52
d 2 53
d 2 54
d 2 55
d 2 56
d 2 57
d 2 58
d 2 59
d 2 60
d 2 61
d 2 62
d 2 63
d 2 64
d 2 65
d 3 1
d 2 66
d 3 2
d 3 3
d 2 67
d 3 4
d 3 5
d 3 6
d 3 7
d 2 68
d 3 8
d 3 9
d 2 69
d 3 10
d 3 11
d 3 12
d 3 13
d 3 14
d 2 70
d 3 15
d 3 16
d 2 71
d 3 17
d 3 18
d 3 19
d 3 20
d 3 21
d 2 72
d 3 22
d 2 73
d 3 23
d 3 24
d 2 74
d 3 25
d 2 75
d 3 26
d 2 76
d 3 27
d 2 77
d 3 28
d 2 78
d 3 29
d 2 79
d 3 30
d 3 31
d 2 80
d 3 32
d 2 81
d 3 33
d 2 82
d 3 34
d 2 83
d 3 35
d 2 84
d 3 36
d 3 37
d 2 85
d 3 38
d 2 86
d 3 39
d 2 87
d 3 40
d 3 41
d 2 88
d 2 89
d 3 42
d 3 43
d 2 90
d 3 44
d 2 91
d 3 45
d 2 92
d 3 46
d 2 93
d 3 47
d 3 48
d 2 94
d 3 49
d 2 95
d 3 50
d 2 96
d 3 51
d 2 97
d 3 52
d 2 98
d 3 53
d 3 54
d 2 99
d 3 55
d 2 100
d 3 56
d 2 101
d 3 57
d 2 102
d 3 58
d 2 103
d 3 59
d 2 104
d 3 60
d 2 105
d 3 61
d 2 106
d 3 62
d 2 107
d 3 63
d 2 108
d 3 64
d 3 65
d 2 109
d 3 66
d 2 110
d 3 67
d 2 111
d 3 68
d 2 112
d 3 69
d 2 113
d 3 70
d 3 71
d 2 114
d 3 72
d 2 115
d 3 73
d 3 74
d 2 116
d 3 75
d 3 76
d 2 117
d 3 77
d 3 78
d 2 118
d 3 79
d 3 80
d 3 81
d 2 119
d 3 82
d 2 120
d 3 83
d 3 84
d 2 121
d 3 85
d 3 86
d 3 87
d 2 122
d 3 88
d 3 89
d 3 90
d 3 91
d 2 123
d 3 92
d 2 124
d 3 93
d 2 125
d 3 94
d 2 126
d 3 95
d 2 127
d 3 96
d 3 97
d 2 128
d 3 98
d 2 129
d 3 99
d 2 130
d 3 100
d 2 131
d 3 101
d 2 132
d 3 102
d 2 133
d 3 103
d 2 134
d 3 104
d 2 135
d 3 105
d 2 136
d 3 106
d 2 137
d 3 107
d 2 138
d 3 108
d 2 139
d 3 109
d 3 110
d 2 140
d 3 111
d 2 141
d 3 112
d 2 142
d 3 113
d 2 143
d 3 114
d 2 144
d 3 115
d 2 145
d 3 116
d 2 146
d 3 117
d 2 147
d 3 118
d 2 148
d 3 119
d 3 120
d 3 121
d 2 149
d 3 122
d 3 123
d 2 150
d 3 124
d 2 151
d 3 125
d 3 126
d 2 152
d 3 127
d 2 153
d 2 154
d 3 128
d 2 155
d 3 129
d 2 156
d 3 130
d 2 157
d 2 158
d 3 131
d 2 159
d 3 132
d 2 160
d 3 133
d 2 161
d 3 134
d 2 162
d 3 135
d 2 163
d 3 136
d 2 164
d 3 137
d 2 165
d 3 138
d 2 166
d 2 167
d 3 139
d 2 168
d 3 140
d 2 169
d 3 141
d 2 170
d 3 142
d 2 171
d 3 143
d 2 172
d 3 144
d 2 173
d 3 145
d 2 174
d 3 146
d 2 175
d 3 147
d 2 176
d 2 177
d 3 148
d 2 178
d 3 149
d 2 179
d 3 150
d 2 180
d 3 151
d 2 181
d 3 152
d 2 182
d 3 153
d 2 183
d 3 154
d 3 155
d 2 184
d 3 156
d 2 185
d 3 157
d 2 186
d 3 158
d 2 187
d 3 159
d 2 188
d 3 160
d 2 189
d 3 161
d 2 190
d 3 162
d 2 191
d 3 163
d 2 192
d 3 164
d 2 193
d 3 165
d 2 194
d 3 166
d 2 195
d 3 167
d 2 196
d 3 168
d 2 197
d 3 169
d 2 198
d 3 170
d 2 199
d 2 200
d 2 201
d 3 171
d 2 202
d 2 203
d 2 204
d 3 172
d 2 205
d 2 206
d 2 207
d 2 208
d 2 209
d 2 210
d 2 211
d 2 212
d 3 173
d 2 213
d 2 214
d 2 215
d 2 216
d 2 217
d 3 174
d 2 218
d 2 219
d 2 220
d 2 221
d 2 222
d 2 223
d 2 224
d 3 175
d 2 225
d 2 226
d 2 227
d 2 228
d 2 229
d 2 230
d 3 176
d 2 231
d 2 232
d 2 233
d 2 234
d 2 235
d 3 177
d 2 236
d 2 237
d 2 238
d 2 239
d 3 178
d 3 179
d 3 180
d 3 181
d 3 182
d 3 183
d 3 184
d 3 185
d 3 186
d 3 187
d 3 188
d 3 189
d 3 190
d 3 191
d 3 192
d 3 193
d 3 194
d 3 195
d 3 196
d 3 197
d 3 198
d 3 199
d 3 200
d 3 201
d 3 202
d 2 240
d 3 203
d 3 204
d 2 241
d 3 205
d 3 206
d 3 207
d 3 208
d 3 209
d 3 210
d 3 211
d 3 212
d 3 213
d 3 214
d 3 215
d 3 216
d 3 217
d 3 218
d 3 219
d 3 220
d 3 221
d 3 222
d 3 223
d 3 224
d 3 225
d 3 226
d 3 227
d 2 242
d 3 228
d 3 229
d 3 230
d 2 243
d 2 244
d 2 245
d 2 246
d 2 247
d 2 248
d 3 231
d 3 232
d 3 233
d 3 234
d 3 235
d 3 236
d 3 237
d 3 238
d 3 239
d 3 240
d 3 241
d 2 249
d 2 250
d 2 251
d 2 252
d 2 253
d 2 254
d 2 255
d 2 256
d 2 257
d 2 258
d 2 259
d 2 260
d 2 261
d 2 262
d 2 263
d 2 264
d 2 265
d 2 266
d 4 1
d 2 267
d 2 268
d 4 2
d 4 3
d 2 269
d 4 4
d 2 270
d 4 5
d 2 271
d 2 272
d 4 6
d 2 273
d 2 274
d 4 7
d 2 275
d 4 8
d 2 276
d 2 277
d 4 9
d 2 278
d 2 279
d 4 10
d 2 280
d 2 281
d 4 11
d 2 282
d 2 283
d 4 12
d 2 284
d 4 13
d 2 285
d 2 286
d 4 14
d 2 287
d 4 15
d 2 288
d 2 289
d 4 16
d 2 290
d 4 17
d 2 291
d 2 292
d 4 18
d 2 293
d 2 294
d 2 295
d 2 296
d 2 297
d 2 298
d 2 299
d 2 300
d 2 301
d 2 302
d 4 19
d 2 303
d 2 304
d 2 305
d 2 306
d 2 307
d 4 20
d 2 308
d 2 309
d 4 21
d 4 22
d 2 310
d 4 23
d 2 311
d 4 24
d 4 25
d 2 312
d 4 26
d 4 27
d 4 28
d 4 29
d 2 313
d 4 30
d 4 31
d 4 32
d 2 314
d 4 33
d 2 315
d 4 34
d 4 35
d 4 36
d 2 316
d 4 37
d 4 38
d 2 317
d 4 39
d 2 318
d 4 40
d 2 319
d 4 41
d 4 42
d 4 43
d 2 320
d 4 44
d 2 321
d 4 45
d 4 46
d 4 47
d 4 48
d 4 49
d 4 50
d 4 51
d 4 52
d 4 53
d 2 322
d 4 54
d 4 55
d 2 323
d 4 56
d 4 57
d 2 324
d 4 58
d 4 59
d 2 325
d 4 60
d 4 61
d 2 326
d 4 62
d 4 63
d 4 64
d 4 65
d 4 66
d 4 67
d 4 68
d 4 69
d 4 70
d 4 71
d 4 72
d 4 73
d 4 74
d 4 75
d 4 76
d 4 77
d 2 327
d 4 78
d 2 328
d 2 329
d 4 79
d 2 330
d 4 80
d 4 81
d 4 82
d 4 83
d 4 84
d 4 85
d 4 86
d 4 87
d 2 331
d 2 332
d 4 88
d 4 89
d 4 90
d 4 91
d 4 92
d 4 93
d 4 94
d 4 95
d 4 96
d 4 97
d 4 98
d 4 99
d 4 100
d 4 101
d 4 102
d 4 103
d 4 104
d 4 105
d 4 106
d 4 107
d 4 108
d 4 109
d 4 110
d 2 333
d 4 111
d 2 334
d 4 112
d 4 113
d 4 114
d 2 335
d 4 115
d 4 116
d 4 117
d 2 336
d 4 118
d 4 119
d 2 337
d 4 120
d 4 121
d 4 122
d 2 338
d 4 123
d 4 124
d 3 242
d 4 125
d 3 243
d 4 126
d 3 244
d 4 127
d 2 339
d 2 340
d 2 341
d 4 128
d 2 342
d 4 129
d 4 130
d 4 131
d 4 132
d 4 133
d 2 343
d 4 134
d 4 135
d 2 344
d 4 136
d 2 345
d 2 346
d 4 137
d 2 347
d 4 138
d 4 139
d 4 140
d 4 141
d 2 348
d 4 142
d 4 143
d 4 144
d 2 349
d 4 145
d 4 146
d 4 147
d 2 350
d 4 148
d 4 149
d 4 150
d 4 151
d 4 152
d 2 351
d 4 153
d 4 154
d 4 155
d 2 352
d 4 156
d 4 157
d 4 158
d 2 353
d 2 354
d 2 355
d 2 356
d 2 357
d 2 358
d 2 359
d 2 360
d 2 361
d 2 362
d 2 363
d 2 364
d 2 365
d 2 366
d 2 367
d 2 368
d 3 245
d 2 369
d 3 246
d 2 370
d 3 247
d 2 371
d 3 248
d 2 372
d 3 249
d 4 159
d 2 373
d 4 160
d 4 161
d 4 162
d 4 163
d 4 164
d 4 165
d 4 166
d 4 167
d 4 168
d 4 169
d 4 170
d 4 171
d 4 172
d 4 173
d 4 174
d 4 175
d 4 176
d 4 177
d 4 178
d 4 179
d 4 180
d 2 374
d 4 181
d 4 182
d 2 375
d 2 376
d 2 377
d 2 378
d 2 379
d 2 380
d 2 381
d 2 382
d 4 183
d 2 383
d 2 384
d 2 385
d 2 386
d 2 387
d 2 388
d 2 389
d 4 184
d 2 390
d 2 391
d 2 392
d 4 185
d 2 393
d 4 186
d 2 394
d 4 187
d 2 395
d 4 188
d 2 396
d 2 397
d 4 189
d 3 250
d 4 190
d 3 251
d 4 191
d 3 252
d 4 192
d 3 253
d 4 193
d 3 254
d 3 255
d 4 194
d 4 195
d 3 256
d 4 196
d 3 257
d 4 197
d 3 258
d 4 198
d 2 398
d 4 199
d 4 200
d 4 201
d 4 202
d 4 203
d 4 204
d 2 399
d 4 205
d 4 206
d 4 207
d 4 208
d 4 209
d 4 210
d 2 400
d 4 211
d 4 212
d 4 213
d 4 214
d 2 401
d 4 215
d 4 216
d 4 217
d 2 402
d 2 403
d 4 218
d 2 404
d 2 405
d 4 219
d 2 406
d 2 407
d 4 220
d 2 408
d 2 409
d 2 410
d 2 411
d 2 412
d 4 221
d 2 413
d 4 222
d 2 414
d 2 415
d 4 223
d 2 416
d 2 417
d 4 224
d 2 418
d 4 225
d 2 419
d 2 420
d 4 226
d 2 421
d 2 422
d 4 227
d 2 423
d 4 228
d 2 424
d 2 425
d 4 229
d 2 426
d 2 427
d 4 230
d 2 428
d 2 429
d 4 231
d 2 430
d 4 232
d 2 431
d 2 432
d 4 233
d 2 433
d 2 434
d 4 234
d 2 435
d 4 235
d 2 436
d 2 437
d 4 236
d 2 438
d 2 439
d 4 237
d 2 440
d 4 238
d 2 441
d 2 442
d 3 468
d 3 473
d 3 476
d 3 479
d 3 481
d 3 484
d 3 486
d 3 488
d 3 490
d 4 409
d 4 410
d 4 411
d 3 559
d 3 561
d 3 563
d 3 597
d 3 623
d 3 627
d 3 636
d 3 637
d 3 638
d 4 512
d 3 639
d 4 513
d 3 640
d 3 641
d 4 514
d 3 642
d 4 515
d 3 643
d 4 516
d 3 644
d 4 517
d 3 645
d 4 518
d 3 646
d 3 647
d 3 648
d 3 649
d 3 650
d 3 651
d 3 652
d 3 653
d 3 654
d 3 655
d 3 656
d 3 657
d 3 658
d 3 659
d 3 660
d 3 661
d 3 662
d 3 663
d 3 664
d 3 665
d 3 666
d 3 667
d 3 668
d 3 669
d 3 670
d 3 671
d 3 672
d 3 673
d 3 674
d 3 675
d 3 676
d 3 677
d 3 678
d 3 679
d 3 680
d 3 681
d 3 682
d 3 683
d 3 684
d 3 685
d 3 686
d 3 687
d 3 688
d 3 689
d 3 690
d 3 691
d 3 692
d 3 693
d 3 694
d 3 695
d 3 696
d 3 697
d 3 698
d 3 699
d 3 700
d 3 701
d 3 702
d 3 703
d 3 704
d 3 705
d 3 706
d 3 707
d 3 708
d 3 709
d 3 710
d 3 711
d 3 712
d 3 713
d 3 714
d 3 715
d 3 716
d 3 717
d 3 718
d 3 719
d 3 720
d 3 721
d 3 722
d 3 723
d 3 724
d 4 519
d 4 520
d 4 521
d 4 522
d 4 699
d 4 701
d 4 702
d 4 703
d 4 704
d 4 705
d 4 706
d 4 707
d 4 708
d 4 709
d 4 710
d 4 711
d 4 724
d 4 739
d 4 741
d 4 742
d 4 743
d 4 744
d 4 745
d 4 746
d 4 747
d 4 748
d 4 749
d 4 750
d 4 751
d 4 752
d 4 753
d 4 754
d 4 755
d 4 756
d 4 757
d 4 758
d 4 759
d 4 760
d 4 761
d 4 762
d 4 763
d 4 764
d 4 765
d 4 766
d 4 767
d 4 768
d 4 769
d 4 770
d 4 771
d 4 772
d 4 773
d 4 774
d 4 775
d 4 776
d 4 777
d 4 778
d 4 779
d 4 780
d 4 781
d 4 782
d 4 783
d 4 784
d 4 785
d 4 786
d 4 787
d 4 788
d 4 789
d 4 790
d 4 791
d 4 792
d 4 793
d 4 794
d 4 795
d 4 796
d 4 797
d 4 798
d 4 799
d 4 800
d 4 801
d 4 802
d 4 803
d 4 804
d 4 805
d 4 806
d 4 807
d 4 808
d 4 809
d 3 1154
d 3 1157
d 3 1158
d 3 1159
d 3 1160
d 3 1161
d 3 1162
d 3 1163
d 3 1164
d 3 1165
d 3 1166
d 3 1167
d 3 1168
d 3 1169
d 3 1170
d 3 1171
d 3 1172
d 3 1173
d 3 1174
d 3 1175
d 2 1224
d 2 1225
d 2 1226
d 2 1227
d 2 1228
d 2 1229
d 2 1230
d 2 1231
d 2 1232
d 2 1233
d 2 1234
d 2 1235
d 2 1236
d 2 1237
d 2 1238
d 2 1239
d 2 1240
d 2 1241
d 2 1242
d 2 1243
d 2 1244
d 2 1245
d 2 1246
d 2 1247
d 2 1248
d 2 1249
d 2 1250
d 2 1251
d 2 1252
d 2 1253
d 2 1254
d 2 1255
d 2 1256
d 2 1257
d 2 1258
d 2 1259
d 2 1260
d 2 1261
d 2 1262
d 2 1263
d 2 1264
d 2 1265
d 2 1266
d 2 1267
d 2 1268
d 2 1269
d 2 1270
d 2 1271
d 2 1272
d 2 1273
d 2 1274
d 2 1275
d 2 1276
d 2 1277
d 2 1278
d 2 1279
d 2 1280
d 2 1281
d 2 1282
d 2 1283
d 2 1284
d 2 1285
d 2 1286
d 2 1287
d 2 1288
d 2 1289
d 2 1290
d 2 1291
d 2 1292
d 2 1293
d 2 1294
d 2 1295
d 2 1296
d 2 1297
d 2 1298
d 2 1299
d 2 1300
d 2 1301
d 2 1302
d 2 1303
d 2 1304
d 2 1305
d 2 1306
d 2 1307
d 2 1308
d 2 1309
d 2 1310
d 2 1311
d 2 1312
d 2 1313
d 2 1314
d 2 1315
d 2 1316
d 2 1317
d 2 1318
d 2 1319
d 2 1320
d 2 1321
d 2 1322
d 2 1323
d 2 1324
d 2 1325
d 2 1326
d 2 1327
d 2 1328
d 2 1329
d 2 1330
d 2 1331
d 2 1332
d 2 1333
d 2 1334
d 2 1335
d 2 1336
d 2 1337
d 2 1338
d 2 1339
d 2 1340
d 2 1341
d 2 1342
d 2 1343
d 2 1344
d 2 1345
d 2 1346
d 2 1347
d 2 1348
d 2 1349
d 2 1350
d 2 1351
d 2 1352
d 2 1353
d 2 1354
d 2 1355
d 2 1356
d 2 1357
d 2 1358
d 2 1359
d 2 1360
d 2 1361
d 2 1362
d 4 1064
d 3 1588
d 3 1633
d 4 1264
d 4 1271
d 4 1274
d 3 1656
d 3 1657
d 3 1658
d 3 1659
d 3 1660
d 3 1661
d 3 1664
d 3 1754
d 3 1758
d 3 1759
d 3 1760
d 3 1761
d 3 1762
d 3 1763
d 3 1764
d 3 1765
d 3 1766
d 3 1767
d 3 1768
d 3 1769
d 3 1770
d 3 1771
d 3 1772
d 3 1773
d 3 1775
d 3 1790
d 3 1808
d 3 1812
d 3 1815
d 3 1818
d 3 1820
d 3 1823
d 3 1826
d 3 1829
d 3 1832
d 3 1834
d 3 1863
d 3 1865
d 3 1866
d 3 1867
d 3 1868
d 3 1869
d 3 1870
d 3 1871
d 3 1872
d 3 1873
d 3 1874
d 3 1875
d 3 1876
d 3 1877
d 3 1878
d 3 1879
d 3 1898
d 3 1901
d 3 1902
d 3 1903
d 3 1904
d 3 1905
d 3 1906
d 3 1907
d 3 1908
d 3 1909
d 3 1910
d 3 1911
d 3 1912
d 3 1913
d 3 1920
d 3 1933
d 3 1934
d 3 1937
d 3 1950
d 3 1951
d 3 1952
d 3 1953
d 3 1954
d 3 1955
d 3 1969
d 3 1973
d 3 1976
d 3 1979
d 3 1982
d 3 1984
d 3 1987
d 3 1990
d 3 1992
d 3 1995
d 3 1998
d 3 2001
d 3 2004
d 3 2016
d 3 2020
d 3 2023
d 3 2024
d 3 2025
d 3 2026
d 3 2027
d 3 2028
d 3 2029
d 3 2030
d 3 2031
d 3 2032
d 3 2033
d 3 2034
d 3 2035
d 3 2036
d 3 2037
d 3 2038
d 3 2039
d 3 2040
d 3 2041
d 3 2042
d 3 2043
d 3 2044
d 3 2045
d 3 2046
d 3 2047
d 3 2048
d 3 2049
d 3 2050
d 3 2055
d 3 2056
d 3 2057
d 3 2058
d 3 2059
d 3 2060
d 3 2061
d 3 2062
d 3 2063
d 3 2064
d 3 2065
d 3 2066
d 3 2067
d 3 2068
d 3 2069
d 3 2070
d 3 2071
d 3 2072
d 3 2073
d 3 2074
d 3 2075
d 3 2076
d 3 2077
d 3 2078
d 3 2079
d 3 2080
d 3 2081
d 3 2082
d 3 2083
d 3 2084
d 3 2085
d 3 2086
d 3 2087
d 3 2088
d 3 2089
d 3 2090
d 3 2091
d 3 2092
d 3 2109
d 3 2113
d 3 2116
d 3 2119
d 3 2122
d 3 2125
d 3 2128
d 3 2131
d 3 2134
d 3 2140
d 3 2162
d 3 2163
d 3 2164
d 3 2165
d 3 2166
d 3 2175
d 3 2177
d 3 2178
d 3 2179
d 3 2180
d 3 2181
d 3 2182
d 3 2183
d 3 2184
d 3 2185
d 3 2186
d 3 2187
d 3 2188
d 3 2189
d 3 2190
d 3 2191
d 3 2192
d 3 2201
d 3 2229
d 3 2248
d 3 2264
d 3 2270
d 3 2272
d 3 2275
d 3 2278
d 3 2290
d 3 2293
d 3 2296
d 3 2299
d 3 2301
d 3 2304
d 3 2307
d 3 2309
d 3 2312
d 3 2314
d 3 2317
d 3 2320
d 3 2322
d 3 2325
d 3 2328
d 3 2331
d 3 2333
d 3 2337
d 3 2340
d 3 2342
d 3 2345
d 3 2348
d 3 2350
d 3 2353
d 3 2356
d 3 2359
d 3 2362
d 3 2364
d 3 2387
d 3 2388
d 3 2389
d 3 2436
d 3 2440
d 3 2443
d 3 2446
d 3 2450
d 3 2453
d 3 2455
d 3 2458
d 3 2461
d 3 2464
d 4 1276
d 4 1277
d 4 1278
d 4 1279
d 4 1280
d 4 1281
d 4 1282
d 4 1283
d 4 1284
d 4 1285
d 4 1286
d 4 1287
d 4 1288
d 4 1289
d 4 1290
d 4 1291
d 4 1292
d 4 1293
d 4 1294
d 4 1295
d 4 1296
d 4 1297
d 4 1298
d 4 1299
d 4 1300
d 4 1301
d 4 1302
d 4 1303
d 4 1304
d 4 1305
d 4 1306
d 4 1307
d 4 1308
d 4 1309
d 4 1310
d 4 1311
d 4 1312
d 4 1313
d 4 1314
d 4 1315
d 4 1316
d 4 1317
d 4 1318
d 4 1319
d 4 1320
d 4 1321
d 4 1322
d 4 1323
d 4 1324
d 4 1325
d 4 1326
d 4 1327
d 4 1328
d 4 1329
d 4 1330
d 4 1331
d 4 1332
d 4 1333
d 4 1334
d 4 1335
d 4 1336
d 4 1337
d 4 1338
d 4 1339
d 4 1340
d 4 1341
d 4 1342
d 4 1343
d 4 1344
d 4 1345
d 4 1346
d 4 1347
d 4 1348
d 4 1349
d 4 1350
d 4 1351
d 4 1352
d 4 1353
d 4 1354
d 4 1355
d 4 1356
d 4 1357
d 4 1358
d 4 1359
d 4 1360
d 4 2011
d 4 2012
d 4 2013
d 4 2014
d 4 2015
d 4 2016
d 4 2017
d 4 2018
d 4 2019
d 4 2020
d 4 2021
d 4 2022
d 4 2023
d 4 2024
d 4 2025
d 4 2026
d 4 2027
d 4 2028
d 4 2029
d 4 2030
d 4 2031
d 4 2032
d 4 2033
d 4 2034
d 4 2035
d 4 2036
d 4 2037
d 4 2038
d 4 2039
d 4 2040
d 4 2041
d 4 2042
d 4 2043
d 4 2044
d 4 2045
d 4 2046
d 4 2047
d 4 2048
d 4 2049
d 4 2050
d 4 2051
d 4 2052
d 4 2053
d 4 2054
d 4 2055
d 4 2056
d 4 2057
d 4 2058
d 4 2059
d 4 2060
d 4 2061
d 4 2400
d 4 2410
d 4 2411
d 4 2412
d 4 2413
d 4 2414
d 4 2415
d 4 2416
d 4 2417
d 4 2418
d 4 2419
d 4 2420
d 4 2421
d 4 2422
d 4 2423
d 4 2424
d 4 2425
d 4 2426
d 4 2427
d 4 2428
d 4 2429
d 4 2430
d 4 2431
d 4 2432
d 4 2433
d 4 2434
d 4 2435
d 4 2436
d 4 2437
d 4 2438
d 4 2439
d 4 2440
d 4 2441
d 4 2442
d 4 2443
d 4 2444
d 4 2445
d 4 2446
d 4 2447
d 4 2448
d 4 2449
d 4 2450
d 4 2451
d 4 2452
d 4 2453
d 4 2454
d 4 2455
d 4 2456
d 4 2457
d 4 2458
d 4 2459
d 4 2464
d 4 2475
d 4 2492
d 4 2500
d 4 2510
d 4 2521
d 4 2537
d 4 2544
d 4 2568
d 4 2601
d 4 2602
d 4 2603
d 4 2604
d 4 2605
d 4 2606
d 4 2607
d 4 2608
d 4 2609
d 4 2610
d 4 2611
d 4 2612
d 4 2613
d 4 2614
d 4 2615
d 4 2616
d 4 2617
d 4 2618
d 4 2619
d 4 2620
d 4 2621
d 4 2622
d 4 2623
d 4 2624
d 4 2625
d 4 2626
d 4 2627
d 4 2628
d 4 2629
d 4 2630
d 4 2631
d 4 2632
d 4 2633
d 4 2634
d 4 2635
d 4 2636
d 4 2637
d 4 2638
d 4 2639
d 4 2640
d 4 2641
d 4 2642
d 4 2643
d 4 2644
d 4 2645
d 4 2646
d 4 2647
d 4 2648
d 4 2649
d 4 2650
d 4 2651
d 4 2652
d 4 2653
d 4 2654
d 4 2655
d 4 2656
d 4 2657
d 4 2658
d 4 2659
d 4 2660
d 4 2661
d 4 2662
d 4 2663
d 4 2664
d 4 2665
d 4 2666
d 4 2667
d 4 2668
d 4 2669
d 4 2670
d 4 2671
d 4 2672
d 4 2673
d 4 2674
d 4 2675
d 4 2676
d 4 2677
d 4 2678
d 4 2679
d 4 2680
d 4 2681
d 4 2682
d 4 2683
d 4 2684
d 4 2685
d 4 2686
d 4 2687
d 4 2688
d 4 2689
d 4 2690
d 4 2691
d 4 2692
d 4 2693
d 4 2694
d 4 2695
d 4 2696
d 4 2697
d 4 2698
d 4 2699
d 4 2700
d 4 2701
d 4 2702
d 4 2703
d 4 2704
d 4 2705
d 4 2706
d 4 2707
d 4 2708
d 4 2709
d 4 2710
d 4 2711
d 4 2712
d 4 2713
d 4 2714
d 4 2715
d 4 2716
d 4 2717
d 4 2718
d 4 2719
d 4 2720
d 4 2721
d 4 2722
d 4 2723
d 4 2724
d 4 2725
d 4 2726
d 4 2727
d 4 2728
d 4 2729
d 4 2730
d 4 2731
d 4 2732
d 4 2733
d 4 2734
d 4 2735
d 4 2736
d 4 2737
d 4 2738
d 4 2739
d 4 2740
d 4 2741
d 4 2742
d 4 2743
d 4 2744
d 4 2745
d 4 2746
d 4 2747
d 4 2748
d 4 2749
d 4 2750
d 4 2751
d 4 2752
d 4 2753
d 4 2754
d 4 2755
d 4 2756
d 4 2757
d 4 2758
d 4 2759
d 4 2760
d 4 2761
d 4 2764
d 4 2768
d 4 2771
d 4 2775
d 4 2778
d 4 2781
d 4 2785
d 4 2789
d 4 2793
d 4 2797
d 4 2801
d 4 2806
d 4 2810
d 4 2814
d 4 2817
d 4 2821
d 4 2825
d 4 2845
d 4 2850
d 4 2854
d 4 2858
d 4 2862
d 4 2866
d 4 2870
d 4 2874
d 4 2921
d 4 2926
d 4 2930
d 4 2933
d 4 2937
d 4 2941
d 4 2945
d 4 2949
d 4 2953
d 4 2957
d 4 2961
d 4 2969
d 3 3442
d 3 3443
d 3 3444
d 3 3445
d 3 3446
d 3 3447
d 3 3448
d 3 3449
d 3 3450
d 3 3451
d 3 3452
d 3 3453
d 3 3454
d 3 3455
d 3 3456
d 3 3457
d 3 3458
d 3 3459
d 3 3460
d 3 3461
d 3 3462
d 3 3463
d 3 3464
d 3 3465
d 3 3466
d 3 3467
d 3 3468
d 3 3469
d 3 3470
d 3 3471
d 3 3472
d 3 3473
d 3 3474
d 3 3475
d 3 3476
d 3 3477
d 3 3478
d 3 3479
d 3 3480
d 3 3481
d 3 3482
d 3 3483
d 3 3484
d 3 3485
d 3 3486
d 3 3487
d 3 3488
d 3 3489
d 3 3490
d 3 3491
d 3 3492
d 3 3493
d 3 3494
d 3 3495
d 3 3496
d 3 3497
d 3 3498
d 3 3499
d 3 3500
d 3 3501
d 3 3502
d 3 3503
d 3 3504
d 3 3505
d 3 3506
d 3 3507
d 3 3508
d 3 3509
d 3 3510
d 3 3511
d 3 3512
d 4 3564
d 3 3513
d 3 3514
d 3 3515
d 3 3516
d 4 3565
d 3 3517
d 3 3518
d 3 3519
d 3 3520
d 4 3566
d 3 3521
d 3 3522
d 3 3523
d 3 3524
d 3 3525
d 3 3526
d 3 3527
d 3 3528
d 3 3529
d 3 3530
d 3 3531
d 3 3532
d 3 3533
d 3 3534
d 3 3535
d 3 3536
d 3 3537
d 3 3538
d 3 3539
d 3 3540
d 3 3541
d 3 3542
d 3 3543
d 3 3544
d 3 3545
d 3 3546
d 3 3547
d 3 3548
d 3 3549
d 3 3550
d 3 3551
d 3 3552
d 3 3553
d 3 3554
d 3 3555
d 3 3556
d 3 3557
d 3 3558
d 3 3559
d 3 3560
d 3 3561
d 3 3562
d 3 3563
d 3 3564
d 3 3565
d 3 3566
d 3 3567
d 3 3568
d 3 3569
d 3 3570
d 3 3571
d 3 3961
d 3 3962
d 3 3963
d 3 3964
d 3 3965
d 3 3966
d 3 3967
d 3 3968
d 3 3969
d 3 3970
d 3 3971
d 3 3972
d 3 3973
d 3 3974
d 3 3975
d 3 3976
d 3 3977
d 3 3978
d 3 3979
d 3 3980
d 3 3981
d 3 3982
d 3 3983
d 3 3984
d 3 3985
d 3 3986
d 3 3987
d 3 3988
d 3 3989
d 3 3990
d 3 3991
d 3 3992
d 3 3993
d 3 3994
d 3 3995
d 3 3996
d 3 3997
d 3 3998
d 3 3999
d 3 4000
d 3 4001
d 3 4002
d 3 4003
d 3 4004
d 3 4005
d 3 4006
d 3 4007
d 3 4008
d 3 4009
d 3 4010
d 3 4011
d 3 4012
d 3 4013
d 3 4014
d 3 4015
d 3 4016
d 3 4017
d 3 4018
d 3 4019
d 3 4020
d 3 4021
d 3 4022
d 3 4023
d 3 4024
d 3 4025
d 3 4026
d 3 4027
d 3 4028
d 3 4029
d 3 4030
d 3 4031
d 3 4032
d 3 4033
d 3 4034
d 3 4035
d 3 4036
d 3 4037
d 3 4038
d 3 4039
d 3 4040
d 3 4041
d 3 4042
d 3 4043
d 3 4044
d 3 4045
d 3 4046
d 3 4047
d 3 4048
d 3 4049
d 3 4050
d 3 4051
d 3 4052
d 3 4053
d 3 4054
d 3 4055
d 3 4056
d 3 4057
d 3 4058
d 3 4059
d 3 4060
d 3 4061
d 3 4062
d 3 4063
d 3 4064
d 3 4065
d 3 4066
d 3 4067
d 3 4068
d 2 3947
d 3 4069
d 3 4070
d 3 4071
d 2 3948
d 3 4072
d 3 4073
d 2 3949
d 3 4074
d 3 4075
d 2 3950
d 3 4076
d 3 4077
d 3 4078
d 3 4079
d 3 4080
d 3 4081
d 3 4082
d 3 4083
d 3 4084
d 3 4085
d 3 4086
d 3 4087
d 3 4088
d 3 4089
d 3 4090
d 3 4091
d 3 4092
d 3 4093
d 3 4094
d 3 4095
d 3 4096
d 2 3951
d 3 4097
d 3 4098
d 3 4099
d 2 3952
d 3 4100
d 3 4101
d 2 3953
d 3 4102
d 3 4103
d 3 4104
d 2 3954
d 3 4105
d 2 3955
d 3 4106
d 3 4107
d 3 4108
d 2 3956
d 3 4109
d 3 4110
d 3 4111
d 3 4112
d 3 4113
d 3 4114
d 3 4115
d 3 4116
d 3 4117
d 3 4118
d 3 4119
d 3 4120
d 3 4121
d 3 4122
d 2 3957
d 3 4123
d 3 4124
d 3 4125
d 3 4126
d 2 3958
d 3 4127
d 3 4128
d 2 3959
d 3 4129
d 3 4130
d 2 3960
d 3 4131
d 3 4132
d 3 4133
d 2 3961
d 3 4134
d 3 4135
d 2 3962
d 3 4136
d 3 4137
d 3 4138
d 3 4139
d 2 3963
d 3 4140
d 3 4141
d 2 3964
d 3 4142
d 2 3965
d 3 4143
d 3 4144
d 3 4145
d 2 4844
d 2 4900
d 2 5052
d 2 5058
d 2 5088
d 2 5106
d 2 5141
d 2 5166
d 2 5188
d 2 5190
d 2 5191
d 2 5192
d 2 5193
d 2 5194
d 2 5195
d 2 5196
d 2 5197
d 2 5198
d 2 5199
d 2 5200
d 2 5201
d 2 5202
d 2 5203
d 2 5204
d 2 5205
d 2 5206
d 2 5207
d 2 5208
d 2 5209
d 2 5210
d 2 5211
d 2 5212
d 2 5213
d 2 5214
d 2 5215
d 2 5216
d 2 5217
d 2 5218
d 2 5219
d 2 5220
d 2 5221
d 2 5222
d 2 5223
d 2 5224
d 2 5225
d 2 5226
d 2 5227
d 2 5228
d 2 5229
d 2 5230
d 2 5231
d 2 5232
d 2 5233
d 2 5234
d 2 5235
d 2 5236
d 2 5237
d 2 5238
d 2 5239
d 2 5240
d 2 5241
d 2 5242
d 2 5243
d 2 5244
d 2 5245
d 2 5246
d 2 5247
d 2 5248
d 2 5249
d 3 4505
d 3 4506
d 3 4507
d 3 4508
d 3 4509
d 3 4510
d 3 4511
d 3 4512
d 3 4513
d 3 4514
d 3 4515
d 3 4516
d 3 4517
d 3 4518
d 3 4519
d 3 4520
d 3 4521
d 3 4522
d 3 4523
d 3 4524
d 3 4525
d 3 4526
d 3 4527
d 3 4528
d 3 4529
d 3 4530
d 3 4531
d 3 4532
d 3 4533
d 3 4534
d 3 4535
d 3 4536
d 3 4537
d 3 4538
d 3 4539
d 3 4540
d 3 4541
d 3 4542
d 3 4543
d 3 4544
d 3 4545
d 3 4546
d 3 4547
d 3 4548
d 3 4549
d 3 4550
d 3 4551
d 3 4552
d 3 4553
d 3 4554
d 3 4555
d 3 4556
d 3 4557
d 3 4558
d 3 4559
d 3 4560
d 3 4561
d 3 4562
d 3 4563
d 3 4564
d 4 4451
d 3 4565
d 3 4566
d 3 4567
d 3 4568
d 3 4569
d 3 4570
d 3 4571
d 3 4572
d 4 4452
d 3 4573
d 3 4574
d 4 4453
d 3 4575
d 3 4576
d 3 4577
d 3 4578
d 3 4579
d 3 4580
d 3 4581
d 4 4454
d 3 4582
d 3 4583
d 3 4584
d 3 4585
d 3 4586
d 3 4587
d 3 4588
d 3 4589
d 3 4590
d 3 4591
d 3 4592
d 3 4593
d 3 4594
d 3 4595
d 3 4596
d 3 4597
d 3 4598
d 3 4599
d 3 4600
d 3 4601
d 3 4602
d 3 4603
d 3 4604
d 3 4605
d 3 4606
d 3 4607
d 3 4608
d 3 4609
d 3 4610
d 4 4455
d 3 4611
d 3 4612
d 3 4613
d 3 4614
d 3 4615
d 3 4616
d 3 4617
d 4 4456
d 3 4618
d 4 4457
d 3 4619
d 3 4620
d 4 4458
d 3 4621
d 4 4459
d 3 4622
d 4 4460
d 3 4623
d 4 4461
d 4 4462
d 3 4624
d 4 4463
d 3 4625
d 3 4626
d 4 4464
d 3 4627
d 4 4465
d 4 4466
d 3 4628
d 4 4467
d 3 4629
d 3 4630
d 4 4468
d 3 4631
d 4 4469
d 3 4984
d 3 4985
d 3 4986
d 3 4987
d 3 4988
d 3 4989
d 3 4990
d 3 4991
d 3 4992
d 3 4993
d 3 4994
d 3 4995
d 3 4996
d 3 4997
d 3 4998
d 3 4999
d 3 5000
d 3 5001
d 3 5002
d 3 5003
d 3 5004
d 3 5031
d 3 5034
d 3 5035
d 3 5036
d 3 5037
d 3 5038
d 3 5039
d 3 5040
d 3 5041
d 3 5042
d 3 5043
d 3 5044
d 3 5045
d 3 5046
d 3 5047
d 3 5048
d 3 5049
d 3 5050
d 3 5051
d 3 5052
d 3 5060
d 3 5061
d 3 5062
d 3 5063
d 3 5064
d 3 5065
d 3 5066
d 3 5067
d 3 5068
d 3 5069
d 3 5070
d 3 5071
d 3 5072
d 3 5073
d 3 5074
d 3 5075
d 3 5076
d 3 5077
d 3 5078
d 3 5079
d 3 5080
d 3 5081
d 3 5082
d 3 5083
d 3 5084
d 3 5085
d 3 5086
d 3 5087
d 3 5088
d 3 5089
d 3 5090
d 3 5091
d 3 5092
d 3 5093
d 3 5094
d 3 5095
d 3 5096
d 3 5097
d 3 5098
d 3 5099
d 3 5100
d 3 5101
d 3 5102
d 3 5103
d 3 5104
d 3 5105
d 3 5106
d 3 5107
d 3 5108
d 3 5109
d 3 5170
d 3 5289
d 3 5300
d 3 5320
d 3 5355
d 4 5142
d 3 5377
d 3 5399
d 3 5400
d 3 5401
d 3 5402
d 3 5403
d 3 5404
d 3 5405
d 3 5406
d 3 5407
d 3 5408
d 3 5409
d 3 5410
d 3 5411
d 3 5412
d 3 5413
d 3 5414
d 3 5415
d 3 5416
d 3 5417
d 3 5418
d 3 5419
d 3 5420
d 3 5421
d 3 5422
d 3 5423
d 3 5424
d 3 5425
d 3 5426
d 3 5427
d 3 5428
d 3 5429
d 3 5430
d 3 5431
d 3 5432
d 3 5433
d 3 5434
d 3 5435
d 3 5436
d 3 5437
d 3 5438
d 3 5439
d 3 5440
d 3 5441
d 3 5442
d 3 5443
d 3 5444
d 3 5445
d 3 5446
d 3 5447
d 3 5448
d 3 5449
d 3 5450
d 3 5451
d 3 5452
d 3 5453
d 3 5454
d 3 5455
d 3 5456
d 3 5457
d 3 5458
d 3 5459
d 3 5460
d 3 5461
d 3 5462
d 3 5463
d 3 5464
d 3 5465
d 3 5466
d 3 5467
d 3 5468
d 3 5469
d 3 5470
d 3 5471
d 3 5472
d 3 5473
d 3 5474
d 3 5475
d 3 5476
d 3 5477
d 3 5478
d 3 5479
d 3 5480
d 3 5481
d 3 5482
d 3 5483
d 3 5484
d 3 5485
d 3 5486
d 3 5487
d 3 5488
d 3 5489
d 3 5490
d 3 5491
d 3 5492
d 3 5493
d 3 5494
d 3 5495
d 3 5496
d 3 5497
d 3 5498
d 3 5499
d 3 5500
d 3 5501
d 3 5502
d 3 5503
d 3 5504
d 3 5505
d 3 5506
d 3 5507
d 3 5508
d 3 5509
d 3 5510
d 3 5511
d 3 5512
d 3 5513
d 3 5514
d 3 5515
d 3 5516
d 3 5517
d 3 5518
d 3 5519
d 3 5520
d 3 5521
d 3 5522
d 3 5523
d 3 5524
d 3 5525
d 3 5526
d 3 5527
d 3 5528
d 3 5529
d 3 5530
d 3 5531
d 3 5532
d 3 5533
d 3 5534
d 3 5535
d 3 5536
d 3 5537
d 3 5538
d 3 5539
d 3 5540
d 3 5541
d 3 5542
d 3 5543
d 3 5544
d 3 5545
d 3 5546
d 3 5547
d 3 5548
d 3 5549
d 3 5550
d 3 5551
d 3 5552
d 3 5553
d 3 5554
d 3 5555
d 3 5556
d 3 5557
d 3 5558
d 3 5559
d 3 5560
d 3 5561
d 3 5562
d 3 5563
d 3 5564
d 3 5565
d 3 5566
d 3 5567
d 3 5568
d 3 5569
d 3 5570
d 3 5571
d 3 5572
d 3 5573
d 3 5574
d 3 5575
d 3 5576
d 3 5577
d 3 5578
d 3 5579
d 3 5580
d 3 5581
d 3 5582
d 3 5583
d 3 5584
d 3 5585
d 3 5586
d 3 5587
d 3 5588
d 3 5589
d 3 5590
d 3 5591
d 3 5592
d 3 5593
d 3 5594
d 3 5595
d 3 5596
d 3 5597
d 3 5598
d 3 5599
d 3 5600
d 3 5601
d 3 5602
d 3 5603
d 3 5604
d 3 5605
d 3 5606
d 3 5607
d 3 5608
d 3 5609
d 3 5610
d 3 5611
d 3 5612
d 3 5613
d 3 5614
d 3 5615
d 3 5616
d 3 5617
d 3 5618
d 3 5619
d 3 5620
d 3 5621
d 3 5622
d 3 5623
d 3 5624
d 3 5625
d 3 5626
d 3 5627
d 3 5628
d 3 5629
d 3 5630
d 3 5631
d 3 5632
d 3 5633
d 3 5634
d 3 5635
d 3 5636
d 3 5637
d 3 5638
d 3 5639
d 3 5640
d 3 5641
d 3 5642
d 3 5643
d 3 5644
d 3 5645
d 3 5646
d 3 5647
d 3 5648
d 3 5649
d 3 5650
d 3 5651
d 3 5652
d 3 5653
d 3 5654
d 3 5655
d 3 5656
d 3 5657
d 3 5658
d 3 5659
d 3 5660
d 3 5661
d 3 5662
d 3 5663
d 3 5664
d 3 5665
d 3 5666
d 3 5667
d 3 5668
d 3 5669
d 3 5670
d 3 5671
d 3 5672
d 3 5673
d 3 5674
d 3 5675
d 3 5676
d 3 5677
d 3 5678
d 3 5679
d 3 5680
d 3 5681
d 3 5682
d 3 5683
d 3 5684
d 3 5685
d 3 5686
d 3 5687
d 3 5688
d 3 5689
d 3 5690
d 3 5691
d 3 5692
d 3 5693
d 3 5694
d 3 5695
d 3 5696
d 3 5697
d 3 5698
d 3 5699
d 3 5700
d 3 5701
d 3 5702
d 3 5703
d 3 5704
d 3 5705
d 3 5706
d 3 5707
d 3 5708
d 3 5709
d 3 5710
d 3 5711
d 3 5712
d 3 5713
d 3 5714
d 3 5715
d 3 5716
d 3 5717
d 3 5718
d 3 5719
d 3 5720
d 3 5721
d 3 5722
d 3 5723
d 3 5724
d 3 5725
d 3 5726
d 3 5727
d 3 5728
d 3 5729
d 3 5730
d 3 5731
d 3 5732
d 3 5733
d 3 5738
d 3 5743
d 3 5771
d 3 5796
d 3 5822
d 3 5832
d 3 5835
d 3 5837
d 3 5838
d 3 5840
d 3 5843
d 3 5844
d 3 5847
d 3 5848
d 3 5850
d 3 5852
d 3 5854
d 3 5856
d 3 5857
d 3 5859
d 3 5861
d 3 5891
d 3 5945
d 3 5948
d 3 5951
d 3 5953
d 3 5955
d 3 5957
d 3 5958
d 3 5960
d 3 5962
d 4 5160
d 4 5161
d 4 5162
d 4 5163
d 4 5164
d 4 5165
d 4 5166
d 4 5167
d 4 5168
d 4 5169
d 4 5170
d 4 5171
d 4 5172
d 4 5173
d 4 5174
d 4 5175
d 4 5176
d 4 5177
d 4 5178
d 4 5179
d 4 5180
d 4 5181
d 4 5182
d 4 5183
d 4 5184
d 4 5185
d 4 5186
d 4 5187
d 4 5188
d 4 5189
d 4 5190
d 4 5191
d 4 5192
d 4 5193
d 4 5194
d 4 5195
d 4 5196
d 4 5197
d 4 5198
d 4 5199
d 4 5200
d 4 5201
d 4 5202
d 4 5203
d 4 5204
d 4 5205
d 4 5206
d 4 5207
d 4 5208
d 4 5209
d 4 5210
d 4 5211
d 4 5212
d 4 5213
d 4 5214
d 4 5215
d 4 5216
d 4 5217
d 4 5218
d 4 5219
d 4 5220
d 4 5221
d 4 5222
d 4 5223
d 4 5224
d 4 5225
d 4 5226
d 4 5227
d 4 5228
d 4 5229
d 4 5230
d 4 5231
d 4 5232
d 4 5233
d 4 5234
d 4 5235
d 4 5236
d 4 5237
d 4 5238
d 4 5239
d 4 5240
d 4 5241
d 4 5242
d 4 5243
d 4 5244
d 4 5245
d 4 5246
d 4 5247
d 4 5248
d 4 5249
d 4 5250
d 4 5251
d 4 5252
d 4 5253
d 4 5254
d 4 5255
d 4 5256
d 4 5257
d 4 5258
d 4 5259
d 4 5260
d 4 5261
d 4 5262
d 4 5263
d 4 5264
d 4 5265
d 4 5266
d 4 5267
d 4 5268
d 4 5269
d 4 5270
d 4 5271
d 4 5272
d 4 5273
d 4 5274
d 4 5275
d 4 5276
d 4 5277
d 4 5278
d 4 5279
d 4 5280
d 4 5281
d 4 5282
d 4 5283
d 4 5284
d 4 5285
d 4 5286
d 4 5287
d 4 5288
d 4 5289
d 4 5290
d 4 5291
d 4 5292
d 4 5293
d 4 5294
d 4 5295
d 4 5296
d 4 5297
d 4 5298
d 4 5299
d 4 5300
d 4 5301
d 4 5302
d 4 5303
d 4 5304
d 4 5305
d 4 5306
d 4 5307
d 4 5308
d 4 5309
d 4 5310
d 4 5311
d 4 5312
d 4 5313
d 4 5314
d 4 5315
d 4 5316
d 4 5317
d 4 5318
d 4 5319
d 4 5320
d 4 5321
d 4 5322
d 4 5323
d 4 5324
d 4 5325
d 4 5326
d 4 5327
d 4 5328
d 4 5329
d 4 5330
d 4 5331
d 4 5332
d 4 5333
d 4 5334
d 4 5335
d 4 5336
d 4 5337
d 4 5338
d 4 5339
d 4 5340
d 4 5341
d 4 5342
d 4 5343
d 4 5344
d 4 5345
d 4 5346
d 4 5347
d 4 5348
d 4 5349
d 4 5350
d 4 5351
d 4 5352
d 4 5353
d 4 5354
d 4 5355
d 4 5356
d 4 5357
d 4 5358
d 4 5359
d 4 5360
d 4 5361
d 4 5362
d 4 5363
d 4 5364
d 4 5365
d 4 5366
d 4 5367
d 4 5368
d 4 5369
d 4 5370
d 4 5371
d 4 5372
d 4 5373
d 4 5374
d 4 5375
d 4 5376
d 4 5377
d 4 5378
d 4 5379
d 4 5380
d 4 5381
d 4 5382
d 4 5383
d 4 5384
d 4 5385
d 4 5386
d 4 5387
d 4 5388
d 4 5389
d 4 5390
d 4 5391
d 4 5392
d 4 5393
d 4 5394
d 4 5395
d 4 5396
d 4 5397
d 4 5398
d 4 5399
d 4 5400
d 4 5401
d 4 5402
d 4 5403
d 4 5404
d 4 5405
d 4 5406
d 4 5407
d 4 5408
d 4 5409
d 4 5410
d 4 5411
d 4 5412
d 4 5413
d 4 5414
d 4 5415
d 4 5416
d 4 5417
d 4 5418
d 4 5419
d 4 5420
d 4 5421
d 4 5422
d 4 5423
d 4 5424
d 4 5425
d 4 5426
d 4 5427
d 4 5428
d 4 5429
d 4 5430
d 4 5431
d 4 5432
d 4 5433
d 4 5434
d 2 5252
d 2 5253
d 2 5254
d 2 5255
d 2 5256
d 2 5257
d 2 5258
d 2 5259
d 2 5260
d 2 5261
d 2 5262
d 2 5263
d 2 5264
d 2 5265
d 2 5266
d 2 5267
d 2 5268
d 2 5269
d 2 5270
d 2 5271
d 2 5272
d 2 5273
d 2 5274
d 2 5275
d 2 5276
d 2 5277
d 2 5278
d 2 5279
d 2 5280
d 2 5281
d 2 5282
d 2 5283
d 2 5284
d 2 5285
d 2 5286
d 2 5287
d 2 5288
d 2 5289
d 2 5290
d 2 5291
d 2 5292
d 2 5293
d 2 5294
d 2 5295
d 2 5296
d 2 5297
d 2 5298
d 2 5299
d 2 5300
d 2 5301
d 2 5302
d 2 5303
d 2 5304
d 2 5305
d 2 5306
d 2 5307
d 2 5308
d 2 5309
d 2 5310
d 2 5311
d 2 5312
d 2 5313
d 2 5314
d 2 5315
d 2 5316
d 2 5317
d 2 5318
d 2 5319
d 2 5320
d 2 5321
d 2 5322
d 2 5323
d 2 5324
d 2 5325
d 2 5326
d 2 5327
d 2 5328
d 2 5329
d 2 5330
d 2 5331
d 2 5332
d 2 5333
d 2 5334
d 2 5335
d 2 5336
d 2 5337
d 2 5338
d 2 5339
d 2 5340
d 2 5341
d 2 5342
d 2 5343
d 2 5344
d 2 5345
d 2 5346
d 2 5347
d 2 5348
d 2 5349
d 2 5350
d 2 5351
d 2 5352
d 2 5353
d 2 5354
d 2 5355
d 2 5356
d 2 5357
d 2 5358
d 2 5359
d 2 5360
d 2 5361
d 2 5362
d 2 5363
d 2 5364
d 2 5365
d 2 5366
d 2 5367
d 2 5368
d 2 5369
d 2 5370
d 2 5371
d 2 5372
d 2 5373
d 2 5374
d 2 5375
d 2 5376
d 2 5377
d 2 5378
d 2 5379
d 2 5380
d 2 5381
d 2 5382
d 2 5383
d 2 5384
d 2 5385
d 2 5386
d 2 5387
d 2 5388
d 2 5389
d 2 5390
d 2 5391
d 2 5392
d 2 5393
d 2 5394
d 2 5395
d 2 5396
d 2 5397
d 2 5398
d 2 5399
d 2 5400
d 2 5401
d 2 5402
d 2 5403
d 2 5404
d 2 5405
d 2 5406
d 2 5407
d 2 5408
d 2 5409
d 2 5410
d 2 5411
d 2 5412
d 2 5413
d 2 5414
d 2 5415
d 2 5416
d 2 5417
d 2 5418
d 2 5419
d 2 5420
d 2 5421
d 2 5422
d 2 5423
d 2 5424
d 2 5425
d 2 5426
d 2 5427
d 2 5428
d 2 5429
d 2 5430
d 2 5431
d 2 5432
d 2 5433
d 2 5434
d 2 5435
d 2 5436
d 2 5437
d 2 5438
d 2 5439
d 2 5440
d 2 5441
d 2 5442
d 2 5443
d 2 5444
d 2 5445
d 2 5446
d 2 5447
d 2 5448
d 2 5449
d 2 5450
d 2 5451
d 2 5452
d 2 5453
d 2 5454
d 2 5455
d 2 5456
d 2 5457
d 2 5458
d 2 5459
d 2 5460
d 2 5461
d 2 5462
d 2 5463
d 2 5464
d 2 5465
d 2 5466
d 2 5467
d 2 5468
d 2 5469
d 2 5470
d 2 5471
d 2 5472
d 2 5473
d 2 5474
d 2 5475
d 2 5476
d 2 5477
d 2 5478
d 2 5479
d 2 5480
d 2 5481
d 2 5482
d 2 5483
d 2 5484
d 2 5485
d 2 5486
d 2 5487
d 2 5488
d 2 5489
d 2 5490
d 2 5491
d 2 5492
d 2 5493
d 2 5494
d 2 5495
d 2 5496
d 2 5497
d 2 5498
d 2 5499
d 2 5500
d 2 5501
d 2 5502
d 2 5503
d 2 5504
d 2 5505
d 2 5506
d 2 5507
d 2 5508
d 2 5509
d 2 5510
d 2 5511
d 2 5512
d 2 5513
d 2 5514
d 2 5515
d 2 5516
d 2 5517
d 2 5518
d 2 5519
d 2 5520
d 2 5521
d 2 5522
d 2 5523
d 2 5524
d 2 5525
d 2 5526
d 2 5527
d 2 5528
d 2 5529
d 2 5530
d 2 5531
d 2 5532
d 2 5533
d 2 5534
d 2 5535
d 2 5536
d 2 5537
d 2 5538
d 2 5539
d 2 5540
d 2 5541
d 2 5542
d 2 5543
d 2 5544
d 2 5545
d 2 5546
d 2 5547
d 2 5548
d 2 5549
d 2 5550
d 2 5551
d 2 5552
d 2 5553
d 2 5554
d 2 5555
d 2 5556
d 2 5557
d 2 5558
d 2 5559
d 2 5560
d 2 5561
d 2 5562
d 2 5563
d 2 5564
d 2 5565
d 2 5566
d 2 5567
d 2 5568
d 2 5569
d 2 5570
d 2 5571
d 2 5572
d 2 5573
d 2 5574
d 2 5575
d 2 5576
d 2 5577
d 2 5578
d 2 5579
d 2 5580
d 2 5581
d 2 5582
d 2 5583
d 2 5584
d 2 5585
d 2 5586
d 2 5587
d 2 5588
d 2 5589
d 2 5590
d 2 5591
d 2 5592
d 2 5593
d 2 5594
d 2 5595
d 2 5596
d 2 5597
d 2 5598
d 2 5599
d 2 5600
d 2 5601
d 2 5602
d 2 5603
d 2 5604
d 2 5605
d 2 5606
d 2 5607
d 2 5608
d 2 5609
d 2 5610
d 2 5611
d 2 5612
d 2 5613
d 2 5614
d 2 5615
d 2 5616
d 2 5617
d 2 5618
d 2 5619
d 2 5620
d 2 5621
d 2 5622
d 2 5623
d 2 5624
d 2 5625
d 2 5626
d 2 5627
d 2 5628
d 2 5629
d 2 5630
d 2 5631
d 2 5632
d 2 5633
d 2 5634
d 2 5635
d 2 5636
d 2 6487
d 2 6589
d 2 6684
d 3 6925
d 2 6798
d 2 6842
d 2 6844
d 2 6846
d 4 6549
d 4 6550
d 4 6551
d 4 6552
d 4 6553
d 4 6554
d 4 6555
d 4 6556
d 4 6557
d 4 6558
d 4 6559
d 4 6560
d 4 6561
d 4 6562
d 4 6563
d 4 6564
d 4 6565
d 4 6566
d 4 6567
d 4 6568
d 4 6569
d 4 6570
d 4 6571
d 4 6572
d 4 6573
d 4 6574
d 4 6575
d 4 6576
d 4 6577
d 4 6578
d 4 6579
d 4 6580
d 4 6581
d 4 6582
d 4 6583
d 4 6584
d 4 6585
d 4 6586
d 4 6587
d 4 6588
d 4 6589
d 4 6590
d 4 6591
d 4 6592
d 4 6593
d 4 6594
d 4 6595
d 4 6596
d 4 6597
d 4 6598
d 4 6599
d 4 6600
d 4 6601
d 4 6602
d 4 6603
d 4 6604
d 4 6605
d 4 6606
d 4 6607
d 4 6608
d 4 6609
d 4 6610
d 4 6611
d 4 6612
d 4 6613
d 4 6614
d 4 6615
d 4 6616
d 4 6617
d 4 6618
d 4 6619
d 4 6620
d 4 6621
d 4 6622
d 4 6623
d 4 6624
d 4 6625
d 4 6626
d 4 6627
d 4 6628
d 4 6629
d 4 6630
d 4 6631
d 4 6632
d 4 6633
d 4 6634
d 4 6635
d 4 6636
d 4 6637
d 4 6638
d 4 6639
d 4 6640
d 4 6641
d 4 6642
d 4 6643
d 4 6644
d 4 6645
d 4 6646
d 4 6647
d 4 6648
d 4 6649
d 4 6650
d 4 6651
d 4 6652
d 4 6653
d 4 6654
d 4 6655
d 4 6656
d 4 6657
d 4 6658
d 4 6659
d 4 6660
d 4 6661
d 4 6662
d 4 6663
d 4 6664
d 4 6665
d 4 6666
d 4 6667
d 4 6668
d 4 6669
d 4 6670
d 4 6671
d 4 6672
d 4 6673
d 4 6674
d 4 6675
d 4 6676
d 4 6677
d 4 6678
d 4 6679
d 4 6680
d 4 6681
d 4 6682
d 4 6683
d 4 6684
d 4 6685
d 4 6686
d 4 6687
d 4 6688
d 4 6689
d 4 6690
d 4 6691
d 4 6692
d 4 6693
d 4 6694
d 4 6695
d 4 6696
d 4 6697
d 4 6698
d 4 6699
d 4 6700
d 4 6701
d 4 6702
d 4 6703
d 4 6704
d 4 6705
d 4 6706
d 4 6707
d 4 6708
d 4 6709
d 4 6710
d 4 6711
d 4 6712
d 4 6713
d 4 6714
d 4 6715
d 4 6716
d 4 6717
d 4 6718
d 4 6719
d 4 6720
d 4 6721
d 4 6722
d 4 6723
d 4 6724
d 4 6725
d 4 6726
d 4 6727
d 4 6728
d 4 6729
d 4 6730
d 4 6731
d 4 6732
d 4 6733
d 4 6734
d 4 6735
d 4 6736
d 4 6737
d 4 6738
d 4 6739
d 4 6740
d 4 6741
d 4 6742
d 4 6743
d 4 6744
d 4 6745
d 4 6746
d 4 6747
d 4 6748
d 4 6749
d 4 6750
d 4 6751
d 4 6752
d 4 6753
d 4 6754
d 4 6755
d 4 6756
d 4 6757
d 4 6758
d 4 6759
d 4 6760
d 4 6761
d 4 6762
d 4 6763
d 4 6764
d 4 6765
d 4 6766
d 4 6767
d 4 6768
d 4 6769
d 4 6770
d 4 6771
d 4 6772
d 4 6773
d 4 6774
d 4 6775
d 4 6776
d 4 6777
d 4 6778
d 4 6779
d 4 6780
d 4 6781
d 4 6782
d 4 6783
d 4 6784
d 4 6785
d 4 6786
d 4 6787
d 4 6788
d 4 6789
d 4 6790
d 4 6791
d 4 6792
d 4 6793
d 4 6794
d 4 6795
d 4 6796
d 4 6797
d 4 6798
d 4 6799
d 4 6800
d 4 6801
d 4 6802
d 4 6803
d 4 6804
d 4 6805
d 3 7046
d 4 6806
d 4 6807
d 4 6808
d 3 7047
d 4 6809
d 3 7048
d 4 6810
d 3 7049
d 4 6811
d 3 7050
d 4 6812
d 3 7051
d 4 6813
d 3 7052
d 4 6814
d 3 7053
d 3 7054
d 4 6815
d 3 7055
d 4 6816
d 4 6817
d 3 7056
d 4 6818
d 3 7057
d 3 7058
d 4 6819
d 3 7059
d 4 6820
d 3 7060
d 4 6821
d 4 6822
d 3 7061
d 4 6823
d 3 7062
d 4 6824
d 3 7063
d 4 6825
d 3 7064
d 4 6826
d 3 7065
d 4 6827
d 3 7066
d 4 6828
d 3 7067
d 4 6829
d 3 7068
d 4 6830
d 3 7069
d 4 6831
d 3 7070
d 4 6832
d 4 6833
d 3 7071
d 3 7072
d 4 6834
d 3 7073
d 4 6835
d 3 7074
d 4 6836
d 4 6837
d 3 7075
d 4 6838
d 3 7076
d 4 6839
d 3 7077
d 4 6840
d 3 7078
d 3 7079
d 4 6841
d 3 7080
d 2 7022
d 2 7023
d 2 7024
d 2 7025
d 2 7026
d 2 7027
d 2 7028
d 2 7029
d 2 7030
d 2 7031
d 2 7032
d 2 7033
d 2 7034
d 2 7035
d 2 7036
d 2 7037
d 2 7038
d 2 7039
d 2 7040
d 2 7041
d 2 7042
d 2 7043
d 2 7044
d 2 7045
d 2 7046
d 2 7047
d 2 7048
d 2 7049
d 2 7050
d 2 7051
d 2 7052
d 2 7053
d 2 7054
d 2 7055
d 2 7056
d 2 7057
d 2 7058
d 2 7059
d 2 7060
d 2 7061
d 2 7062
d 2 7063
d 2 7064
d 2 7065
d 2 7066
d 2 7067
d 2 7068
d 2 7069
d 2 7070
d 2 7071
d 2 7072
d 2 7073
d 2 7074
d 2 7075
d 2 7076
d 2 7077
d 2 7078
d 2 7079
d 2 7080
d 2 7081
d 2 7082
d 2 7083
d 2 7084
d 2 7085
d 2 7086
d 2 7087
d 2 7088
d 2 7089
d 2 7090
d 2 7091
d 2 7092
d 2 7093
d 2 7094
d 2 7095
d 2 7096
d 2 7097
d 2 7098
d 2 7099
d 2 7100
d 2 7101
d 2 7102
d 2 7103
d 2 7104
d 2 7105
d 2 7106
d 2 7107
d 2 7108
d 2 7109
d 2 7110
d 2 7111
d 2 7112
d 2 7113
d 2 7114
d 2 7115
d 2 7116
d 2 7117
d 2 7118
d 2 7119
d 2 7120
d 2 7121
d 2 7122
d 2 7123
d 2 7124
d 2 7125
d 2 7126
d 2 7127
d 2 7128
d 2 7129
d 2 7130
d 2 7131
d 2 7132
d 2 7133
d 2 7134
d 2 7135
d 2 7136
d 2 7137
d 2 7138
d 2 7139
d 2 7140
d 2 7141
d 2 7142
d 2 7143
d 2 7144
d 2 7145
d 2 7146
d 2 7147
d 2 7148
d 2 7149
d 2 7150
d 2 7151
d 2 7152
d 2 7153
d 2 7154
d 2 7155
d 2 7156
d 2 7157
d 2 7158
d 2 7159
d 2 7160
d 2 7161
d 2 7162
d 2 7163
d 2 7164
d 2 7165
d 2 7166
d 2 7167
d 2 7168
d 2 7169
d 2 7170
d 2 7171
d 2 7172
d 2 7173
d 2 7174
d 2 7175
d 2 7176
d 2 7177
d 2 7178
d 2 7179
d 2 7180
d 2 7181
d 2 7182
d 2 7183
d 2 7184
d 2 7185
d 2 7186
d 2 7187
d 2 7188
d 2 7189
d 2 7190
d 2 7191
d 2 7192
d 2 7193
d 2 7194
d 2 7195
d 2 7196
d 2 7197
d 2 7198
d 2 7199
d 2 7200
d 2 7201
d 2 7202
d 2 7203
d 2 7204
d 2 7205
d 2 7206
d 2 7207
d 2 7208
d 2 7209
d 2 7210
d 2 7211
d 2 7212
d 2 7213
d 2 7214
d 2 7215
d 2 7216
d 2 7217
d 2 7218
d 2 7219
d 2 7220
d 2 7221
d 2 7222
d 2 7223
d 2 7224
d 2 7225
d 2 7226
d 2 7227
d 2 7228
d 2 7229
d 2 7230
d 2 7231
d 2 7232
d 2 7233
d 2 7234
d 2 7235
d 2 7236
d 2 7237
d 2 7238
d 2 7239
d 2 7240
d 2 7241
d 2 7242
d 2 7243
d 2 7244
d 2 7245
d 2 7246
d 2 7247
d 2 7248
d 2 7249
d 2 7250
d 2 7251
d 2 7252
d 2 7253
d 2 7254
d 2 7255
d 2 7256
d 2 7257
d 2 7258
d 2 7259
d 2 7260
d 2 7261
d 2 7262
d 2 7263
d 2 7264
d 2 7265
d 2 7266
d 2 7267
d 2 7268
d 2 7269
d 2 7270
d 2 7271
d 2 7272
d 2 7273
d 2 7274
d 2 7275
d 2 7276
d 2 7277
d 2 7278
d 2 7279
d 2 7280
d 2 7281
d 2 7282
d 2 7283
d 2 7284
d 2 7285
d 2 7286
d 2 7287
d 2 7288
d 2 7289
d 2 7290
d 2 7291
d 2 7292
d 2 7293
d 2 7294
d 2 7295
d 2 7296
d 2 7297
d 2 7298
d 2 7299
d 2 7300
d 2 7301
d 2 7302
d 2 7303
d 2 7304
d 2 7305
d 2 7306
d 2 7307
d 2 7308
d 2 7309
d 2 7310
d 2 7311
d 2 7312
d 2 7313
d 2 7314
d 2 7315
d 4 7042
d 4 7043
d 4 7044
d 4 7045
d 4 7046
d 4 7047
d 4 7048
d 4 7049
d 4 7050
d 4 7051
d 4 7052
d 4 7053
d 4 7054
d 4 7055
d 4 7056
d 4 7057
d 4 7058
d 4 7059
d 4 7060
d 4 7061
d 4 7062
d 4 7063
d 4 7064
d 4 7065
d 4 7066
d 4 7067
d 4 7068
d 4 7069
d 4 7070
d 4 7071
d 4 7072
d 4 7073
d 4 7074
d 4 7075
d 4 7076
d 4 7077
d 4 7078
d 4 7079
d 4 7080
d 4 7081
d 4 7082
d 4 7083
d 4 7084
d 4 7085
d 4 7086
d 4 7087
d 4 7088
d 4 7089
d 4 7090
d 4 7091
d 4 7092
d 4 7093
d 4 7094
d 4 7095
d 4 7096
d 4 7097
d 4 7098
d 2 7316
d 4 7099
d 2 7317
d 4 7100
d 2 7318
d 4 7101
d 4 7102
d 2 7319
d 4 7103
d 2 7320
d 4 7104
d 2 7321
d 2 7322
d 4 7105
d 4 7106
d 2 7323
d 4 7107
d 2 7324
d 4 7108
d 2 7325
d 4 7109
d 2 7326
d 4 7110
d 2 7327
d 2 7328
d 4 7111
d 2 7329
d 4 7112
d 2 7330
d 4 7113
d 2 7331
d 4 7114
d 2 7332
d 4 7115
d 2 7333
d 4 7116
d 2 7334
d 4 7117
d 2 7335
d 4 7118
d 4 7119
d 2 7336
d 4 7120
d 2 7337
d 2 7338
d 4 7121
d 2 7339
d 4 7122
d 2 7340
d 4 7123
d 2 7341
d 4 7124
d 2 7342
d 4 7125
d 2 7343
d 4 7126
d 2 7344
d 4 7127
d 2 7345
d 4 7128
d 2 7346
d 4 7129
d 2 7347
d 4 7130
d 2 7348
d 4 7131
d 2 7349
d 2 7350
d 2 7351
d 2 7352
d 2 7353
d 2 7354
d 2 7355
d 2 7356
d 2 7357
d 2 7358
d 2 7359
d 2 7360
d 2 7361
d 2 7362
d 2 7363
d 2 7364
d 2 7365
d 2 7366
d 2 7367
d 2 7368
d 2 7369
d 2 7370
d 2 7371
d 2 7372
d 2 7373
d 2 7374
d 2 7375
d 2 7376
d 2 7377
d 2 7378
d 2 7379
d 2 7380
d 2 7381
d 2 7382
d 2 7383
d 2 7384
d 2 7385
d 2 7386
d 2 7387
d 2 7388
d 2 7389
d 2 7390
d 2 7391
d 4 7132
d 2 7392
d 4 7133
d 2 7393
d 4 7134
d 2 7394
d 4 7135
d 2 7395
d 2 7396
d 4 7136
d 2 7397
d 4 7137
d 2 7398
d 4 7138
d 2 7399
d 4 7139
d 2 7400
d 4 7140
d 2 7401
d 4 7141
d 2 7402
d 4 7142
d 2 7403
d 2 7404
d 4 7143
d 2 7405
d 4 7144
d 2 7406
d 4 7145
d 2 7407
d 4 7146
d 2 7408
d 4 7147
d 2 7409
d 4 7148
d 2 7410
d 4 7149
d 2 7411
d 4 7150
d 2 7412
d 4 7151
d 2 7413
d 4 7152
d 2 7414
d 4 7153
d 2 7415
d 2 7416
d 4 7154
d 4 7155
d 2 7417
d 2 7418
d 4 7156
d 2 7419
d 4 7157
d 2 7420
d 4 7158
d 2 7421
d 4 7159
d 2 7422
d 4 7160
d 2 7423
d 4 7161
d 2 7424
d 4 7162
d 2 7425
d 4 7163
d 2 7426
d 4 7164
d 2 7427
d 4 7165
d 2 7428
d 4 7166
d 2 7429
d 4 7167
d 2 7430
d 4 7168
d 2 7431
d 4 7169
d 2 7432
d 4 7170
d 2 7433
d 4 7171
d 2 7434
d 4 7172
d 2 7435
d 4 7173
d 2 7436
d 4 7174
d 2 7437
d 4 7175
d 2 7438
d 4 7176
d 2 7439
d 4 7177
d 2 7440
d 4 7178
d 2 7441
d 4 7179
d 2 7442
d 4 7180
d 2 7443
d 4 7181
d 2 7444
d 4 7182
d 2 7445
d 4 7183
d 2 7446
d 4 7184
d 2 7447
d 4 7185
d 2 7448
d 4 7186
d 2 7449
d 4 7187
d 2 7450
d 4 7188
d 2 7451
d 4 7189
d 2 7452
d 4 7190
d 2 7453
d 4 7191
d 2 7454
d 4 7192
d 2 7455
d 4 7193
d 2 7456
d 4 7194
d 2 7457
d 4 7195
d 2 7458
d 4 7196
d 2 7459
d 4 7197
d 2 7460
d 4 7198
d 2 7461
d 2 7462
d 4 7199
d 2 7463
d 4 7200
d 2 7464
d 4 7201
d 2 7465
d 4 7202
d 2 7466
d 4 7203
d 2 7467
d 4 7204
d 2 7468
d 4 7205
d 2 7469
d 4 7206
d 2 7470
d 4 7207
d 2 7471
d 4 7208
d 4 7209
d 2 7472
d 4 7210
d 2 7473
d 2 7474
d 4 7211
d 2 7475
d 4 7212
d 2 7476
d 4 7213
d 2 7477
d 4 7214
d 2 7478
d 4 7215
d 2 7479
d 4 7216
d 2 7480
d 2 7481
d 4 7217
d 2 7482
d 4 7218
d 2 7483
d 4 7219
d 2 7484
d 4 7220
d 2 7485
d 4 7221
d 2 7486
d 4 7222
d 2 7487
d 4 7223
d 2 7488
d 4 7224
d 2 7489
d 4 7225
d 2 7490
d 4 7226
d 2 7491
d 4 7227
d 2 7492
d 4 7228
d 2 7493
d 4 7229
d 2 7494
d 4 7230
d 2 7495
d 4 7231
d 2 7496
d 4 7232
d 2 7497
d 4 7233
d 2 7498
d 4 7234
d 2 7499
d 4 7235
d 2 7500
d 2 7501
d 4 7236
d 2 7502
d 4 7237
d 2 7503
d 4 7238
d 2 7504
d 4 7239
d 2 7505
d 4 7240
d 2 7506
d 4 7241
d 2 7507
d 4 7242
d 2 7508
d 4 7243
d 2 7509
d 4 7244
d 2 7510
d 4 7245
d 2 7511
d 4 7246
d 2 7512
d 4 7247
d 2 7513
d 4 7248
d 2 7514
d 2 7515
d 4 7249
d 2 7516
d 4 7250
d 4 7251
d 2 7517
d 4 7252
d 2 7518
d 2 7519
d 4 7253
d 2 7520
d 4 7254
d 2 7521
d 4 7255
d 2 7522
d 4 7256
d 2 7523
d 4 7257
d 2 7524
d 4 7258
d 2 7525
d 4 7259
d 2 7526
d 4 7260
d 2 7527
d 4 7261
d 2 7528
d 4 7262
d 2 7529
d 4 7263
d 2 7530
d 4 7264
d 2 7531
d 4 7265
d 2 7532
d 4 7266
d 2 7533
d 4 7267
d 2 7534
d 4 7268
d 4 7269
d 2 7535
d 2 7536
d 4 7270
d 2 7537
d 4 7271
d 2 7538
d 4 7272
d 2 7539
d 4 7273
d 2 7540
d 4 7274
d 2 7541
d 4 7275
d 2 7542
d 4 7276
d 2 7543
d 4 7277
d 2 7544
d 4 7278
d 4 7279
d 2 7545
d 4 7280
d 2 7546
d 4 7281
d 2 7547
d 4 7282
d 2 7548
d 2 7549
d 4 7283
d 2 7550
d 4 7284
d 2 7551
d 4 7285
d 2 7552
d 4 7286
d 2 7553
d 4 7287
d 2 7554
d 4 7288
d 2 7555
d 2 7556
d 4 7289
d 2 7557
d 4 7290
d 2 7558
d 4 7291
d 2 7559
d 4 7292
d 2 7560
d 4 7293
d 2 7561
d 4 7294
d 2 7562
d 4 7295
d 2 7563
d 4 7296
d 2 7564
d 4 7297
d 2 7565
d 4 7298
d 2 7566
d 4 7299
d 4 7300
d 2 7567
d 2 7568
d 4 7301
d 2 7569
d 4 7302
d 2 7570
d 4 7303
d 2 7571
d 4 7304
d 2 7572
d 4 7305
d 2 7573
d 4 7306
d 2 7574
d 4 7307
d 2 7575
d 4 7308
d 2 7576
d 4 7309
d 4 7310
d 2 7577
d 2 7578
d 4 7311
d 2 7579
d 4 7312
d 2 7580
d 4 7313
d 2 7581
d 4 7314
d 2 7582
d 4 7315
d 2 7583
d 4 7316
d 2 7584
d 4 7317
d 2 7585
d 4 7318
d 2 7586
d 2 7587
d 2 7588
d 2 7589
d 2 7590
d 2 7591
d 2 7592
d 2 7593
d 2 7594
d 2 7595
d 2 7596
d 2 7597
d 2 7598
d 2 7599
d 2 7600
d 2 7601
d 2 7602
d 2 7603
d 2 7604
d 2 7605
d 2 7606
d 2 7607
d 2 7608
d 2 7609
d 2 7610
d 2 7611
d 2 7612
d 2 7613
d 2 7614
d 2 7615
d 2 7616
d 2 7617
d 2 7618
d 2 7619
d 2 7620
d 2 7621
d 2 7622
d 2 7623
d 2 7624
d 2 7625
d 2 7626
d 2 7627
d 2 7628
d 2 7629
d 2 7630
d 2 7631
d 2 7632
d 2 7633
d 2 7634
d 2 7635
d 2 7636
d 2 7637
d 2 7638
d 2 7639
d 2 7640
d 2 7641
d 2 7642
d 2 7643
d 2 7644
d 2 7645
d 2 7646
d 2 7647
d 2 7648
d 2 7649
d 2 7650
d 2 7651
d 2 7652
d 2 7653
d 2 7654
d 4 7319
d 2 7655
d 4 7320
d 2 7656
d 4 7321
d 2 7657
d 4 7322
d 2 7658
d 4 7323
d 2 7659
d 4 7324
d 2 7660
d 4 7325
d 2 7661
d 2 7662
d 4 7326
d 2 7663
d 4 7327
d 2 7664
d 4 7328
d 2 7665
d 4 7329
d 2 7666
d 4 7330
d 2 7667
d 4 7331
d 2 7668
d 4 7332
d 2 7669
d 4 7333
d 2 7670
d 4 7334
d 2 7671
d 4 7335
d 2 7672
d 4 7336
d 4 7337
d 2 7673
d 4 7338
d 2 7674
d 2 7675
d 4 7339
d 2 7676
d 4 7340
d 2 7677
d 4 7341
d 2 7678
d 4 7342
d 2 7679
d 4 7343
d 4 7344
d 2 7680
d 4 7345
d 2 7681
d 2 7682
d 2 7683
d 2 7684
d 2 7685
d 2 7686
d 2 7687
d 2 7688
d 2 7689
d 2 7690
d 2 7691
d 2 7692
d 2 7693
d 2 7694
d 2 7695
d 2 7696
d 2 7697
d 2 7698
d 2 7699
d 2 7700
d 2 7701
d 2 7702
d 2 7703
d 2 7704
d 2 7705
d 2 7706
d 2 7707
d 2 7708
d 2 7709
d 2 7710
d 2 7711
d 2 7712
d 2 7713
d 2 7714
d 2 7715
d 2 7716
d 2 7717
d 2 7718
d 2 7719
d 2 7720
d 2 7721
d 2 7722
d 2 7723
d 2 7724
d 2 7725
d 2 7726
d 2 7727
d 2 7728
d 2 7729
d 2 7730
d 2 7731
d 2 7732
d 2 7733
d 2 7734
d 4 7346
d 2 7735
d 2 7736
d 2 7737
d 2 7738
d 2 7739
d 2 7740
d 2 7741
d 2 7742
d 2 7743
d 2 7744
d 2 7745
d 4 7347
d 4 7348
d 4 7349
d 4 7350
d 4 7351
d 4 7352
d 4 7353
d 4 7354
d 4 7355
d 2 7746
d 2 7747
d 2 7748
d 2 7749
d 2 7750
d 2 7751
d 2 7752
d 2 7753
d 2 7754
d 2 7755
d 2 7756
d 2 7757
d 2 7758
d 2 7759
d 2 7760
d 2 7761
d 2 7762
d 2 7763
d 2 7764
d 2 7765
d 2 7766
d 2 7767
d 2 7768
d 2 7769
d 2 7770
d 2 7771
d 2 7772
d 2 7773
d 2 7774
d 2 7775
d 2 7776
d 2 7777
d 2 7778
d 2 7779
d 2 7780
d 2 7781
d 2 7782
d 2 7783
d 2 7784
d 2 7785
d 2 7786
d 2 7787
d 2 7788
d 2 7789
d 2 7790
d 2 7791
d 2 7792
d 2 7793
d 2 7794
d 2 7795
d 2 7796
d 2 7797
d 2 7798
d 2 7799
d 2 7800
d 2 7801
d 2 7802
d 2 7803
d 2 7804
d 2 7805
d 2 7806
d 2 7807
d 2 7808
d 2 7809
d 2 7810
d 2 7811
d 3 7526
d 2 7812
d 2 7813
d 2 7814
d 2 7815
d 2 7816
d 2 7817
d 3 7527
d 2 7818
d 2 7819
d 3 7528
d 2 7820
d 3 7529
d 2 7821
d 3 7530
d 2 7822
d 3 7531
d 2 7823
d 3 7532
d 2 7824
d 3 7533
d 2 7825
d 3 7534
d 3 7535
d 3 7536
d 3 7537
d 3 7538
d 3 7539
d 3 7540
d 3 7541
d 3 7542
d 3 7543
d 3 7544
d 3 7545
d 3 7546
d 3 7547
d 3 7548
d 3 7549
d 3 7550
d 3 7551
d 3 7552
d 3 7553
d 3 7554
d 3 7555
d 3 7556
d 3 7557
d 3 7558
d 3 7559
d 3 7560
d 3 7561
d 3 7562
d 3 7563
d 3 7564
d 3 7565
d 3 7566
d 3 7567
d 3 7568
d 3 7569
d 3 7570
d 3 7571
d 3 7572
d 3 7573
d 3 7574
d 3 7575
d 3 7576
d 3 7577
d 3 7578
d 3 7579
d 3 7580
d 3 7581
d 3 7582
d 3 7583
d 3 7584
d 3 7585
d 3 7586
d 3 7587
d 3 7588
d 3 7589
d 3 7590
d 3 7591
d 3 7592
d 3 7593
d 3 7594
d 3 7595
d 3 7596
d 3 7597
d 3 7598
d 3 7599
d 3 7600
d 3 7601
d 3 7602
d 3 7603
d 3 7604
d 3 7605
d 3 7606
d 3 7607
d 3 7608
d 3 7609
d 3 7610
d 3 7611
d 3 7612
d 3 7613
d 3 7614
d 3 7615
d 3 7616
d 3 7617
d 3 7618
d 3 7619
d 3 7620
d 3 7621
d 3 7622
d 3 7623
d 3 7624
d 3 7625
d 3 7626
d 3 7627
d 3 7628
d 3 7629
d 3 7630
d 3 7631
d 3 7632
d 3 7633
d 3 7634
d 3 7635
d 3 7636
d 3 7637
d 3 7638
d 3 7639
d 3 7640
d 3 7641
d 3 7642
d 3 7643
d 3 7644
d 3 7645
d 3 7646
d 3 7647
d 3 7648
d 3 7649
d 3 7650
d 3 7651
d 3 7652
d 3 7653
d 3 7654
d 3 7655
d 3 7656
d 3 7657
d 3 7658
d 3 7659
d 3 7660
d 3 7661
d 3 7662
d 3 7663
d 3 7664
d 3 7665
d 3 7666
d 3 7667
d 3 7668
d 3 7669
d 3 7670
d 3 7671
d 3 7672
d 3 7673
d 3 7674
d 3 7675
d 3 7676
d 3 7677
d 3 7678
d 3 7679
d 3 7680
d 3 7681
d 3 7682
d 3 7683
d 3 7684
d 3 7685
d 3 7686
d 3 7687
d 3 7688
d 3 7689
d 3 7690
d 3 7691
d 3 7692
d 3 7693
d 3 7694
d 3 7695
d 3 7696
d 3 7697
d 3 7698
d 3 7699
d 3 7700
d 3 7701
d 3 7702
d 3 7703
d 3 9224
d 3 9228
d 3 9230
d 3 9231
d 3 9233
d 3 9235
d 3 9237
d 3 9238
d 3 9240
d 3 9244
d 2 9959
d 3 9598
d 2 9987
d 2 9988
d 2 9989
d 2 9990
d 2 9991
d 2 9992
d 2 9993
d 2 9994
d 3 9721
d 3 9740
d 3 9741
d 3 9742
d 3 9743
d 3 9744
d 3 9745
d 3 9747
d 3 9748
d 3 9750
d 3 9752
d 3 9754
d 3 9755
d 3 9757
d 3 9759
d 3 9760
d 3 9761
d 3 9763
d 3 9774
d 3 9776
d 3 9778
d 3 9779
d 3 9781
d 3 9783
d 3 9784
d 4 8399
d 4 8406
d 4 8421
d 4 8437
d 4 8448
d 4 8467
d 4 8471
d 4 8481
d 4 8495
d 4 8507
d 4 8518
d 4 8529
d 4 8541
d 4 8550
d 4 8553
d 4 8555
d 4 8557
d 4 8559
d 4 8560
d 4 8562
d 4 8563
d 4 8565
d 4 8566
d 4 8568
d 4 8569
d 4 8571
d 4 8573
d 4 8575
d 4 8576
d 4 8578
d 4 8579
d 4 8580
d 4 8582
d 4 8583
d 4 8585
d 4 8587
d 4 8588
d 4 8590
d 4 8605
d 4 8607
d 4 8609
d 4 8611
d 4 8612
d 4 8613
d 4 8614
d 4 8615
d 4 8616
d 4 8617
d 4 8618
d 4 8619
d 4 8620
d 4 8621
d 4 8622
d 4 8623
d 4 8624
d 4 8625
d 4 8626
d 4 8627
d 4 8628
d 4 8659
d 4 8673
d 4 8674
d 4 8675
d 4 8676
d 4 8677
d 4 8678
d 4 8679
d 4 8680
d 4 8681
d 4 8682
d 4 8683
d 4 8684
d 4 8685
d 4 8686
d 4 8687
d 4 8688
d 4 8689
d 4 8690
d 4 8691
d 4 8692
d 4 8693
d 4 8694
d 4 8695
d 4 8696
d 4 8697
d 4 8698
d 4 8699
d 4 8700
d 4 8701
d 4 8702
d 4 8703
d 4 8704
d 4 8705
d 4 8706
d 4 8707
d 4 8708
d 4 8709
d 4 8710
d 4 8711
d 4 8712
d 4 8713
d 4 8714
d 4 8715
d 4 8716
d 4 8717
d 4 8718
d 4 8719
d 4 8720
d 4 8721
d 4 8722
d 4 8723
d 4 8724
d 4 8725
d 4 8726
d 4 8727
d 4 8728
d 4 8729
d 4 8730
d 4 8731
d 4 8732
d 4 8733
d 4 8734
d 4 8735
d 4 8736
d 4 8737
d 4 8738
d 4 8739
d 4 8740
d 4 8741
d 4 8742
d 4 8743
d 4 8744
d 4 8745
d 4 8746
d 4 8747
d 4 8748
d 4 8749
d 4 8750
d 4 8751
d 4 8752
d 4 8753
d 4 8754
d 4 8755
d 4 8756
d 4 8757
d 4 8758
d 4 8759
d 4 8760
d 4 8761
d 4 8762
d 4 8763
d 4 8764
d 4 8765
d 4 8766
d 4 8767
d 4 8768
d 4 8769
d 4 8770
d 4 8771
d 4 8772
d 4 8773
d 4 8774
d 4 8775
d 4 8776
d 4 8777
d 4 8778
d 4 8779
d 4 8780
d 4 8781
d 4 8782
d 4 8783
d 4 8784
d 4 8785
d 4 8786
d 4 8787
d 4 8788
d 4 8789
d 4 8790
d 4 8791
d 4 8792
d 4 8793
d 4 8794
d 4 8795
d 4 8796
d 4 8797
d 4 8798
d 4 8799
d 4 8800
d 4 8801
d 4 8802
d 4 8803
d 4 8804
d 4 8805
d 4 8806
d 4 8807
d 4 8808
d 4 8809
d 4 8810
d 4 8811
d 4 8812
d 4 8813
d 4 8814
d 4 8815
d 4 8816
d 4 8817
d 4 8818
d 4 8819
d 4 8820
d 4 8821
d 4 8822
d 4 8823
d 4 8824
d 4 8825
d 4 8826
d 4 8869
d 4 8870
d 4 8871
d 4 8872
d 4 8873
d 4 8874
d 4 8875
d 4 8876
d 4 8877
d 4 8878
d 4 8879
d 4 8880
d 4 8881
d 4 8882
d 4 8883
d 4 8884
d 4 8885
d 4 8886
d 4 8887
d 4 8888
d 4 8889
d 4 8938
d 4 8989
d 4 8991
d 4 8992
d 4 8993
d 4 8994
d 4 8995
d 4 8996
d 4 8997
d 4 8998
d 4 8999
d 4 9000
d 4 9001
d 4 9002
d 4 9003
d 4 9004
d 4 9005
d 4 9006
d 4 9007
d 4 9008
d 4 9009
d 4 9010
d 4 9011
d 4 9012
d 4 9013
d 4 9014
d 4 9015
d 4 9016
d 4 9017
d 4 9018
d 4 9019
d 4 9020
d 4 9030
d 4 9041
d 4 9051
d 4 9062
d 4 9073
d 4 9084
d 4 9086
d 4 9087
d 4 9090
d 4 9091
d 4 9093
d 4 9094
d 4 9096
d 4 9098
d 4 9099
d 4 9101
d 4 9103
d 4 9104
d 4 9106
d 4 9109
d 4 9111
d 4 9113
d 4 9114
d 4 9116
d 4 9117
d 4 9119
d 4 9120
d 4 9122
d 4 9124
d 4 9125
d 4 9129
d 4 9172
d 4 9174
d 4 9176
d 4 9178
d 4 9180
d 4 9181
d 4 9182
d 4 9183
d 4 9184
d 4 9186
d 4 9187
d 4 9189
d 4 9191
d 4 9192
d 4 9194
d 4 9196
d 4 9197
d 4 9199
d 4 9201
d 4 9203
d 4 9205
d 3 9940
d 3 9941
d 3 9942
d 3 9943
d 3 9944
d 3 9945
d 3 9946
d 3 9947
d 3 9948
d 3 9949
d 3 9950
d 3 9951
d 3 9952
d 3 9953
d 3 9954
d 3 9955
d 3 9956
d 3 9957
d 3 9958
d 3 9959
d 3 9960
d 3 9961
d 3 9962
d 3 9963
d 3 9964
d 3 9965
d 3 9966
d 3 9967
d 3 9968
d 3 9969
d 3 9970
d 3 9971
d 3 9972
d 3 9973
d 3 9974
d 3 9975
d 3 9976
d 3 9977
d 3 9978
d 3 9979
d 3 9980
d 3 9981
d 3 9982
d 3 9983
d 3 9984
d 3 9985
d 3 9986
d 3 9987
d 3 9988
d 3 9989
d 3 9990
d 3 9991
d 3 9992
d 3 9993
d 3 9994
d 3 9995
d 3 9996
d 3 9997
d 3 9998
d 3 9999
