My PID: 44907

From a new terminal type `kill -SIGINT 44907` or `kill -SIGTERM 44907` to stop processing packets

My ID: 7

List of resolved hosts is:
==========================
1
Human-readable IP: 127.0.0.1
Human-readable Port: 11001

2
Human-readable IP: 127.0.0.1
Human-readable Port: 11002

3
Human-readable IP: 127.0.0.1
Human-readable Port: 11003

4
Human-readable IP: 127.0.0.1
Human-readable Port: 11004

5
Human-readable IP: 127.0.0.1
Human-readable Port: 11005

6
Human-readable IP: 127.0.0.1
Human-readable Port: 11006

7
Human-readable IP: 127.0.0.1
Human-readable Port: 11007

8
Human-readable IP: 127.0.0.1
Human-readable Port: 11008


Path to output:
===============
/Users/melody/Documents/GitHub/CS451-2021-project/logs/proc07.output

Path to config:
===============
logs/config

10000

Doing some initialization

Broadcasting and delivering messages...

receive msg: cs451.Message@2aa3da09
receive msg: cs451.Message@2f0e2d98
receive msg: cs451.Message@198ff75e
receive msg: cs451.Message@4a43cfdd
receive msg: cs451.Message@7e84270e
receive msg: cs451.Message@2038b7ab
receive msg: cs451.Message@466b81f5
receive msg: cs451.Message@120293c2
receive msg: cs451.Message@4d617adb
receive msg: cs451.Message@28010933
receive msg: cs451.Message@327f41ef
receive msg: cs451.Message@34e558e1
receive msg: cs451.Message@72944b04
receive msg: cs451.Message@52fc8cf4
receive msg: cs451.Message@1a44df7d
receive msg: cs451.Message@478ae84
receive msg: cs451.Message@54e40964
receive msg: cs451.Message@6249b420
receive msg: cs451.Message@5eca3023
receive msg: cs451.Message@1f07b9f0
receive msg: cs451.Message@6bdc2c5d
receive msg: cs451.Message@441b6db2
receive msg: cs451.Message@4b5f163a
receive msg: cs451.Message@6935fe98
receive msg: cs451.Message@63818927
receive msg: cs451.Message@7ce80e18
receive msg: cs451.Message@4f352979
receive msg: cs451.Message@932df39
pl send exit here
Immediately stopping network packet processing.
Writing output.
fl receive exit here
pl receive exit here
fl send exit here
