My PID: 44905

From a new terminal type `kill -SIGINT 44905` or `kill -SIGTERM 44905` to stop processing packets

My ID: 5

List of resolved hosts is:
==========================
1
Human-readable IP: 127.0.0.1
Human-readable Port: 11001

2
Human-readable IP: 127.0.0.1
Human-readable Port: 11002

3
Human-readable IP: 127.0.0.1
Human-readable Port: 11003

4
Human-readable IP: 127.0.0.1
Human-readable Port: 11004

5
Human-readable IP: 127.0.0.1
Human-readable Port: 11005

6
Human-readable IP: 127.0.0.1
Human-readable Port: 11006

7
Human-readable IP: 127.0.0.1
Human-readable Port: 11007

8
Human-readable IP: 127.0.0.1
Human-readable Port: 11008


Path to output:
===============
/Users/melody/Documents/GitHub/CS451-2021-project/logs/proc05.output

Path to config:
===============
logs/config

10000

Doing some initialization

Broadcasting and delivering messages...

receive msg: cs451.Message@7d5d20f
receive msg: cs451.Message@3ed77d76
receive msg: cs451.Message@7f670dc
receive msg: cs451.Message@17f8862d
receive msg: cs451.Message@3e946b77
receive msg: cs451.Message@3bad9d1e
receive msg: cs451.Message@f697a27
receive msg: cs451.Message@5c734c09
receive msg: cs451.Message@41215b23
receive msg: cs451.Message@16336b74
receive msg: cs451.Message@524f83d7
receive msg: cs451.Message@149a9e93
receive msg: cs451.Message@5fa93760
receive msg: cs451.Message@52cc9f2a
receive msg: cs451.Message@7cb3ff9f
receive msg: cs451.Message@3c9d989c
receive msg: cs451.Message@2a99ba58
receive msg: cs451.Message@1c9a45ee
receive msg: cs451.Message@7f360ee5
receive msg: cs451.Message@2fbf30e7
receive msg: cs451.Message@48130432
receive msg: cs451.Message@6689deb
receive msg: cs451.Message@4966fae5
receive msg: cs451.Message@1f88c326
receive msg: cs451.Message@4fea7671
receive msg: cs451.Message@d2f2da2
receive msg: cs451.Message@73e05f30
receive msg: cs451.Message@2aa82399
receive msg: cs451.Message@366d8143
receive msg: cs451.Message@42dbe811
receive msg: cs451.Message@333326a5
receive msg: cs451.Message@58ec6fb1
receive msg: cs451.Message@2518a76
receive msg: cs451.Message@1f57714d
receive msg: cs451.Message@357b6a0c
receive msg: cs451.Message@e510af5
receive msg: cs451.Message@dd3373
receive msg: cs451.Message@2424e73c
receive msg: cs451.Message@4a61d2be
receive msg: cs451.Message@4ce16fa5
receive msg: cs451.Message@25ce8be1
receive msg: cs451.Message@26509563
receive msg: cs451.Message@62605735
receive msg: cs451.Message@25bb809b
receive msg: cs451.Message@747b964e
receive msg: cs451.Message@56a2ee2f
receive msg: cs451.Message@361bc231
receive msg: cs451.Message@4f5d2331
receive msg: cs451.Message@673c1572
receive msg: cs451.Message@26ae5c2c
receive msg: cs451.Message@4e4c1882
receive msg: cs451.Message@682eeed1
receive msg: cs451.Message@6f3ee123
receive msg: cs451.Message@3b259fd4
receive msg: cs451.Message@1503183a
receive msg: cs451.Message@ac4342d
receive msg: cs451.Message@126bfbaf
receive msg: cs451.Message@5a70d09
receive msg: cs451.Message@8e8174f
receive msg: cs451.Message@23a62f23
receive msg: cs451.Message@6edd1e7b
receive msg: cs451.Message@53af89ec
receive msg: cs451.Message@1bb5beb9
receive msg: cs451.Message@97855db
receive msg: cs451.Message@f50bc49
receive msg: cs451.Message@209fb4a6
receive msg: cs451.Message@1669867a
receive msg: cs451.Message@5d74cfe1
receive msg: cs451.Message@574c82f2
receive msg: cs451.Message@aab2639
receive msg: cs451.Message@502b2b40
receive msg: cs451.Message@2bdbfd63
receive msg: cs451.Message@1833b1f8
receive msg: cs451.Message@4bfad629
receive msg: cs451.Message@4202953d
receive msg: cs451.Message@36c648fb
receive msg: cs451.Message@337f93aa
receive msg: cs451.Message@2e295072
receive msg: cs451.Message@78d493f7
receive msg: cs451.Message@7cd19d86
receive msg: cs451.Message@337cb375
receive msg: cs451.Message@5732dfa8
receive msg: cs451.Message@b25a592
receive msg: cs451.Message@7be824dd
receive msg: cs451.Message@2dd9d7ce
receive msg: cs451.Message@6c579242
receive msg: cs451.Message@4af8b36f
receive msg: cs451.Message@700cb821
receive msg: cs451.Message@13087649
receive msg: cs451.Message@439d33e8
receive msg: cs451.Message@4c71933f
receive msg: cs451.Message@59a9f720
receive msg: cs451.Message@9436862
receive msg: cs451.Message@23eb08d1
receive msg: cs451.Message@63438ff8
receive msg: cs451.Message@75c56447
receive msg: cs451.Message@675702e5
receive msg: cs451.Message@1c81235e
receive msg: cs451.Message@63c25379
receive msg: cs451.Message@3dfbe41a
receive msg: cs451.Message@6264996a
receive msg: cs451.Message@77eaddab
receive msg: cs451.Message@6c211b4
receive msg: cs451.Message@647bfe42
receive msg: cs451.Message@2292946e
receive msg: cs451.Message@3b41212
receive msg: cs451.Message@15edec61
receive msg: cs451.Message@2edf8970
receive msg: cs451.Message@18584921
receive msg: cs451.Message@3bdfecba
receive msg: cs451.Message@412b9144
receive msg: cs451.Message@13ed1418
receive msg: cs451.Message@49265605
receive msg: cs451.Message@dd8d9a7
receive msg: cs451.Message@10e4c8e9
receive msg: cs451.Message@6b524339
receive msg: cs451.Message@10bfa628
receive msg: cs451.Message@5b615079
receive msg: cs451.Message@6d74687c
receive msg: cs451.Message@14c6a560
receive msg: cs451.Message@79a5df36
receive msg: cs451.Message@2896aae3
receive msg: cs451.Message@666f0005
receive msg: cs451.Message@4723440d
receive msg: cs451.Message@10286fb0
receive msg: cs451.Message@df40ee4
receive msg: cs451.Message@13855877
receive msg: cs451.Message@4e5b6526
receive msg: cs451.Message@1dddd6b2
receive msg: cs451.Message@307368c3
receive msg: cs451.Message@98cd85a
receive msg: cs451.Message@1c6bfe18
receive msg: cs451.Message@6f70c361
receive msg: cs451.Message@446e9b3c
receive msg: cs451.Message@2b4fc5e3
receive msg: cs451.Message@681775ac
receive msg: cs451.Message@115d804
receive msg: cs451.Message@31121461
receive msg: cs451.Message@64a7bf7d
receive msg: cs451.Message@37ce1c50
receive msg: cs451.Message@18b42755
receive msg: cs451.Message@3924893e
receive msg: cs451.Message@60218530
receive msg: cs451.Message@27ca39f8
receive msg: cs451.Message@1efd2cdb
receive msg: cs451.Message@38d3b43
receive msg: cs451.Message@6fe93607
receive msg: cs451.Message@191ac7fb
receive msg: cs451.Message@6e76bbf7
receive msg: cs451.Message@44bc259
receive msg: cs451.Message@223495d9
receive msg: cs451.Message@6d5eab7b
receive msg: cs451.Message@362c0c24
receive msg: cs451.Message@6c2f49b2
receive msg: cs451.Message@6a3393b3
receive msg: cs451.Message@72aee8fd
receive msg: cs451.Message@243597a0
receive msg: cs451.Message@32c1284d
receive msg: cs451.Message@44999bad
receive msg: cs451.Message@41f57ac3
receive msg: cs451.Message@49f57dca
receive msg: cs451.Message@72cdb7f9
receive msg: cs451.Message@7a011efe
receive msg: cs451.Message@1048501f
receive msg: cs451.Message@72b164f1
receive msg: cs451.Message@6d5c7721
receive msg: cs451.Message@1fd8629a
receive msg: cs451.Message@4d4201d6
receive msg: cs451.Message@34ad7263
receive msg: cs451.Message@3ac6eea8
receive msg: cs451.Message@66d687d8
receive msg: cs451.Message@3bc77665
receive msg: cs451.Message@64a62514
receive msg: cs451.Message@69983486
receive msg: cs451.Message@3ba2862a
receive msg: cs451.Message@3bd6ab65
receive msg: cs451.Message@6e0da78e
receive msg: cs451.Message@461992cd
receive msg: cs451.Message@69a5dff2
receive msg: cs451.Message@67a6dc20
receive msg: cs451.Message@6494268d
receive msg: cs451.Message@6e914f28
receive msg: cs451.Message@298c5747
receive msg: cs451.Message@781ac98a
receive msg: cs451.Message@3dff384a
receive msg: cs451.Message@59f3c8d2
receive msg: cs451.Message@128e9ac4
receive msg: cs451.Message@3cf65786
receive msg: cs451.Message@788f053a
receive msg: cs451.Message@3ffde7a1
receive msg: cs451.Message@59c31220
receive msg: cs451.Message@570724f9
receive msg: cs451.Message@57a15df6
receive msg: cs451.Message@731784c
receive msg: cs451.Message@46a23898
receive msg: cs451.Message@28ecec59
receive msg: cs451.Message@75ff5a5f
receive msg: cs451.Message@7980afb4
receive msg: cs451.Message@2e313ee4
receive msg: cs451.Message@6170815f
receive msg: cs451.Message@6e52028c
receive msg: cs451.Message@12d3fdfd
receive msg: cs451.Message@3532275d
receive msg: cs451.Message@50ad22dd
receive msg: cs451.Message@2e151c26
receive msg: cs451.Message@23a4300c
receive msg: cs451.Message@708e3ea
receive msg: cs451.Message@3e0a921c
receive msg: cs451.Message@38785dd7
receive msg: cs451.Message@3ade2e84
receive msg: cs451.Message@7a899d86
receive msg: cs451.Message@10f96ab9
pl send exit here
Immediately stopping network packet processing.
Writing output.
fl receive exit here
fl send exit here
pl receive exit here
