My PID: 66513

From a new terminal type `kill -SIGINT 66513` or `kill -SIGTERM 66513` to stop processing packets

My ID: 8

List of resolved hosts is:
==========================
1
Human-readable IP: 127.0.0.1
Human-readable Port: 11001

2
Human-readable IP: 127.0.0.1
Human-readable Port: 11002

3
Human-readable IP: 127.0.0.1
Human-readable Port: 11003

4
Human-readable IP: 127.0.0.1
Human-readable Port: 11004

5
Human-readable IP: 127.0.0.1
Human-readable Port: 11005

6
Human-readable IP: 127.0.0.1
Human-readable Port: 11006

7
Human-readable IP: 127.0.0.1
Human-readable Port: 11007

8
Human-readable IP: 127.0.0.1
Human-readable Port: 11008

9
Human-readable IP: 127.0.0.1
Human-readable Port: 11009

10
Human-readable IP: 127.0.0.1
Human-readable Port: 11010


Path to output:
===============
/Users/melody/Documents/GitHub/CS451-2021-project/logs/proc08.output

Path to config:
===============
logs/config

100000

Doing some initialization

pl send exit here
Broadcasting and delivering messages...

receive count: 11577
resend count: 94063
receive count: 15789
receive count: 15790
receive count: 15791
receive count: 15792
receive count: 15793
receive count: 15794
receive count: 15795
receive count: 17766
resend count: 88258
resend count: 81959
receive count: 28447
receive count: 28448
receive count: 28449
receive count: 28450
receive count: 28451
receive count: 28452
receive count: 28453
resend count: 76454
receive count: 33947
resend count: 68305
resend count: 61658
resend count: 60272
resend count: 53318
resend count: 46050
resend count: 41676
receive count: 74344
receive count: 74345
receive count: 74346
receive count: 74347
receive count: 74348
receive count: 74349
receive count: 74350
receive count: 74351
receive count: 74352
receive count: 74353
receive count: 74354
receive count: 74355
resend count: 32677
receive count: 79393
receive count: 79394
receive count: 79395
receive count: 79396
resend count: 23897
receive count: 85576
receive count: 85577
resend count: 20129
resend count: 13981
resend count: 12133
resend count: 10881
resend count: 8764
resend count: 8746
resend count: 8446
receive count: 93910
receive count: 93911
receive count: 93912
receive count: 93913
receive count: 93914
receive count: 93915
receive count: 93916
receive count: 93917
receive count: 93918
receive count: 93919
receive count: 93920
receive count: 93921
receive count: 93922
receive count: 93923
resend count: 5741
resend count: 5637
resend count: 4377
resend count: 3675
resend count: 3523
resend count: 3523
resend count: 2342
resend count: 1848
resend count: 1310
resend count: 599
resend count: 162
resend count: 0
resend count: 0
resend count: 0
resend count: 0
resend count: 0
resend count: 0
resend count: 0
resend count: 0
resend count: 0
resend count: 0
resend count: 0
resend count: 0
resend count: 0
resend count: 0
resend count: 0
resend count: 0
resend count: 0
resend count: 0
resend count: 0
resend count: 0
resend count: 0
resend count: 0
resend count: 0
resend count: 0
resend count: 0
resend count: 0
resend count: 0
resend count: 0
resend count: 0
resend count: 0
resend count: 0
resend count: 0
resend count: 0
resend count: 0
resend count: 0
resend count: 0
resend count: 0
resend count: 0
resend count: 0
resend count: 0
resend count: 0
resend count: 0
resend count: 0
resend count: 0
resend count: 0
resend count: 0
resend count: 0
resend count: 0
resend count: 0
resend count: 0
resend count: 0
resend count: 0
resend count: 0
resend count: 0
resend count: 0
resend count: 0
resend count: 0
resend count: 0
resend count: 0
resend count: 0
resend count: 0
resend count: 0
resend count: 0
resend count: 0
resend count: 0
resend count: 0
resend count: 0
resend count: 0
resend count: 0
resend count: 0
resend count: 0
resend count: 0
resend count: 0
resend count: 0
resend count: 0
resend count: 0
resend count: 0
resend count: 0
resend count: 0
resend count: 0
resend count: 0
resend count: 0
resend count: 0
resend count: 0
resend count: 0
resend count: 0
resend count: 0
resend count: 0
resend count: 0
resend count: 0
resend count: 0
resend count: 0
resend count: 0
resend count: 0
resend count: 0
resend count: 0
resend count: 0
resend count: 0
resend count: 0
resend count: 0
resend count: 0
resend count: 0
resend count: 0
resend count: 0
resend count: 0
resend count: 0
resend count: 0
resend count: 0
resend count: 0
resend count: 0
resend count: 0
resend count: 0
resend count: 0
resend count: 0
resend count: 0
resend count: 0
resend count: 0
resend count: 0
resend count: 0
resend count: 0
resend count: 0
resend count: 0
resend count: 0
resend count: 0
resend count: 0
resend count: 0
resend count: 0
resend count: 0
resend count: 0
resend count: 0
resend count: 0
resend count: 0
resend count: 0
resend count: 0
resend count: 0
resend count: 0
resend count: 0
resend count: 0
resend count: 0
resend count: 0
resend count: 0
resend count: 0
resend count: 0
resend count: 0
resend count: 0
resend count: 0
resend count: 0
resend count: 0
resend count: 0
resend count: 0
resend count: 0
resend count: 0
resend count: 0
resend count: 0
resend count: 0
resend count: 0
resend count: 0
resend count: 0
resend count: 0
resend count: 0
resend count: 0
resend count: 0
resend count: 0
resend count: 0
resend count: 0
resend count: 0
resend count: 0
resend count: 0
resend count: 0
resend count: 0
resend count: 0
resend count: 0
resend count: 0
resend count: 0
resend count: 0
resend count: 0
resend count: 0
resend count: 0
resend count: 0
resend count: 0
resend count: 0
resend count: 0
resend count: 0
resend count: 0
resend count: 0
resend count: 0
resend count: 0
resend count: 0
resend count: 0
resend count: 0
resend count: 0
resend count: 0
resend count: 0
resend count: 0
resend count: 0
resend count: 0
resend count: 0
resend count: 0
resend count: 0
resend count: 0
resend count: 0
resend count: 0
resend count: 0
resend count: 0
Immediately stopping network packet processing.
Writing output.
fl receive exit here
fl send exit here
pl resend exit here
