My PID: 45009

From a new terminal type `kill -SIGINT 45009` or `kill -SIGTERM 45009` to stop processing packets

My ID: 2

List of resolved hosts is:
==========================
1
Human-readable IP: 127.0.0.1
Human-readable Port: 11001

2
Human-readable IP: 127.0.0.1
Human-readable Port: 11002

3
Human-readable IP: 127.0.0.1
Human-readable Port: 11003

4
Human-readable IP: 127.0.0.1
Human-readable Port: 11004


Path to output:
===============
/Users/melody/Documents/GitHub/CS451-2021-project/logs/proc02.output

Path to config:
===============
logs/config

10000

Doing some initialization

Broadcasting and delivering messages...

receive msg: cs451.Message@3a637475
receive msg: cs451.Message@388b0035
receive msg: cs451.Message@605709c2
receive msg: cs451.Message@482ed9cb
receive msg: cs451.Message@69cfcc67
receive msg: cs451.Message@9a5e3c3
receive msg: cs451.Message@51e4f22c
receive msg: cs451.Message@6f3a895a
receive msg: cs451.Message@7881cc2e
receive msg: cs451.Message@5e9c9306
receive msg: cs451.Message@281f7f6b
receive msg: cs451.Message@1354436b
receive msg: cs451.Message@65420d93
receive msg: cs451.Message@5ffca69e
receive msg: cs451.Message@c4b7e2d
receive msg: cs451.Message@3d353bd4
receive msg: cs451.Message@486e9774
receive msg: cs451.Message@729c10b1
receive msg: cs451.Message@25f1a2d9
receive msg: cs451.Message@310ed628
receive msg: cs451.Message@d67324a
receive msg: cs451.Message@1f6ca2cf
receive msg: cs451.Message@37233c91
receive msg: cs451.Message@70db13cb
receive msg: cs451.Message@449a8af8
receive msg: cs451.Message@3e1a327e
receive msg: cs451.Message@10f34698
receive msg: cs451.Message@381e4a06
receive msg: cs451.Message@28c3dab7
receive msg: cs451.Message@47a58413
receive msg: cs451.Message@4de8cdf9
receive msg: cs451.Message@7ece038
receive msg: cs451.Message@314c8410
receive msg: cs451.Message@5aa21b36
receive msg: cs451.Message@51ae929e
receive msg: cs451.Message@31a345b3
receive msg: cs451.Message@649a2b93
receive msg: cs451.Message@2eabf79d
receive msg: cs451.Message@b34aab4
receive msg: cs451.Message@2091e8bc
receive msg: cs451.Message@15e2898e
receive msg: cs451.Message@648483b0
receive msg: cs451.Message@4acbe49e
receive msg: cs451.Message@65303173
receive msg: cs451.Message@649f6aa2
receive msg: cs451.Message@2446fc82
receive msg: cs451.Message@31bc0380
receive msg: cs451.Message@55e3176d
receive msg: cs451.Message@4ab6bd09
receive msg: cs451.Message@5907fa31
receive msg: cs451.Message@8765292
receive msg: cs451.Message@45e3648e
receive msg: cs451.Message@3a42c7ce
receive msg: cs451.Message@5cf274c5
receive msg: cs451.Message@662a4f0b
receive msg: cs451.Message@38b38054
receive msg: cs451.Message@14635c3b
receive msg: cs451.Message@5b78562e
receive msg: cs451.Message@6f9e185d
receive msg: cs451.Message@4b0b94da
receive msg: cs451.Message@45878b04
receive msg: cs451.Message@5cd77cbc
receive msg: cs451.Message@4394db8b
receive msg: cs451.Message@54ae3a67
receive msg: cs451.Message@2d88545d
receive msg: cs451.Message@4a5dffcc
receive msg: cs451.Message@2ff02d8f
receive msg: cs451.Message@a285714
receive msg: cs451.Message@656dd0b0
receive msg: cs451.Message@40ebf04e
receive msg: cs451.Message@6ed92189
receive msg: cs451.Message@26814bb1
receive msg: cs451.Message@2de2e781
receive msg: cs451.Message@32140bf3
receive msg: cs451.Message@1566a151
receive msg: cs451.Message@3916bc8f
receive msg: cs451.Message@3f29ac3
receive msg: cs451.Message@11ab52dd
receive msg: cs451.Message@31e70590
receive msg: cs451.Message@3d1925e7
receive msg: cs451.Message@2a2a9405
receive msg: cs451.Message@61dc0627
receive msg: cs451.Message@689e4409
receive msg: cs451.Message@1cdc72e0
receive msg: cs451.Message@62a857c2
receive msg: cs451.Message@63c4888e
receive msg: cs451.Message@796026f3
receive msg: cs451.Message@654004d
receive msg: cs451.Message@26624102
receive msg: cs451.Message@61252db8
receive msg: cs451.Message@198ac8d1
receive msg: cs451.Message@3ffae5c5
receive msg: cs451.Message@b24c969
receive msg: cs451.Message@43246d58
receive msg: cs451.Message@c27e9ad
receive msg: cs451.Message@649be121
receive msg: cs451.Message@49d9135a
receive msg: cs451.Message@29f7e994
receive msg: cs451.Message@1a2e1786
receive msg: cs451.Message@21876f0b
receive msg: cs451.Message@20c5eba2
receive msg: cs451.Message@36681d67
receive msg: cs451.Message@5c90ae0b
receive msg: cs451.Message@46756da5
receive msg: cs451.Message@49e20632
receive msg: cs451.Message@3f17a94c
receive msg: cs451.Message@662eb853
receive msg: cs451.Message@bdbf976
receive msg: cs451.Message@5251bda9
receive msg: cs451.Message@508e2366
receive msg: cs451.Message@43f1f504
receive msg: cs451.Message@1735a445
receive msg: cs451.Message@4856ffff
receive msg: cs451.Message@69627080
receive msg: cs451.Message@25f7e17d
receive msg: cs451.Message@1fda7e0a
receive msg: cs451.Message@608cd309
receive msg: cs451.Message@1a9059e8
receive msg: cs451.Message@f6afce
receive msg: cs451.Message@4c10bbf4
receive msg: cs451.Message@4a823de4
receive msg: cs451.Message@52456245
receive msg: cs451.Message@67f83f1c
receive msg: cs451.Message@2efee70c
receive msg: cs451.Message@7548822a
receive msg: cs451.Message@c66918c
receive msg: cs451.Message@2ac04fc3
receive msg: cs451.Message@735f1b10
receive msg: cs451.Message@42378e83
receive msg: cs451.Message@7ae58db8
receive msg: cs451.Message@52f37b70
receive msg: cs451.Message@597f6da5
receive msg: cs451.Message@2742b39f
receive msg: cs451.Message@711c7282
receive msg: cs451.Message@38fdbf2a
receive msg: cs451.Message@1a4defd5
receive msg: cs451.Message@28a16948
receive msg: cs451.Message@3a3b96bc
receive msg: cs451.Message@6fea6a3e
receive msg: cs451.Message@1a2c1351
receive msg: cs451.Message@3964c275
receive msg: cs451.Message@5f8c3d93
receive msg: cs451.Message@630b17c6
receive msg: cs451.Message@1947366d
receive msg: cs451.Message@62f385a
receive msg: cs451.Message@3871eda9
receive msg: cs451.Message@3ff6846
receive msg: cs451.Message@23abd20a
receive msg: cs451.Message@5cb9d3cd
receive msg: cs451.Message@6b927156
receive msg: cs451.Message@1357893a
receive msg: cs451.Message@6e1122d8
receive msg: cs451.Message@7c24a36c
receive msg: cs451.Message@444657f
receive msg: cs451.Message@2b753294
receive msg: cs451.Message@4c15c2c0
receive msg: cs451.Message@15f327ed
receive msg: cs451.Message@323bd7b1
receive msg: cs451.Message@30d8b2f0
receive msg: cs451.Message@52b965e9
receive msg: cs451.Message@5ef9fc1c
receive msg: cs451.Message@32132e2d
receive msg: cs451.Message@472955ad
receive msg: cs451.Message@5ea6e68c
receive msg: cs451.Message@4f2ee858
receive msg: cs451.Message@64e7d5d6
receive msg: cs451.Message@696e60da
receive msg: cs451.Message@9579fd
receive msg: cs451.Message@38413d9f
receive msg: cs451.Message@62520624
receive msg: cs451.Message@7820c204
receive msg: cs451.Message@53d1166c
receive msg: cs451.Message@62cd744c
receive msg: cs451.Message@10dc2d17
receive msg: cs451.Message@6e12edea
receive msg: cs451.Message@35abf432
receive msg: cs451.Message@3c4d99df
receive msg: cs451.Message@4d88bfd4
receive msg: cs451.Message@340c7632
receive msg: cs451.Message@5eec0ee5
receive msg: cs451.Message@e3fe786
receive msg: cs451.Message@6418f8a
receive msg: cs451.Message@512bd496
receive msg: cs451.Message@6f8e7370
receive msg: cs451.Message@1e7cbad0
receive msg: cs451.Message@144b5b4a
receive msg: cs451.Message@1b4bb231
receive msg: cs451.Message@7c247db
receive msg: cs451.Message@7c93d7c9
receive msg: cs451.Message@324c521a
receive msg: cs451.Message@7450a458
receive msg: cs451.Message@61b9c996
receive msg: cs451.Message@3f677f7
receive msg: cs451.Message@53fa2911
receive msg: cs451.Message@22792552
receive msg: cs451.Message@d23adf2
receive msg: cs451.Message@3dda3a6e
receive msg: cs451.Message@3f6a2e65
receive msg: cs451.Message@54d2cf6f
receive msg: cs451.Message@440ea43a
receive msg: cs451.Message@28ebef9f
receive msg: cs451.Message@469ce5e1
receive msg: cs451.Message@477e3ea
receive msg: cs451.Message@3569a82a
receive msg: cs451.Message@42093e0f
receive msg: cs451.Message@639b6842
receive msg: cs451.Message@58c8bf68
receive msg: cs451.Message@201864a3
receive msg: cs451.Message@2beacfe9
receive msg: cs451.Message@138b7bae
receive msg: cs451.Message@ea5b548
receive msg: cs451.Message@6dfbf543
receive msg: cs451.Message@1093ea92
receive msg: cs451.Message@588da525
receive msg: cs451.Message@7ba14489
receive msg: cs451.Message@4942e753
receive msg: cs451.Message@468a5393
receive msg: cs451.Message@739b72ea
receive msg: cs451.Message@2efe51c
receive msg: cs451.Message@5cc9e26d
receive msg: cs451.Message@48cb34ac
receive msg: cs451.Message@60ef137d
receive msg: cs451.Message@1d55dd79
receive msg: cs451.Message@e9c8e34
receive msg: cs451.Message@1fe3b51f
receive msg: cs451.Message@78f3965
receive msg: cs451.Message@348292f8
receive msg: cs451.Message@5e854772
receive msg: cs451.Message@5ccc4af0
receive msg: cs451.Message@22f6141d
receive msg: cs451.Message@24357e9
receive msg: cs451.Message@76892e04
receive msg: cs451.Message@482c61ef
receive msg: cs451.Message@5ae8d20b
receive msg: cs451.Message@428c3aa0
receive msg: cs451.Message@7dcad5fb
receive msg: cs451.Message@5642e0b4
receive msg: cs451.Message@4a2608fd
receive msg: cs451.Message@69dc7223
receive msg: cs451.Message@429217ee
receive msg: cs451.Message@3141848
receive msg: cs451.Message@798f8937
receive msg: cs451.Message@7348a14f
receive msg: cs451.Message@21b7f5af
receive msg: cs451.Message@2427f89
receive msg: cs451.Message@78188c7
receive msg: cs451.Message@317513a1
receive msg: cs451.Message@2ff192ad
receive msg: cs451.Message@3e5e1eed
receive msg: cs451.Message@35926e51
receive msg: cs451.Message@2c639b59
receive msg: cs451.Message@fa40082
receive msg: cs451.Message@41c3ceed
receive msg: cs451.Message@6785c062
receive msg: cs451.Message@570c3698
receive msg: cs451.Message@78039ceb
receive msg: cs451.Message@27e881a0
receive msg: cs451.Message@6ea7d3ef
receive msg: cs451.Message@58a98055
receive msg: cs451.Message@3c29ab6f
receive msg: cs451.Message@5fafc8cb
receive msg: cs451.Message@f47507a
receive msg: cs451.Message@1bf8c2ef
receive msg: cs451.Message@6afb702c
receive msg: cs451.Message@4b331428
receive msg: cs451.Message@7e4249b4
receive msg: cs451.Message@23f01329
receive msg: cs451.Message@12bb7d6b
receive msg: cs451.Message@417ab940
receive msg: cs451.Message@2d195732
receive msg: cs451.Message@ed360e3
receive msg: cs451.Message@474a0477
receive msg: cs451.Message@536e0567
receive msg: cs451.Message@342978ff
receive msg: cs451.Message@21e8d2e1
receive msg: cs451.Message@36960317
receive msg: cs451.Message@15707d9f
receive msg: cs451.Message@6ae1014e
receive msg: cs451.Message@df9b929
receive msg: cs451.Message@bf19d3a
receive msg: cs451.Message@1d7b855e
receive msg: cs451.Message@7f721cce
receive msg: cs451.Message@3f02c2f8
receive msg: cs451.Message@389d806f
receive msg: cs451.Message@790da357
receive msg: cs451.Message@16f644d4
receive msg: cs451.Message@3f4a41f0
receive msg: cs451.Message@6b00208e
receive msg: cs451.Message@7f8331a2
receive msg: cs451.Message@5b770a62
receive msg: cs451.Message@365f853d
receive msg: cs451.Message@5cb1d728
receive msg: cs451.Message@3ad9e33d
receive msg: cs451.Message@591eca1e
receive msg: cs451.Message@13a2da6d
receive msg: cs451.Message@41f857a6
receive msg: cs451.Message@344d84af
receive msg: cs451.Message@1bace602
receive msg: cs451.Message@1e5826a8
receive msg: cs451.Message@1d1e17a2
receive msg: cs451.Message@45ae9052
receive msg: cs451.Message@394ef213
receive msg: cs451.Message@667cfef4
receive msg: cs451.Message@bb2569e
receive msg: cs451.Message@3aaf7bba
receive msg: cs451.Message@743fc896
receive msg: cs451.Message@753513bb
receive msg: cs451.Message@6caaad25
receive msg: cs451.Message@2d9979a1
receive msg: cs451.Message@27687ffc
receive msg: cs451.Message@7a9d0861
receive msg: cs451.Message@43675192
receive msg: cs451.Message@25d56c2e
receive msg: cs451.Message@41a660f7
receive msg: cs451.Message@536aa6a2
receive msg: cs451.Message@2a78969c
receive msg: cs451.Message@24423be1
receive msg: cs451.Message@56115646
receive msg: cs451.Message@50c8b590
receive msg: cs451.Message@3eea1563
receive msg: cs451.Message@bc2bc6c
receive msg: cs451.Message@57bd6834
receive msg: cs451.Message@424c3366
receive msg: cs451.Message@2c636741
receive msg: cs451.Message@32dc8f7d
receive msg: cs451.Message@e9cbdda
receive msg: cs451.Message@2de8786c
receive msg: cs451.Message@1a064bff
receive msg: cs451.Message@4c7798a5
receive msg: cs451.Message@276e8e9c
receive msg: cs451.Message@492bb905
receive msg: cs451.Message@61da5a6c
receive msg: cs451.Message@11984442
receive msg: cs451.Message@42d13283
receive msg: cs451.Message@5626484d
receive msg: cs451.Message@651c71df
receive msg: cs451.Message@3675936a
receive msg: cs451.Message@7dfbea0d
receive msg: cs451.Message@19fba1df
receive msg: cs451.Message@1fefb9b6
receive msg: cs451.Message@51b87e2
receive msg: cs451.Message@2712bece
receive msg: cs451.Message@632316aa
receive msg: cs451.Message@1e32171
receive msg: cs451.Message@589e9238
receive msg: cs451.Message@6ac8b32b
receive msg: cs451.Message@11a57e9e
receive msg: cs451.Message@9553d72
receive msg: cs451.Message@25f66132
receive msg: cs451.Message@a08cf4c
receive msg: cs451.Message@3063111d
receive msg: cs451.Message@107d04ce
receive msg: cs451.Message@6941802
receive msg: cs451.Message@4aaad533
receive msg: cs451.Message@6269de82
receive msg: cs451.Message@1a4aed75
receive msg: cs451.Message@3c38a236
receive msg: cs451.Message@20a7fbcf
receive msg: cs451.Message@c96ac97
receive msg: cs451.Message@417ad935
receive msg: cs451.Message@382aea3e
receive msg: cs451.Message@274c1777
receive msg: cs451.Message@1e87f51d
receive msg: cs451.Message@9a33489
receive msg: cs451.Message@66b74499
receive msg: cs451.Message@21070097
receive msg: cs451.Message@926b7
receive msg: cs451.Message@109e4d43
receive msg: cs451.Message@4c515045
receive msg: cs451.Message@55cbe2e0
receive msg: cs451.Message@1c3e5a70
receive msg: cs451.Message@7e28f8e1
receive msg: cs451.Message@383d4c19
receive msg: cs451.Message@326b751c
receive msg: cs451.Message@5c6854fb
receive msg: cs451.Message@653e4067
receive msg: cs451.Message@37b1855d
receive msg: cs451.Message@5e9bd522
receive msg: cs451.Message@404a8d86
receive msg: cs451.Message@5760d090
receive msg: cs451.Message@6c403c4c
receive msg: cs451.Message@6c72c623
receive msg: cs451.Message@78c05096
receive msg: cs451.Message@29f5fb4e
receive msg: cs451.Message@443a0060
receive msg: cs451.Message@3e83951a
receive msg: cs451.Message@443d26bc
receive msg: cs451.Message@42948afe
receive msg: cs451.Message@5639abcc
receive msg: cs451.Message@74b0cf54
receive msg: cs451.Message@59151fb8
receive msg: cs451.Message@3fb0ad1e
receive msg: cs451.Message@244c06ef
receive msg: cs451.Message@56f4b75d
receive msg: cs451.Message@27ed9ae4
receive msg: cs451.Message@1d8f1b5a
receive msg: cs451.Message@59300d7a
receive msg: cs451.Message@2a0d175e
receive msg: cs451.Message@617c9241
receive msg: cs451.Message@4cc00ff
receive msg: cs451.Message@5d4e96c1
receive msg: cs451.Message@1fbbcdd1
receive msg: cs451.Message@1ad0bafd
receive msg: cs451.Message@7eff9aa0
receive msg: cs451.Message@572ef320
receive msg: cs451.Message@163a6951
receive msg: cs451.Message@9222e39
receive msg: cs451.Message@b8a8f27
receive msg: cs451.Message@2b1dca85
receive msg: cs451.Message@6e285e56
receive msg: cs451.Message@76e3e64c
receive msg: cs451.Message@294fbc00
receive msg: cs451.Message@6cc3024e
receive msg: cs451.Message@40353b6e
receive msg: cs451.Message@290d64a2
receive msg: cs451.Message@7d76623f
receive msg: cs451.Message@9d3cead
receive msg: cs451.Message@60d46ab2
receive msg: cs451.Message@223e2a7e
receive msg: cs451.Message@6c97d39c
receive msg: cs451.Message@7ba6ce05
receive msg: cs451.Message@3864ba39
receive msg: cs451.Message@6bda0a91
receive msg: cs451.Message@39832f45
receive msg: cs451.Message@74180896
receive msg: cs451.Message@69b0d15e
receive msg: cs451.Message@5205c07b
receive msg: cs451.Message@725c2479
receive msg: cs451.Message@4634ce1c
receive msg: cs451.Message@2961dda5
receive msg: cs451.Message@559bc6ea
receive msg: cs451.Message@46774fcc
receive msg: cs451.Message@26d32d30
receive msg: cs451.Message@17840ba
receive msg: cs451.Message@adf6ae9
receive msg: cs451.Message@762a5d51
receive msg: cs451.Message@49af4409
receive msg: cs451.Message@a91a016
receive msg: cs451.Message@7b680b8f
receive msg: cs451.Message@5f8c1166
receive msg: cs451.Message@6c309992
receive msg: cs451.Message@6b261512
receive msg: cs451.Message@50294f8a
receive msg: cs451.Message@6f1173c8
receive msg: cs451.Message@7059bb1
receive msg: cs451.Message@5c5090c6
receive msg: cs451.Message@469fc1d9
receive msg: cs451.Message@227475f1
receive msg: cs451.Message@987ba1d
receive msg: cs451.Message@5109cd4b
receive msg: cs451.Message@69205fba
receive msg: cs451.Message@687a6492
receive msg: cs451.Message@5c196cd2
receive msg: cs451.Message@4365918f
receive msg: cs451.Message@2853cbd6
receive msg: cs451.Message@13b674ba
receive msg: cs451.Message@45ef5e2
receive msg: cs451.Message@6bd8e50f
receive msg: cs451.Message@5de38ed9
receive msg: cs451.Message@7d50227b
receive msg: cs451.Message@ed239d6
receive msg: cs451.Message@220e559e
receive msg: cs451.Message@635a8240
receive msg: cs451.Message@1fe527aa
receive msg: cs451.Message@66b109
receive msg: cs451.Message@5094a63e
receive msg: cs451.Message@67eb76ee
receive msg: cs451.Message@5105c5ce
receive msg: cs451.Message@645ec81e
receive msg: cs451.Message@118e37fd
receive msg: cs451.Message@2d6e6f24
receive msg: cs451.Message@52bae4f2
receive msg: cs451.Message@4036c883
receive msg: cs451.Message@20673ea7
receive msg: cs451.Message@7eae72c0
receive msg: cs451.Message@7bb69493
receive msg: cs451.Message@db229b6
receive msg: cs451.Message@14b9aca1
receive msg: cs451.Message@198ce484
receive msg: cs451.Message@56d1f92a
receive msg: cs451.Message@4a3295df
receive msg: cs451.Message@1337e49c
receive msg: cs451.Message@6de19aba
receive msg: cs451.Message@34203685
receive msg: cs451.Message@6a62c1b3
receive msg: cs451.Message@465dcb67
receive msg: cs451.Message@2788ad5c
receive msg: cs451.Message@12292336
receive msg: cs451.Message@6eba1799
receive msg: cs451.Message@4694ffda
receive msg: cs451.Message@24144819
receive msg: cs451.Message@7f7fff3e
receive msg: cs451.Message@41473997
receive msg: cs451.Message@204c644a
receive msg: cs451.Message@261ea4da
receive msg: cs451.Message@26983928
receive msg: cs451.Message@5eeb27ed
receive msg: cs451.Message@1d46764e
receive msg: cs451.Message@4e2d2948
receive msg: cs451.Message@291b18dc
receive msg: cs451.Message@2ec8965d
receive msg: cs451.Message@9271cc
receive msg: cs451.Message@27527fff
receive msg: cs451.Message@56fe4e31
receive msg: cs451.Message@3c6e50cd
receive msg: cs451.Message@2fe15a9d
receive msg: cs451.Message@1b786519
receive msg: cs451.Message@3fd33f81
receive msg: cs451.Message@7175f88e
receive msg: cs451.Message@54e5618f
receive msg: cs451.Message@ced96a7
receive msg: cs451.Message@2ae48f8c
receive msg: cs451.Message@740bb3d6
receive msg: cs451.Message@b9d4dc1
receive msg: cs451.Message@6ba5babb
receive msg: cs451.Message@6533c0ac
receive msg: cs451.Message@4c8f5adf
receive msg: cs451.Message@2d9de5ca
receive msg: cs451.Message@6babe2a0
receive msg: cs451.Message@106669d9
receive msg: cs451.Message@260990a8
receive msg: cs451.Message@64f89216
receive msg: cs451.Message@50f2c2cb
receive msg: cs451.Message@73f951ad
receive msg: cs451.Message@191f13aa
receive msg: cs451.Message@39d74abd
receive msg: cs451.Message@7f7533d6
receive msg: cs451.Message@463871ac
receive msg: cs451.Message@27dbb882
receive msg: cs451.Message@24da9c66
receive msg: cs451.Message@72e7e0a8
receive msg: cs451.Message@77d74a49
receive msg: cs451.Message@d32e399
receive msg: cs451.Message@7d7b77f5
receive msg: cs451.Message@30d43a52
receive msg: cs451.Message@7d1cbb03
receive msg: cs451.Message@67a8b112
receive msg: cs451.Message@41cab6cd
receive msg: cs451.Message@505d120c
receive msg: cs451.Message@48016fa7
receive msg: cs451.Message@6a836794
receive msg: cs451.Message@7eebd8d7
receive msg: cs451.Message@461e7874
receive msg: cs451.Message@5214b47
receive msg: cs451.Message@746f23b0
receive msg: cs451.Message@54e2608a
receive msg: cs451.Message@610a7fba
receive msg: cs451.Message@6efe6baf
receive msg: cs451.Message@6381b763
receive msg: cs451.Message@24a06da9
receive msg: cs451.Message@16e52128
receive msg: cs451.Message@bdb9348
receive msg: cs451.Message@658f17ff
receive msg: cs451.Message@42e5e3c2
receive msg: cs451.Message@7d3666d7
receive msg: cs451.Message@2a20fbea
receive msg: cs451.Message@378d21be
receive msg: cs451.Message@5a1b3f7e
receive msg: cs451.Message@14d5fa34
receive msg: cs451.Message@3907acef
receive msg: cs451.Message@6759faa0
receive msg: cs451.Message@64bac9fa
receive msg: cs451.Message@5f058b03
receive msg: cs451.Message@5b6134d8
receive msg: cs451.Message@73c549ee
receive msg: cs451.Message@4102ab75
receive msg: cs451.Message@322c6dc5
receive msg: cs451.Message@60b958ac
receive msg: cs451.Message@396ae76c
receive msg: cs451.Message@6d67ba37
receive msg: cs451.Message@3c74b01b
receive msg: cs451.Message@16a2f301
receive msg: cs451.Message@789d373e
receive msg: cs451.Message@287b9c18
receive msg: cs451.Message@31161564
receive msg: cs451.Message@30add2bc
receive msg: cs451.Message@21982750
receive msg: cs451.Message@5577f427
receive msg: cs451.Message@544b66d8
receive msg: cs451.Message@aad66df
receive msg: cs451.Message@6a6f727d
receive msg: cs451.Message@d375db
receive msg: cs451.Message@fa1bebf
receive msg: cs451.Message@6edbaa0a
receive msg: cs451.Message@7fb6c136
receive msg: cs451.Message@64d00eb6
receive msg: cs451.Message@660600d5
receive msg: cs451.Message@553e7de5
receive msg: cs451.Message@1cc8a905
receive msg: cs451.Message@7809a194
receive msg: cs451.Message@2e5f16e8
receive msg: cs451.Message@8a88793
receive msg: cs451.Message@51f19702
receive msg: cs451.Message@644199a9
receive msg: cs451.Message@32ff3b9f
receive msg: cs451.Message@7ea7a64c
receive msg: cs451.Message@2333671d
receive msg: cs451.Message@4b572e03
receive msg: cs451.Message@3fc735
receive msg: cs451.Message@43e994b8
receive msg: cs451.Message@7bda1857
receive msg: cs451.Message@90f0619
receive msg: cs451.Message@77f77e62
receive msg: cs451.Message@78b46870
receive msg: cs451.Message@5307df91
receive msg: cs451.Message@22c93426
receive msg: cs451.Message@6e015a73
receive msg: cs451.Message@352d582b
receive msg: cs451.Message@583bf248
receive msg: cs451.Message@3338856d
receive msg: cs451.Message@570e83bb
receive msg: cs451.Message@8bd6571
receive msg: cs451.Message@f137f9c
receive msg: cs451.Message@787780fe
receive msg: cs451.Message@5b47c710
receive msg: cs451.Message@3832b7e4
receive msg: cs451.Message@2c49d0e1
receive msg: cs451.Message@68fdd5e6
receive msg: cs451.Message@de7f0ae
receive msg: cs451.Message@2047fb61
receive msg: cs451.Message@42ebf950
receive msg: cs451.Message@44bf560e
receive msg: cs451.Message@766facb7
receive msg: cs451.Message@696ccde8
receive msg: cs451.Message@74d088ec
receive msg: cs451.Message@4ae1af5e
receive msg: cs451.Message@41e0b8a1
receive msg: cs451.Message@4e6c3ef8
receive msg: cs451.Message@3e0b5831
receive msg: cs451.Message@79d79bf1
receive msg: cs451.Message@3db601da
receive msg: cs451.Message@1282636a
receive msg: cs451.Message@762c6bdb
receive msg: cs451.Message@33e16efc
receive msg: cs451.Message@3ed4018b
receive msg: cs451.Message@3fccbc08
receive msg: cs451.Message@2a2b7a99
receive msg: cs451.Message@128577ae
receive msg: cs451.Message@c43e42c
receive msg: cs451.Message@56352550
receive msg: cs451.Message@273b72bd
receive msg: cs451.Message@1eba49f3
receive msg: cs451.Message@d4bbc8c
receive msg: cs451.Message@722b07d0
receive msg: cs451.Message@e793db2
receive msg: cs451.Message@42c0085f
receive msg: cs451.Message@123f6357
receive msg: cs451.Message@3800e347
receive msg: cs451.Message@7fd3cd58
receive msg: cs451.Message@3d93a00d
receive msg: cs451.Message@54df5933
receive msg: cs451.Message@6b7a9234
receive msg: cs451.Message@aa23b0e
receive msg: cs451.Message@2a91719f
receive msg: cs451.Message@429a33f
receive msg: cs451.Message@3bfd6abc
receive msg: cs451.Message@201c4c86
receive msg: cs451.Message@1a0dc93
receive msg: cs451.Message@4859a7c3
receive msg: cs451.Message@18a18cfe
receive msg: cs451.Message@5a1b8b10
receive msg: cs451.Message@5dd89084
receive msg: cs451.Message@583a4343
receive msg: cs451.Message@4ce8e2c6
receive msg: cs451.Message@4aadb340
receive msg: cs451.Message@53684621
receive msg: cs451.Message@59423754
receive msg: cs451.Message@52371068
receive msg: cs451.Message@75a78edd
receive msg: cs451.Message@64ef9706
receive msg: cs451.Message@2c5ff458
receive msg: cs451.Message@468115eb
receive msg: cs451.Message@f19aa80
receive msg: cs451.Message@17565bc2
receive msg: cs451.Message@44789044
receive msg: cs451.Message@a18eb6d
receive msg: cs451.Message@48971d04
receive msg: cs451.Message@6dbad79f
receive msg: cs451.Message@6d4080dc
receive msg: cs451.Message@204e5d9a
receive msg: cs451.Message@50c10baa
receive msg: cs451.Message@6bfc2802
receive msg: cs451.Message@25303c1
receive msg: cs451.Message@50233c9c
receive msg: cs451.Message@8e7f169
receive msg: cs451.Message@2d1744f
receive msg: cs451.Message@188622df
receive msg: cs451.Message@51082a8f
receive msg: cs451.Message@6653e57e
receive msg: cs451.Message@6f2986f7
receive msg: cs451.Message@4610d117
receive msg: cs451.Message@56dcd708
receive msg: cs451.Message@2fdda0b8
receive msg: cs451.Message@c60958a
receive msg: cs451.Message@4c386578
receive msg: cs451.Message@7c6c8f60
receive msg: cs451.Message@3ef62835
receive msg: cs451.Message@363236a4
receive msg: cs451.Message@392e96bf
receive msg: cs451.Message@21a11975
receive msg: cs451.Message@2e192af4
receive msg: cs451.Message@9b9be85
receive msg: cs451.Message@44ef4a63
receive msg: cs451.Message@6dac893a
receive msg: cs451.Message@a0550f1
receive msg: cs451.Message@4e8c8aa2
receive msg: cs451.Message@708e7d42
receive msg: cs451.Message@79e2cf30
receive msg: cs451.Message@59408a25
receive msg: cs451.Message@7333d235
receive msg: cs451.Message@7054d57c
receive msg: cs451.Message@1f200f09
receive msg: cs451.Message@42ecaf6a
receive msg: cs451.Message@2fa37f78
receive msg: cs451.Message@798aa0c5
receive msg: cs451.Message@664db0ba
receive msg: cs451.Message@41fdc4e6
receive msg: cs451.Message@75113b1e
receive msg: cs451.Message@59b131f1
receive msg: cs451.Message@52f2921d
receive msg: cs451.Message@7d07a651
receive msg: cs451.Message@132bb24
receive msg: cs451.Message@51dc3c4a
receive msg: cs451.Message@17f83e16
receive msg: cs451.Message@570d3796
receive msg: cs451.Message@43724dc8
receive msg: cs451.Message@737c0780
receive msg: cs451.Message@25229f77
receive msg: cs451.Message@1badbdc2
receive msg: cs451.Message@4ae0bf72
receive msg: cs451.Message@59b3e1a9
receive msg: cs451.Message@68db04cf
receive msg: cs451.Message@1e6ee7bb
receive msg: cs451.Message@51bac02b
receive msg: cs451.Message@1742dd1c
receive msg: cs451.Message@270f5e47
receive msg: cs451.Message@4eb52622
receive msg: cs451.Message@49890c47
receive msg: cs451.Message@48228257
receive msg: cs451.Message@15020072
receive msg: cs451.Message@7261b0c6
receive msg: cs451.Message@730b71f9
receive msg: cs451.Message@2fe775f5
receive msg: cs451.Message@2ae3f1eb
receive msg: cs451.Message@55fb83f1
receive msg: cs451.Message@7d57b40e
receive msg: cs451.Message@698b2e8c
receive msg: cs451.Message@5c52f6ff
receive msg: cs451.Message@553f128f
receive msg: cs451.Message@15083be2
receive msg: cs451.Message@25478881
receive msg: cs451.Message@6e6977d8
receive msg: cs451.Message@43efbbf0
receive msg: cs451.Message@176c4f44
receive msg: cs451.Message@ef6cea8
receive msg: cs451.Message@2b04bf19
receive msg: cs451.Message@150aa1b2
receive msg: cs451.Message@6069ca38
receive msg: cs451.Message@58d2db13
receive msg: cs451.Message@56a04b67
receive msg: cs451.Message@16677730
receive msg: cs451.Message@38f157ce
receive msg: cs451.Message@76b51980
receive msg: cs451.Message@221a9f42
receive msg: cs451.Message@f69b2c6
receive msg: cs451.Message@3d94cbc2
receive msg: cs451.Message@6333ace9
receive msg: cs451.Message@1525df42
receive msg: cs451.Message@5718a0a2
receive msg: cs451.Message@4c49ab58
receive msg: cs451.Message@326312dc
receive msg: cs451.Message@987041d
receive msg: cs451.Message@1b88a83f
receive msg: cs451.Message@1a9ad37d
receive msg: cs451.Message@3045d700
receive msg: cs451.Message@1d39af9
receive msg: cs451.Message@5f4403ac
receive msg: cs451.Message@13893202
receive msg: cs451.Message@d6a0aa4
receive msg: cs451.Message@10f34da2
receive msg: cs451.Message@6fd57573
receive msg: cs451.Message@351643a9
receive msg: cs451.Message@68f44085
receive msg: cs451.Message@62e08e64
receive msg: cs451.Message@265a01a6
receive msg: cs451.Message@215605cf
receive msg: cs451.Message@6b6c9908
receive msg: cs451.Message@d19b9af
receive msg: cs451.Message@7bb8de9b
receive msg: cs451.Message@6a51c45e
receive msg: cs451.Message@657ab4c5
receive msg: cs451.Message@256ebd04
receive msg: cs451.Message@181ff334
receive msg: cs451.Message@7c88b75d
receive msg: cs451.Message@4c64e895
receive msg: cs451.Message@1cb2ea80
receive msg: cs451.Message@7bd32c71
receive msg: cs451.Message@42584e09
receive msg: cs451.Message@29933697
receive msg: cs451.Message@227e3fcf
receive msg: cs451.Message@402c2f55
receive msg: cs451.Message@4004195f
receive msg: cs451.Message@7093a846
receive msg: cs451.Message@23c061dc
receive msg: cs451.Message@237a476
receive msg: cs451.Message@62198b8e
receive msg: cs451.Message@f25de13
receive msg: cs451.Message@2f4b90aa
receive msg: cs451.Message@10e08521
receive msg: cs451.Message@3e8b3948
receive msg: cs451.Message@1f7fadcc
receive msg: cs451.Message@6c42a049
receive msg: cs451.Message@789ff96d
receive msg: cs451.Message@1fb9de4f
receive msg: cs451.Message@7d4a11b9
receive msg: cs451.Message@4f3b6b1
receive msg: cs451.Message@3a063d3
receive msg: cs451.Message@52ba9e4e
receive msg: cs451.Message@7f509a79
receive msg: cs451.Message@660ffd1c
receive msg: cs451.Message@6631a4f5
receive msg: cs451.Message@607f0e93
receive msg: cs451.Message@1b87d3b7
receive msg: cs451.Message@2f92ac6
receive msg: cs451.Message@69042060
receive msg: cs451.Message@7197b045
receive msg: cs451.Message@54a8dfab
receive msg: cs451.Message@1f4c70e2
receive msg: cs451.Message@5703444b
receive msg: cs451.Message@1b5ad376
receive msg: cs451.Message@99d1231
receive msg: cs451.Message@75aab880
receive msg: cs451.Message@38469b62
receive msg: cs451.Message@75ca3e7f
receive msg: cs451.Message@1427a66d
receive msg: cs451.Message@34e962d1
receive msg: cs451.Message@387872a5
receive msg: cs451.Message@1c658a13
receive msg: cs451.Message@35d8533c
receive msg: cs451.Message@4a5850bc
receive msg: cs451.Message@314efe08
receive msg: cs451.Message@14bdf20
receive msg: cs451.Message@767d2d86
receive msg: cs451.Message@7ea84e45
receive msg: cs451.Message@38504126
receive msg: cs451.Message@67bd2bd3
receive msg: cs451.Message@78332bbf
receive msg: cs451.Message@44d5889a
receive msg: cs451.Message@7e36b857
receive msg: cs451.Message@705be7f1
receive msg: cs451.Message@11544496
receive msg: cs451.Message@79ad9f7e
receive msg: cs451.Message@3292741c
receive msg: cs451.Message@1dd979d0
receive msg: cs451.Message@2e9afe09
receive msg: cs451.Message@3b59c2cb
receive msg: cs451.Message@1aca7328
receive msg: cs451.Message@4c0b9e58
receive msg: cs451.Message@35985b66
receive msg: cs451.Message@40a28884
receive msg: cs451.Message@9b8e08b
receive msg: cs451.Message@19d146ba
receive msg: cs451.Message@6e657d8d
receive msg: cs451.Message@3ad73e6d
receive msg: cs451.Message@74a53d04
receive msg: cs451.Message@675251bc
receive msg: cs451.Message@229ed1ce
receive msg: cs451.Message@2139b7a6
receive msg: cs451.Message@7ca9e398
receive msg: cs451.Message@9039200
receive msg: cs451.Message@5d47324f
receive msg: cs451.Message@312f2ac6
receive msg: cs451.Message@229ba58
receive msg: cs451.Message@172fab8f
receive msg: cs451.Message@731e366f
receive msg: cs451.Message@3b2f4bd0
receive msg: cs451.Message@741bdd97
receive msg: cs451.Message@1e027348
receive msg: cs451.Message@1cad93a9
receive msg: cs451.Message@5d1d2a27
receive msg: cs451.Message@7740a376
receive msg: cs451.Message@7ad506e5
receive msg: cs451.Message@a95e2cd
receive msg: cs451.Message@3eedbdaa
receive msg: cs451.Message@4cc4f212
receive msg: cs451.Message@1ef43741
receive msg: cs451.Message@3bd22dd8
receive msg: cs451.Message@6881c7e5
receive msg: cs451.Message@3befc85
receive msg: cs451.Message@3ccf8d8c
receive msg: cs451.Message@16d9db20
receive msg: cs451.Message@700198f1
receive msg: cs451.Message@4af08a0
receive msg: cs451.Message@444c4654
receive msg: cs451.Message@1c149526
receive msg: cs451.Message@602e4045
receive msg: cs451.Message@1cb8bee8
receive msg: cs451.Message@3ae035cd
receive msg: cs451.Message@2e53a12
receive msg: cs451.Message@105b7e63
receive msg: cs451.Message@494ddd7e
receive msg: cs451.Message@72b8d7c7
receive msg: cs451.Message@59a64628
receive msg: cs451.Message@12458319
receive msg: cs451.Message@35440a02
receive msg: cs451.Message@1f6f582
receive msg: cs451.Message@6a0a6492
receive msg: cs451.Message@54697f81
receive msg: cs451.Message@41e87b14
receive msg: cs451.Message@7704dc4e
receive msg: cs451.Message@4e1308c8
receive msg: cs451.Message@5199e3fc
receive msg: cs451.Message@532b0200
receive msg: cs451.Message@29c5287
receive msg: cs451.Message@541f5f54
receive msg: cs451.Message@4a07d028
receive msg: cs451.Message@41b7f06a
receive msg: cs451.Message@21df9ab1
receive msg: cs451.Message@f948421
receive msg: cs451.Message@7be6836b
receive msg: cs451.Message@52c18dd
receive msg: cs451.Message@58fb10db
receive msg: cs451.Message@73652269
receive msg: cs451.Message@3cd70ab5
receive msg: cs451.Message@59d81702
receive msg: cs451.Message@5925b92a
receive msg: cs451.Message@309ae0d
receive msg: cs451.Message@70f8e7b
receive msg: cs451.Message@1e76f99f
receive msg: cs451.Message@6aeeef92
receive msg: cs451.Message@24d94d04
receive msg: cs451.Message@5f5e73b2
receive msg: cs451.Message@76cdc3c7
receive msg: cs451.Message@6bc220f3
receive msg: cs451.Message@51de1e2
receive msg: cs451.Message@2972d110
receive msg: cs451.Message@31b9fc02
receive msg: cs451.Message@4b86877e
receive msg: cs451.Message@21fe7d1d
receive msg: cs451.Message@1ebbc263
receive msg: cs451.Message@601c745a
receive msg: cs451.Message@1f5ea250
receive msg: cs451.Message@4d1a2233
receive msg: cs451.Message@d725929
receive msg: cs451.Message@ecf5279
receive msg: cs451.Message@64692dd2
receive msg: cs451.Message@78fe90d6
receive msg: cs451.Message@675a25f1
receive msg: cs451.Message@13f2fff9
receive msg: cs451.Message@3ed847e8
receive msg: cs451.Message@32ac18c5
receive msg: cs451.Message@4efc6cc
receive msg: cs451.Message@66fc9f
receive msg: cs451.Message@7c7d0c7c
receive msg: cs451.Message@2e455906
receive msg: cs451.Message@54e623a4
receive msg: cs451.Message@63d3afa3
receive msg: cs451.Message@77594149
receive msg: cs451.Message@73d0abcd
receive msg: cs451.Message@164e5d10
receive msg: cs451.Message@689e46cd
receive msg: cs451.Message@5570119e
receive msg: cs451.Message@2308463e
receive msg: cs451.Message@47ca3992
receive msg: cs451.Message@5df8b788
receive msg: cs451.Message@851b148
receive msg: cs451.Message@69092fca
receive msg: cs451.Message@7f199dd0
receive msg: cs451.Message@6745314c
receive msg: cs451.Message@629b071d
receive msg: cs451.Message@424c13fb
receive msg: cs451.Message@7188f17f
receive msg: cs451.Message@3f896153
receive msg: cs451.Message@5103a50
receive msg: cs451.Message@27e132c2
receive msg: cs451.Message@11d42c48
receive msg: cs451.Message@65a344d8
receive msg: cs451.Message@61653086
receive msg: cs451.Message@4fbc694a
receive msg: cs451.Message@7f3aaa99
receive msg: cs451.Message@c0b422
receive msg: cs451.Message@486945bc
receive msg: cs451.Message@64b393c2
receive msg: cs451.Message@4ef783af
receive msg: cs451.Message@4b135ff7
receive msg: cs451.Message@49d5b78c
receive msg: cs451.Message@318000f7
receive msg: cs451.Message@43180793
receive msg: cs451.Message@122514e0
receive msg: cs451.Message@7628a8ff
receive msg: cs451.Message@471e9975
receive msg: cs451.Message@44393a9a
receive msg: cs451.Message@7e81b4e9
receive msg: cs451.Message@4ddd9496
receive msg: cs451.Message@7e3b6969
receive msg: cs451.Message@73db71de
receive msg: cs451.Message@eb5b0
receive msg: cs451.Message@2156e803
receive msg: cs451.Message@403bd61
receive msg: cs451.Message@2c7e69be
receive msg: cs451.Message@59a8fab4
receive msg: cs451.Message@4f281772
receive msg: cs451.Message@56d95343
receive msg: cs451.Message@935e3bf
receive msg: cs451.Message@1756c577
receive msg: cs451.Message@184ad368
receive msg: cs451.Message@415c869
receive msg: cs451.Message@229beb4f
receive msg: cs451.Message@347ef16
receive msg: cs451.Message@4d58bd85
receive msg: cs451.Message@672462c7
receive msg: cs451.Message@1a183cff
receive msg: cs451.Message@269b4ff5
receive msg: cs451.Message@2ea76a36
receive msg: cs451.Message@6ad1177f
receive msg: cs451.Message@3175311e
receive msg: cs451.Message@4d6d2422
receive msg: cs451.Message@580e0163
receive msg: cs451.Message@3a069ff2
receive msg: cs451.Message@22e3b46d
receive msg: cs451.Message@68bd827
receive msg: cs451.Message@2e26d48c
receive msg: cs451.Message@205127b5
receive msg: cs451.Message@1faeaf0e
receive msg: cs451.Message@473c063c
receive msg: cs451.Message@5fa628e3
receive msg: cs451.Message@76e3d02d
receive msg: cs451.Message@1c5fc720
receive msg: cs451.Message@3b753f71
receive msg: cs451.Message@557af9cc
receive msg: cs451.Message@3df029f6
receive msg: cs451.Message@5ff49faf
receive msg: cs451.Message@4d68bd97
receive msg: cs451.Message@4f5e896f
receive msg: cs451.Message@73dda6eb
receive msg: cs451.Message@8af46d8
receive msg: cs451.Message@a3c65f
receive msg: cs451.Message@3b0d32d5
receive msg: cs451.Message@257921a1
receive msg: cs451.Message@57922a50
receive msg: cs451.Message@499d9fc3
receive msg: cs451.Message@1b5497bf
receive msg: cs451.Message@774cc95d
receive msg: cs451.Message@31caad4e
receive msg: cs451.Message@140c4f33
receive msg: cs451.Message@2b5adb62
receive msg: cs451.Message@3a4df975
receive msg: cs451.Message@5e8983af
receive msg: cs451.Message@280a2a9a
receive msg: cs451.Message@55767532
receive msg: cs451.Message@a5a8b8
receive msg: cs451.Message@1223c7f8
receive msg: cs451.Message@6b8461dc
receive msg: cs451.Message@dbd467b
receive msg: cs451.Message@2070cf1c
receive msg: cs451.Message@2c60d0ed
receive msg: cs451.Message@6422de3c
receive msg: cs451.Message@34bd25d
receive msg: cs451.Message@25e5f507
receive msg: cs451.Message@f28beee
receive msg: cs451.Message@7d094209
receive msg: cs451.Message@208daecf
receive msg: cs451.Message@2a4a2a14
receive msg: cs451.Message@605f2e7d
receive msg: cs451.Message@57713175
receive msg: cs451.Message@1ac71682
receive msg: cs451.Message@61268544
receive msg: cs451.Message@789373db
receive msg: cs451.Message@26b71f25
receive msg: cs451.Message@4e67e77
receive msg: cs451.Message@513fc70a
receive msg: cs451.Message@32d16b5d
receive msg: cs451.Message@2c810415
receive msg: cs451.Message@1b23c234
receive msg: cs451.Message@348b51cd
receive msg: cs451.Message@d394f82
receive msg: cs451.Message@293c539c
receive msg: cs451.Message@2c0b06ed
receive msg: cs451.Message@42e03f98
receive msg: cs451.Message@5e23d19
receive msg: cs451.Message@4e893e8a
receive msg: cs451.Message@3ac165d8
receive msg: cs451.Message@791e81e7
receive msg: cs451.Message@6d806128
receive msg: cs451.Message@6afa7f7c
receive msg: cs451.Message@5b24385e
receive msg: cs451.Message@56389b64
receive msg: cs451.Message@38df39aa
receive msg: cs451.Message@167a052
receive msg: cs451.Message@7bfb9ee8
receive msg: cs451.Message@698ad948
receive msg: cs451.Message@2859afba
receive msg: cs451.Message@1480efd3
receive msg: cs451.Message@33ab3f75
receive msg: cs451.Message@cd4e0d1
receive msg: cs451.Message@6995ba8e
receive msg: cs451.Message@7a783e18
receive msg: cs451.Message@1042f6b5
receive msg: cs451.Message@3b3b4e04
receive msg: cs451.Message@7fbed227
receive msg: cs451.Message@448dab36
receive msg: cs451.Message@437d1a4c
receive msg: cs451.Message@22572749
receive msg: cs451.Message@2bf1f6ce
receive msg: cs451.Message@28c3c9d
receive msg: cs451.Message@2908f9fa
receive msg: cs451.Message@327eeefd
receive msg: cs451.Message@169d39fa
receive msg: cs451.Message@75168760
receive msg: cs451.Message@1b3f7711
receive msg: cs451.Message@5e737b8d
receive msg: cs451.Message@21decb50
receive msg: cs451.Message@60b2758c
receive msg: cs451.Message@d51174
receive msg: cs451.Message@45bfadf0
receive msg: cs451.Message@126c7a5c
receive msg: cs451.Message@61016388
receive msg: cs451.Message@49f7906d
receive msg: cs451.Message@711f648e
receive msg: cs451.Message@504e6b
receive msg: cs451.Message@6aa760ca
receive msg: cs451.Message@1f26e10b
receive msg: cs451.Message@1597dd75
receive msg: cs451.Message@17b6eaba
receive msg: cs451.Message@464679b6
receive msg: cs451.Message@6ec0e6cc
receive msg: cs451.Message@4517f214
receive msg: cs451.Message@65542336
receive msg: cs451.Message@10aa7de3
receive msg: cs451.Message@79b51fbc
receive msg: cs451.Message@3c8c5cc
receive msg: cs451.Message@47c10b10
receive msg: cs451.Message@447336e
receive msg: cs451.Message@55de84a5
receive msg: cs451.Message@10fddd77
receive msg: cs451.Message@5fabcdf3
receive msg: cs451.Message@624a492b
receive msg: cs451.Message@4390026b
receive msg: cs451.Message@3d78690b
receive msg: cs451.Message@3c3dff02
receive msg: cs451.Message@c8efabf
receive msg: cs451.Message@4f4e221f
receive msg: cs451.Message@31802acc
receive msg: cs451.Message@62161611
receive msg: cs451.Message@193653ee
receive msg: cs451.Message@2756c40d
receive msg: cs451.Message@17304c61
receive msg: cs451.Message@45c47608
receive msg: cs451.Message@6e46f47d
receive msg: cs451.Message@7f212314
receive msg: cs451.Message@6ae73bd5
receive msg: cs451.Message@cf564b7
receive msg: cs451.Message@55498c48
receive msg: cs451.Message@23062c76
receive msg: cs451.Message@70ec9250
receive msg: cs451.Message@571b9026
receive msg: cs451.Message@4ea97d41
receive msg: cs451.Message@5c5e9d7e
receive msg: cs451.Message@4834fab7
receive msg: cs451.Message@4325c937
receive msg: cs451.Message@46e3e767
receive msg: cs451.Message@6efe37a8
receive msg: cs451.Message@1f08982
receive msg: cs451.Message@6c7194fa
receive msg: cs451.Message@35f08ecc
receive msg: cs451.Message@2aacacad
receive msg: cs451.Message@2f959ce3
receive msg: cs451.Message@4f230baf
receive msg: cs451.Message@7e946a69
receive msg: cs451.Message@319268d2
receive msg: cs451.Message@32638887
receive msg: cs451.Message@654a8317
receive msg: cs451.Message@38506af5
receive msg: cs451.Message@1aa651d5
receive msg: cs451.Message@34afd5b6
receive msg: cs451.Message@5ccaa0f
receive msg: cs451.Message@3ef07f81
receive msg: cs451.Message@1670b973
receive msg: cs451.Message@5cb8dc6e
receive msg: cs451.Message@3cc48924
receive msg: cs451.Message@1f5f54a
receive msg: cs451.Message@12dd6f26
receive msg: cs451.Message@89c8abf
receive msg: cs451.Message@1009bf21
receive msg: cs451.Message@3ef857cf
receive msg: cs451.Message@4725ab69
receive msg: cs451.Message@2b801840
receive msg: cs451.Message@76ad5aa6
receive msg: cs451.Message@a172d93
receive msg: cs451.Message@6003b15b
receive msg: cs451.Message@4b6ae703
receive msg: cs451.Message@578efca2
receive msg: cs451.Message@64462875
receive msg: cs451.Message@19b2c4cf
receive msg: cs451.Message@5fc6a05
receive msg: cs451.Message@2537edf4
receive msg: cs451.Message@70677ca7
receive msg: cs451.Message@7f7c4ad8
receive msg: cs451.Message@1936ab70
receive msg: cs451.Message@374adef
receive msg: cs451.Message@483d7b62
receive msg: cs451.Message@558ad237
receive msg: cs451.Message@79cb8edd
receive msg: cs451.Message@5ff65fde
receive msg: cs451.Message@7cb3c929
receive msg: cs451.Message@7f2bb7e2
receive msg: cs451.Message@5a3373bc
receive msg: cs451.Message@3756df8b
receive msg: cs451.Message@554ea2c9
receive msg: cs451.Message@77788b25
receive msg: cs451.Message@3617b8e5
receive msg: cs451.Message@373c832b
receive msg: cs451.Message@17c437ef
receive msg: cs451.Message@2456a791
receive msg: cs451.Message@2f8de36e
receive msg: cs451.Message@7c7b186f
receive msg: cs451.Message@4ab63340
receive msg: cs451.Message@5b4d7fa8
receive msg: cs451.Message@1b9b613c
receive msg: cs451.Message@3f07aa40
receive msg: cs451.Message@44d0a2d3
receive msg: cs451.Message@74d025de
receive msg: cs451.Message@340228f9
receive msg: cs451.Message@36d5c193
receive msg: cs451.Message@77d23ba0
receive msg: cs451.Message@2590e51
receive msg: cs451.Message@27b9bb03
receive msg: cs451.Message@3ff83f3e
receive msg: cs451.Message@59911c5a
receive msg: cs451.Message@13f0aabf
receive msg: cs451.Message@797b7a61
receive msg: cs451.Message@704bbbf
receive msg: cs451.Message@562604c9
receive msg: cs451.Message@4095f9e0
receive msg: cs451.Message@629f2be1
receive msg: cs451.Message@4064ad4e
receive msg: cs451.Message@2602f9c7
receive msg: cs451.Message@49b74e1e
receive msg: cs451.Message@526ca4ea
receive msg: cs451.Message@37877d34
receive msg: cs451.Message@6fa66c2
receive msg: cs451.Message@75ce1fbd
receive msg: cs451.Message@42b2be1a
receive msg: cs451.Message@4e5015a5
receive msg: cs451.Message@1b49a6db
receive msg: cs451.Message@1eff71f8
receive msg: cs451.Message@49ea5e53
receive msg: cs451.Message@7d997f6
receive msg: cs451.Message@517086a8
receive msg: cs451.Message@34e54dcf
receive msg: cs451.Message@2fe685c6
receive msg: cs451.Message@64cbd1eb
receive msg: cs451.Message@315b4e1c
receive msg: cs451.Message@2f4ef6cd
receive msg: cs451.Message@341d9e57
receive msg: cs451.Message@ee355b6
receive msg: cs451.Message@6523c1d8
receive msg: cs451.Message@3d03ab2f
receive msg: cs451.Message@653475fe
receive msg: cs451.Message@71eed20b
receive msg: cs451.Message@ab8e0ef
receive msg: cs451.Message@2a427844
receive msg: cs451.Message@6c1f6377
receive msg: cs451.Message@6be68a75
receive msg: cs451.Message@2614a07e
receive msg: cs451.Message@1fad7ca0
receive msg: cs451.Message@8bea0f9
receive msg: cs451.Message@575436b9
receive msg: cs451.Message@54c07b7d
receive msg: cs451.Message@20fc5539
receive msg: cs451.Message@5db890b7
receive msg: cs451.Message@2baf8447
receive msg: cs451.Message@7c6319dc
receive msg: cs451.Message@3e74def4
receive msg: cs451.Message@27d0cca5
receive msg: cs451.Message@708ae9a4
receive msg: cs451.Message@1443b390
receive msg: cs451.Message@c584c92
receive msg: cs451.Message@2dcc0c58
receive msg: cs451.Message@a2c178c
receive msg: cs451.Message@3faea6a
receive msg: cs451.Message@4d881a5b
receive msg: cs451.Message@eb617e
receive msg: cs451.Message@6a918698
receive msg: cs451.Message@3e6c881a
receive msg: cs451.Message@33bb074e
receive msg: cs451.Message@680070d6
receive msg: cs451.Message@ec39e08
receive msg: cs451.Message@5435eb92
receive msg: cs451.Message@3f5f072d
receive msg: cs451.Message@54b246d0
receive msg: cs451.Message@4693a190
receive msg: cs451.Message@3d81bbab
receive msg: cs451.Message@7a20b559
receive msg: cs451.Message@3c62e80b
receive msg: cs451.Message@67265136
receive msg: cs451.Message@574af29a
receive msg: cs451.Message@283f1f57
receive msg: cs451.Message@33688eb
receive msg: cs451.Message@564cc65a
receive msg: cs451.Message@5612202b
receive msg: cs451.Message@6074819
receive msg: cs451.Message@31c1f9e2
receive msg: cs451.Message@10f9796
receive msg: cs451.Message@46dbece4
receive msg: cs451.Message@7a2023a6
receive msg: cs451.Message@4410dbe9
receive msg: cs451.Message@395e57da
receive msg: cs451.Message@207b20d9
receive msg: cs451.Message@5bbd1a63
receive msg: cs451.Message@19304d6e
receive msg: cs451.Message@521b2915
receive msg: cs451.Message@2b1fa667
receive msg: cs451.Message@18c2df65
receive msg: cs451.Message@302ba2e
receive msg: cs451.Message@85a78da
receive msg: cs451.Message@5e20db28
receive msg: cs451.Message@50170e7e
receive msg: cs451.Message@46520d98
receive msg: cs451.Message@1d953120
receive msg: cs451.Message@45b45021
receive msg: cs451.Message@2db8d217
receive msg: cs451.Message@7b5034f5
receive msg: cs451.Message@4ff8168e
receive msg: cs451.Message@28aa6208
receive msg: cs451.Message@43e93560
receive msg: cs451.Message@39e44674
receive msg: cs451.Message@36a76ba0
receive msg: cs451.Message@4de6f55e
receive msg: cs451.Message@472e9bb7
receive msg: cs451.Message@5ce2a2c0
receive msg: cs451.Message@51153897
receive msg: cs451.Message@2ba37bee
receive msg: cs451.Message@1863be0e
receive msg: cs451.Message@51defb60
receive msg: cs451.Message@29f7b04c
receive msg: cs451.Message@193bc297
receive msg: cs451.Message@1c2d8c70
receive msg: cs451.Message@3a0e716e
receive msg: cs451.Message@2eefd3b3
receive msg: cs451.Message@69879383
receive msg: cs451.Message@19b9cccf
receive msg: cs451.Message@50755b97
receive msg: cs451.Message@d77861
receive msg: cs451.Message@5519e873
receive msg: cs451.Message@29199ab
receive msg: cs451.Message@7842c38d
receive msg: cs451.Message@43edb894
receive msg: cs451.Message@59ad9aea
receive msg: cs451.Message@57ff0cb5
receive msg: cs451.Message@394ff36c
receive msg: cs451.Message@1748d5c9
receive msg: cs451.Message@22077700
receive msg: cs451.Message@d325d51
receive msg: cs451.Message@4b201b08
receive msg: cs451.Message@1a177938
receive msg: cs451.Message@331b20d
receive msg: cs451.Message@1c76afef
receive msg: cs451.Message@57450f32
receive msg: cs451.Message@763a725b
receive msg: cs451.Message@7895074b
receive msg: cs451.Message@5135d661
receive msg: cs451.Message@2ef66fea
receive msg: cs451.Message@bfb68c5
receive msg: cs451.Message@5b8489ae
receive msg: cs451.Message@247dda61
receive msg: cs451.Message@3969683b
receive msg: cs451.Message@69848293
receive msg: cs451.Message@1632aff4
receive msg: cs451.Message@5c56c181
receive msg: cs451.Message@2e8c5280
receive msg: cs451.Message@63d1cdd8
receive msg: cs451.Message@609f8359
receive msg: cs451.Message@a2f1c02
receive msg: cs451.Message@46fb4795
receive msg: cs451.Message@2ba9fd9f
receive msg: cs451.Message@37b026f8
receive msg: cs451.Message@458de300
receive msg: cs451.Message@59d6d3cb
receive msg: cs451.Message@3d77986b
receive msg: cs451.Message@b46eedb
receive msg: cs451.Message@21799950
receive msg: cs451.Message@4ede4e3f
receive msg: cs451.Message@4f6b334f
receive msg: cs451.Message@73673c4f
receive msg: cs451.Message@1eb9986a
receive msg: cs451.Message@22aa8234
receive msg: cs451.Message@344d2c65
receive msg: cs451.Message@7e82fbe7
receive msg: cs451.Message@2c2a5695
receive msg: cs451.Message@5a67ca06
receive msg: cs451.Message@794fb2b
receive msg: cs451.Message@6e2065fd
receive msg: cs451.Message@10c01852
receive msg: cs451.Message@7413c7b6
receive msg: cs451.Message@54fe27bc
receive msg: cs451.Message@391cbf53
receive msg: cs451.Message@298e32aa
receive msg: cs451.Message@434a7e5a
receive msg: cs451.Message@66ac7248
receive msg: cs451.Message@3a96bfe9
receive msg: cs451.Message@6255d173
receive msg: cs451.Message@72fdcbcd
receive msg: cs451.Message@77c6c9e8
receive msg: cs451.Message@78a0590e
receive msg: cs451.Message@34b2c120
receive msg: cs451.Message@288dd7d8
receive msg: cs451.Message@6945d2a8
receive msg: cs451.Message@13579ea7
receive msg: cs451.Message@31cee62c
receive msg: cs451.Message@77bbc4da
receive msg: cs451.Message@302c8817
receive msg: cs451.Message@1f218a13
receive msg: cs451.Message@5998e05d
receive msg: cs451.Message@70ac72a0
receive msg: cs451.Message@24942092
receive msg: cs451.Message@37764701
receive msg: cs451.Message@29f2c3ba
receive msg: cs451.Message@3ad89d56
receive msg: cs451.Message@3fcdaa2f
receive msg: cs451.Message@3a86ac98
receive msg: cs451.Message@5565761
receive msg: cs451.Message@7b1a48b0
receive msg: cs451.Message@29d4092e
receive msg: cs451.Message@263982e0
receive msg: cs451.Message@11633419
receive msg: cs451.Message@3895b14d
receive msg: cs451.Message@31815208
receive msg: cs451.Message@5b45e85a
receive msg: cs451.Message@530edcd7
receive msg: cs451.Message@46840022
receive msg: cs451.Message@7d2e0be8
receive msg: cs451.Message@95d2b2f
receive msg: cs451.Message@2c10b6b7
receive msg: cs451.Message@4af32607
receive msg: cs451.Message@470f15fa
receive msg: cs451.Message@276b5a67
receive msg: cs451.Message@e67e533
receive msg: cs451.Message@5d7739e6
receive msg: cs451.Message@62684777
receive msg: cs451.Message@1f2d913f
receive msg: cs451.Message@2e52b194
receive msg: cs451.Message@4a8e15b1
receive msg: cs451.Message@6afda068
receive msg: cs451.Message@19aa7061
receive msg: cs451.Message@224fbcd1
receive msg: cs451.Message@18d606b4
receive msg: cs451.Message@1f2f0b26
receive msg: cs451.Message@554c49da
receive msg: cs451.Message@abace96
receive msg: cs451.Message@22719ad3
receive msg: cs451.Message@45e0c380
receive msg: cs451.Message@7255507f
receive msg: cs451.Message@2ec7fedd
receive msg: cs451.Message@4e4ed4
receive msg: cs451.Message@43f1619e
receive msg: cs451.Message@1b7f0737
receive msg: cs451.Message@adf3393
receive msg: cs451.Message@7815e4f2
receive msg: cs451.Message@30a097ff
receive msg: cs451.Message@53857863
receive msg: cs451.Message@20358a2b
receive msg: cs451.Message@7750c8ab
receive msg: cs451.Message@43fbb6d1
receive msg: cs451.Message@3b4588ad
receive msg: cs451.Message@37ad393c
receive msg: cs451.Message@4649aaf2
receive msg: cs451.Message@581ad1d4
receive msg: cs451.Message@4f0d3a9a
receive msg: cs451.Message@11b78e9e
receive msg: cs451.Message@1aa2b860
receive msg: cs451.Message@14b84e91
receive msg: cs451.Message@32477f76
receive msg: cs451.Message@1fa9c4de
receive msg: cs451.Message@10471ef3
receive msg: cs451.Message@465d06ac
receive msg: cs451.Message@4fe87dde
receive msg: cs451.Message@1e36cfc9
receive msg: cs451.Message@362efa7a
receive msg: cs451.Message@18e8e275
receive msg: cs451.Message@14e26a3b
receive msg: cs451.Message@3c02a7e9
receive msg: cs451.Message@7d3e6739
receive msg: cs451.Message@229ad9a1
receive msg: cs451.Message@252edc7b
receive msg: cs451.Message@cba0ad8
receive msg: cs451.Message@233b3d9
receive msg: cs451.Message@769035ef
receive msg: cs451.Message@250ee242
receive msg: cs451.Message@79bed0f1
receive msg: cs451.Message@668c1964
receive msg: cs451.Message@11c46717
receive msg: cs451.Message@430a8b9f
receive msg: cs451.Message@4c3cf257
receive msg: cs451.Message@4a7d958d
receive msg: cs451.Message@78b3af0a
receive msg: cs451.Message@6f7295f0
receive msg: cs451.Message@44f77c03
receive msg: cs451.Message@620058ed
receive msg: cs451.Message@7ae6058
receive msg: cs451.Message@7c88a848
receive msg: cs451.Message@360c4be
receive msg: cs451.Message@63c7330f
receive msg: cs451.Message@171f338f
receive msg: cs451.Message@2e6c13cc
receive msg: cs451.Message@2b2c778b
receive msg: cs451.Message@712976aa
receive msg: cs451.Message@1f44a04b
receive msg: cs451.Message@5178221c
receive msg: cs451.Message@19208797
receive msg: cs451.Message@23063e3f
receive msg: cs451.Message@197a94ec
receive msg: cs451.Message@9022d1d
receive msg: cs451.Message@14031f95
pl send exit here
receive msg: cs451.Message@6663cec
receive msg: cs451.Message@4bf61538
receive msg: cs451.Message@5304b39e
receive msg: cs451.Message@5f77e1dc
receive msg: cs451.Message@68c13782
receive msg: cs451.Message@1365b077
receive msg: cs451.Message@650b79c6
receive msg: cs451.Message@5920dba
receive msg: cs451.Message@648e47ad
receive msg: cs451.Message@5ad6b543
receive msg: cs451.Message@642d3296
receive msg: cs451.Message@71c71c74
receive msg: cs451.Message@67e28ece
receive msg: cs451.Message@87143dc
receive msg: cs451.Message@5c579c6
receive msg: cs451.Message@4ca8e1b6
receive msg: cs451.Message@3fcf8213
receive msg: cs451.Message@3d225995
receive msg: cs451.Message@13071cbe
receive msg: cs451.Message@18a9ea39
receive msg: cs451.Message@5bb52c25
receive msg: cs451.Message@74742837
receive msg: cs451.Message@5fbd38eb
receive msg: cs451.Message@812f907
receive msg: cs451.Message@7ab43824
receive msg: cs451.Message@2fd482d5
receive msg: cs451.Message@19988da4
receive msg: cs451.Message@65d8551
receive msg: cs451.Message@5d73f8a6
receive msg: cs451.Message@56ba0bf7
receive msg: cs451.Message@b124929
receive msg: cs451.Message@610f2217
receive msg: cs451.Message@23fb4058
receive msg: cs451.Message@25180263
receive msg: cs451.Message@3c5a4ce8
receive msg: cs451.Message@24dddeee
receive msg: cs451.Message@5d5da3ad
receive msg: cs451.Message@3833b97f
receive msg: cs451.Message@56608f9d
receive msg: cs451.Message@1c800111
receive msg: cs451.Message@2c7099e7
receive msg: cs451.Message@92d2557
receive msg: cs451.Message@5b634f88
receive msg: cs451.Message@4777557c
receive msg: cs451.Message@6f6043d4
receive msg: cs451.Message@f87c4f2
receive msg: cs451.Message@4e59d585
receive msg: cs451.Message@3378a587
receive msg: cs451.Message@5eeb3edf
receive msg: cs451.Message@6f7ad1a4
receive msg: cs451.Message@6f8fc433
receive msg: cs451.Message@192d10d8
receive msg: cs451.Message@1eb7c8e4
receive msg: cs451.Message@2779dd67
receive msg: cs451.Message@36463be7
receive msg: cs451.Message@479c4627
receive msg: cs451.Message@674c56d8
receive msg: cs451.Message@eb72db3
receive msg: cs451.Message@929b681
receive msg: cs451.Message@2c2164fd
receive msg: cs451.Message@29de1d37
receive msg: cs451.Message@1eb3670a
receive msg: cs451.Message@5a6a47e3
receive msg: cs451.Message@7dcbc6df
receive msg: cs451.Message@24a54bf4
receive msg: cs451.Message@21abe35d
receive msg: cs451.Message@29f6edd4
receive msg: cs451.Message@aa82b0b
receive msg: cs451.Message@4dc2b41
receive msg: cs451.Message@7a13918c
receive msg: cs451.Message@64154b57
receive msg: cs451.Message@2f2ed4ad
receive msg: cs451.Message@4a4d742a
receive msg: cs451.Message@2c34031e
receive msg: cs451.Message@6235ba3c
receive msg: cs451.Message@3be7816b
receive msg: cs451.Message@1aaa4e19
receive msg: cs451.Message@160a82a1
receive msg: cs451.Message@59213e06
receive msg: cs451.Message@5eca1090
receive msg: cs451.Message@16d857d6
receive msg: cs451.Message@5485c026
receive msg: cs451.Message@48415be
receive msg: cs451.Message@a44db2e
receive msg: cs451.Message@5ef65b57
receive msg: cs451.Message@2408345f
receive msg: cs451.Message@85ec85
receive msg: cs451.Message@2c34da10
receive msg: cs451.Message@40741022
receive msg: cs451.Message@253b7ebf
receive msg: cs451.Message@af54f59
receive msg: cs451.Message@9be04d
receive msg: cs451.Message@608e157c
receive msg: cs451.Message@1e3e4154
receive msg: cs451.Message@3e915a4d
receive msg: cs451.Message@61d75c5a
receive msg: cs451.Message@716280e9
receive msg: cs451.Message@1d3a4b70
receive msg: cs451.Message@294d29a8
receive msg: cs451.Message@72a38557
receive msg: cs451.Message@17232622
receive msg: cs451.Message@580d9e7d
receive msg: cs451.Message@18cdecbd
receive msg: cs451.Message@762a5bce
receive msg: cs451.Message@78b6711f
receive msg: cs451.Message@4cfce602
receive msg: cs451.Message@3b234324
receive msg: cs451.Message@1ff39ba5
receive msg: cs451.Message@54862fcd
receive msg: cs451.Message@7fe11fa9
receive msg: cs451.Message@5efa5912
receive msg: cs451.Message@5d57dfdb
receive msg: cs451.Message@38ca6bfb
receive msg: cs451.Message@4f21271c
receive msg: cs451.Message@431fc523
receive msg: cs451.Message@2055739c
receive msg: cs451.Message@4bab51de
receive msg: cs451.Message@d748670
receive msg: cs451.Message@307f7c20
receive msg: cs451.Message@3b3d3020
receive msg: cs451.Message@2a09b338
receive msg: cs451.Message@367f70f
receive msg: cs451.Message@48b2153f
receive msg: cs451.Message@1adc9039
receive msg: cs451.Message@7d2b6029
receive msg: cs451.Message@41c82f0c
receive msg: cs451.Message@190bc1e7
receive msg: cs451.Message@6728c7a7
receive msg: cs451.Message@41a4c943
receive msg: cs451.Message@41942e34
receive msg: cs451.Message@6d7db18
receive msg: cs451.Message@27e3319a
receive msg: cs451.Message@40ea0af4
receive msg: cs451.Message@20ef7953
receive msg: cs451.Message@1858694d
receive msg: cs451.Message@2609f43d
receive msg: cs451.Message@3624f7a2
receive msg: cs451.Message@6d5a35d4
receive msg: cs451.Message@36132b33
receive msg: cs451.Message@5f5299d0
receive msg: cs451.Message@4edafc7f
receive msg: cs451.Message@729284e5
receive msg: cs451.Message@5d777337
receive msg: cs451.Message@16a0ed50
receive msg: cs451.Message@f80c2ff
receive msg: cs451.Message@69d3ca46
receive msg: cs451.Message@f5be280
receive msg: cs451.Message@1e004456
receive msg: cs451.Message@171efa53
receive msg: cs451.Message@6068830c
receive msg: cs451.Message@30f73263
receive msg: cs451.Message@2c49e2df
receive msg: cs451.Message@4c655967
receive msg: cs451.Message@68b1c304
receive msg: cs451.Message@615c905b
receive msg: cs451.Message@2e0d9b5
receive msg: cs451.Message@642806ef
receive msg: cs451.Message@2e7508d
receive msg: cs451.Message@7bcd6c2
receive msg: cs451.Message@3158af1
receive msg: cs451.Message@27aefb02
receive msg: cs451.Message@1f75a442
receive msg: cs451.Message@7e9e7ba8
receive msg: cs451.Message@51f33488
receive msg: cs451.Message@1d5a35f
receive msg: cs451.Message@33b04093
receive msg: cs451.Message@3e7e3e76
receive msg: cs451.Message@76e10a45
receive msg: cs451.Message@5a82909d
receive msg: cs451.Message@6b87e786
receive msg: cs451.Message@2445e90e
receive msg: cs451.Message@5a887ce1
receive msg: cs451.Message@14400955
receive msg: cs451.Message@40af778c
receive msg: cs451.Message@4ba9fb0e
receive msg: cs451.Message@52dff9ee
receive msg: cs451.Message@46414841
receive msg: cs451.Message@7de94412
receive msg: cs451.Message@791ca12a
receive msg: cs451.Message@5421376e
receive msg: cs451.Message@186e7eeb
receive msg: cs451.Message@2f106020
receive msg: cs451.Message@33999119
receive msg: cs451.Message@6e5e4a43
receive msg: cs451.Message@5acf845
receive msg: cs451.Message@299189b0
receive msg: cs451.Message@567fc4c2
receive msg: cs451.Message@4aef801c
receive msg: cs451.Message@28e337d4
receive msg: cs451.Message@d9ae771
receive msg: cs451.Message@25eb7bd4
receive msg: cs451.Message@1332e015
receive msg: cs451.Message@225e3830
receive msg: cs451.Message@78a5e265
receive msg: cs451.Message@66e137e
receive msg: cs451.Message@25869ee
receive msg: cs451.Message@51944e2d
receive msg: cs451.Message@6f538b0
receive msg: cs451.Message@70763ef3
receive msg: cs451.Message@31a02e0a
receive msg: cs451.Message@42b6eb35
receive msg: cs451.Message@6da97b6b
receive msg: cs451.Message@2c69418b
receive msg: cs451.Message@1c89fa72
receive msg: cs451.Message@69134595
receive msg: cs451.Message@4fc709ff
receive msg: cs451.Message@29447c95
receive msg: cs451.Message@7acd59a5
receive msg: cs451.Message@9818484
receive msg: cs451.Message@7e7efcba
receive msg: cs451.Message@74548734
receive msg: cs451.Message@6444e86a
receive msg: cs451.Message@61e4f5c2
receive msg: cs451.Message@68f65e68
receive msg: cs451.Message@38cb1965
receive msg: cs451.Message@7b0fa1ae
receive msg: cs451.Message@3d8311e8
receive msg: cs451.Message@675c0d2e
receive msg: cs451.Message@73c2091
receive msg: cs451.Message@1b8e309
receive msg: cs451.Message@2491be87
receive msg: cs451.Message@23a3f246
receive msg: cs451.Message@45fd660b
receive msg: cs451.Message@39b6516
receive msg: cs451.Message@2a579664
receive msg: cs451.Message@165a60aa
receive msg: cs451.Message@38399154
receive msg: cs451.Message@60d2e090
receive msg: cs451.Message@76a0ae58
receive msg: cs451.Message@333acf16
receive msg: cs451.Message@47fd5b14
receive msg: cs451.Message@305cf51b
receive msg: cs451.Message@43fd5f26
receive msg: cs451.Message@26da7a30
receive msg: cs451.Message@bd2b004
receive msg: cs451.Message@5c717848
receive msg: cs451.Message@755c088f
receive msg: cs451.Message@22e7ee
receive msg: cs451.Message@1e6e357e
receive msg: cs451.Message@498aadc3
receive msg: cs451.Message@5c87dc0d
receive msg: cs451.Message@4b0d4de4
receive msg: cs451.Message@2427443e
receive msg: cs451.Message@385f01cc
receive msg: cs451.Message@5adad57e
receive msg: cs451.Message@7b99c1ac
receive msg: cs451.Message@65016c55
receive msg: cs451.Message@25905058
receive msg: cs451.Message@29ed10b1
receive msg: cs451.Message@1c4c3081
receive msg: cs451.Message@72418499
receive msg: cs451.Message@55741819
receive msg: cs451.Message@14ddf29e
receive msg: cs451.Message@69e800bc
receive msg: cs451.Message@17733454
receive msg: cs451.Message@62b25273
receive msg: cs451.Message@190015b9
receive msg: cs451.Message@30440bc5
receive msg: cs451.Message@3e1b480d
receive msg: cs451.Message@4ecab477
receive msg: cs451.Message@57fecdca
receive msg: cs451.Message@47f4eed3
receive msg: cs451.Message@23cb8d00
receive msg: cs451.Message@38b9fc02
receive msg: cs451.Message@1908e642
receive msg: cs451.Message@79ea01c6
receive msg: cs451.Message@6b63076
receive msg: cs451.Message@7198854e
receive msg: cs451.Message@2f7c47c9
receive msg: cs451.Message@63187d1
receive msg: cs451.Message@31b332e1
receive msg: cs451.Message@4b4636c
receive msg: cs451.Message@49bb2e3c
receive msg: cs451.Message@433e27d5
receive msg: cs451.Message@6b322169
receive msg: cs451.Message@4c3a9060
receive msg: cs451.Message@5c609d15
receive msg: cs451.Message@6e5209c3
receive msg: cs451.Message@14114409
receive msg: cs451.Message@c307f7b
receive msg: cs451.Message@5460c3dd
receive msg: cs451.Message@2a02d483
receive msg: cs451.Message@342dfcc6
receive msg: cs451.Message@3b69869f
receive msg: cs451.Message@69c5d404
receive msg: cs451.Message@55dfa373
receive msg: cs451.Message@ecfaec2
receive msg: cs451.Message@79e59cfa
receive msg: cs451.Message@3e471236
receive msg: cs451.Message@162beab6
receive msg: cs451.Message@6561ff0f
receive msg: cs451.Message@30b6bd15
receive msg: cs451.Message@3666df97
receive msg: cs451.Message@7fd1edb7
receive msg: cs451.Message@1522fcc5
receive msg: cs451.Message@1079b561
receive msg: cs451.Message@10634a9e
receive msg: cs451.Message@602fb170
receive msg: cs451.Message@62e9ad64
receive msg: cs451.Message@3fe6cee5
receive msg: cs451.Message@355b543d
receive msg: cs451.Message@28e2c7d7
receive msg: cs451.Message@74fcd22
receive msg: cs451.Message@e57bac8
receive msg: cs451.Message@6142ed83
receive msg: cs451.Message@5fa04203
receive msg: cs451.Message@26ffb208
receive msg: cs451.Message@154dcde5
receive msg: cs451.Message@6315143a
receive msg: cs451.Message@3ef8f201
receive msg: cs451.Message@654c6824
receive msg: cs451.Message@1e15b38d
receive msg: cs451.Message@556ad0b1
receive msg: cs451.Message@2cfb48e7
receive msg: cs451.Message@2a701814
receive msg: cs451.Message@19ca4f0c
receive msg: cs451.Message@1a26fbdc
receive msg: cs451.Message@6cec340f
receive msg: cs451.Message@46f6313e
receive msg: cs451.Message@d0fb4c3
receive msg: cs451.Message@20da46a5
receive msg: cs451.Message@2d9b52fd
receive msg: cs451.Message@5a93f9b1
receive msg: cs451.Message@2acae78c
receive msg: cs451.Message@5857631e
receive msg: cs451.Message@2f2cde53
receive msg: cs451.Message@6a37f476
receive msg: cs451.Message@17bc883b
receive msg: cs451.Message@74105641
receive msg: cs451.Message@3d87d0d6
receive msg: cs451.Message@68c61754
receive msg: cs451.Message@1bc8b727
receive msg: cs451.Message@6d1c5841
receive msg: cs451.Message@6e9e2454
receive msg: cs451.Message@36bae264
receive msg: cs451.Message@68151a1b
receive msg: cs451.Message@67c48908
receive msg: cs451.Message@78e7ad20
receive msg: cs451.Message@19afc99a
receive msg: cs451.Message@592add76
receive msg: cs451.Message@1a658392
receive msg: cs451.Message@5faea353
receive msg: cs451.Message@38aa5225
receive msg: cs451.Message@37e4e92b
receive msg: cs451.Message@1ab8556
receive msg: cs451.Message@2b350a0b
receive msg: cs451.Message@41e44e32
receive msg: cs451.Message@51594a94
receive msg: cs451.Message@c85e4dc
receive msg: cs451.Message@f63c215
receive msg: cs451.Message@6c158815
receive msg: cs451.Message@770372e9
receive msg: cs451.Message@5403cbd1
receive msg: cs451.Message@4561d82e
receive msg: cs451.Message@574a5b7
receive msg: cs451.Message@690c0bca
receive msg: cs451.Message@231b0879
receive msg: cs451.Message@68f0149c
receive msg: cs451.Message@48094d28
receive msg: cs451.Message@41d24db8
Immediately stopping network packet processing.
Writing output.
fl receive exit here
fl send exit here
pl receive exit here
