My PID: 44906

From a new terminal type `kill -SIGINT 44906` or `kill -SIGTERM 44906` to stop processing packets

My ID: 6

List of resolved hosts is:
==========================
1
Human-readable IP: 127.0.0.1
Human-readable Port: 11001

2
Human-readable IP: 127.0.0.1
Human-readable Port: 11002

3
Human-readable IP: 127.0.0.1
Human-readable Port: 11003

4
Human-readable IP: 127.0.0.1
Human-readable Port: 11004

5
Human-readable IP: 127.0.0.1
Human-readable Port: 11005

6
Human-readable IP: 127.0.0.1
Human-readable Port: 11006

7
Human-readable IP: 127.0.0.1
Human-readable Port: 11007

8
Human-readable IP: 127.0.0.1
Human-readable Port: 11008


Path to output:
===============
/Users/melody/Documents/GitHub/CS451-2021-project/logs/proc06.output

Path to config:
===============
logs/config

10000

Doing some initialization

Broadcasting and delivering messages...

receive msg: cs451.Message@11733f1a
receive msg: cs451.Message@c504be9
receive msg: cs451.Message@4ac68744
receive msg: cs451.Message@5153c122
receive msg: cs451.Message@59d0affd
receive msg: cs451.Message@57d1a82d
receive msg: cs451.Message@2953f934
receive msg: cs451.Message@66c677ed
receive msg: cs451.Message@3ab5838f
receive msg: cs451.Message@60ffd434
receive msg: cs451.Message@56d30b46
receive msg: cs451.Message@37f676e
receive msg: cs451.Message@15402575
receive msg: cs451.Message@b000d9d
receive msg: cs451.Message@4547be80
receive msg: cs451.Message@3d7bf551
receive msg: cs451.Message@29040406
receive msg: cs451.Message@2263985e
receive msg: cs451.Message@5a28812c
receive msg: cs451.Message@389b2645
receive msg: cs451.Message@31363164
receive msg: cs451.Message@f29ee74
receive msg: cs451.Message@11162f5c
receive msg: cs451.Message@705e8a35
receive msg: cs451.Message@70e3384b
receive msg: cs451.Message@30f9326d
receive msg: cs451.Message@103587e1
receive msg: cs451.Message@143ea8f0
receive msg: cs451.Message@7df6eb5c
receive msg: cs451.Message@4e5c4d5
receive msg: cs451.Message@38535127
receive msg: cs451.Message@59cb07f5
receive msg: cs451.Message@132dbb9b
receive msg: cs451.Message@39440647
receive msg: cs451.Message@1b3cb221
receive msg: cs451.Message@1a49fa1c
receive msg: cs451.Message@64466bad
receive msg: cs451.Message@7d293f5c
receive msg: cs451.Message@3fa3762
receive msg: cs451.Message@5636a41b
receive msg: cs451.Message@1faa673
receive msg: cs451.Message@359daacf
receive msg: cs451.Message@678eda39
receive msg: cs451.Message@4fbacaf
receive msg: cs451.Message@50e64b7d
receive msg: cs451.Message@875587c
receive msg: cs451.Message@19bb1459
receive msg: cs451.Message@407c4d15
receive msg: cs451.Message@22a34bc4
receive msg: cs451.Message@b75154
receive msg: cs451.Message@41ef94c7
receive msg: cs451.Message@63d96d0a
receive msg: cs451.Message@5b9cf7de
receive msg: cs451.Message@611b2008
receive msg: cs451.Message@5c6fc940
receive msg: cs451.Message@74764efa
receive msg: cs451.Message@486875ad
receive msg: cs451.Message@70cb17c8
receive msg: cs451.Message@52ccf558
receive msg: cs451.Message@148b6065
receive msg: cs451.Message@1fc5ba44
receive msg: cs451.Message@37988b23
receive msg: cs451.Message@2cbcebd
receive msg: cs451.Message@4d0c1ec9
receive msg: cs451.Message@7fa98ab6
receive msg: cs451.Message@c1bd7f3
receive msg: cs451.Message@50794eeb
receive msg: cs451.Message@7d2ef87b
receive msg: cs451.Message@4ee13152
receive msg: cs451.Message@1c97d332
receive msg: cs451.Message@683d85d
receive msg: cs451.Message@c6405d6
receive msg: cs451.Message@4b48dea9
receive msg: cs451.Message@69648ab1
receive msg: cs451.Message@71bde6f0
receive msg: cs451.Message@5d5b17a4
receive msg: cs451.Message@506b2730
receive msg: cs451.Message@1d971e8e
receive msg: cs451.Message@383e1aa
receive msg: cs451.Message@6603049
receive msg: cs451.Message@f3bc512
receive msg: cs451.Message@2a7dc915
receive msg: cs451.Message@36eff341
receive msg: cs451.Message@310a6fad
receive msg: cs451.Message@60c82fcb
receive msg: cs451.Message@243967a6
receive msg: cs451.Message@6d05ed9b
receive msg: cs451.Message@f109091
receive msg: cs451.Message@2e0750cf
receive msg: cs451.Message@41ec16fe
receive msg: cs451.Message@3c7426d
receive msg: cs451.Message@8d8ce9c
receive msg: cs451.Message@1ccd7660
receive msg: cs451.Message@3db7c8e1
receive msg: cs451.Message@45a3110
receive msg: cs451.Message@4ab8b329
receive msg: cs451.Message@3db1b268
receive msg: cs451.Message@3ec285ff
receive msg: cs451.Message@6bc5f186
receive msg: cs451.Message@646b262c
receive msg: cs451.Message@54f9ea3b
receive msg: cs451.Message@7ebe7026
receive msg: cs451.Message@3ab3e7b6
receive msg: cs451.Message@754ec8a
receive msg: cs451.Message@1c677669
receive msg: cs451.Message@11551a83
receive msg: cs451.Message@34fed148
receive msg: cs451.Message@146e4be1
receive msg: cs451.Message@331da33b
receive msg: cs451.Message@aa536d9
receive msg: cs451.Message@4893c254
receive msg: cs451.Message@2ec4a9e4
receive msg: cs451.Message@709ec37c
receive msg: cs451.Message@532e3048
receive msg: cs451.Message@5f9d91b
receive msg: cs451.Message@ef9dbc9
receive msg: cs451.Message@87a6c49
receive msg: cs451.Message@2af4a17e
receive msg: cs451.Message@610e843a
receive msg: cs451.Message@21693c41
receive msg: cs451.Message@7a2a0401
receive msg: cs451.Message@75daa56b
receive msg: cs451.Message@60e0d0be
receive msg: cs451.Message@80363d7
receive msg: cs451.Message@222364da
receive msg: cs451.Message@2726c08
receive msg: cs451.Message@647139d8
receive msg: cs451.Message@777fe35a
receive msg: cs451.Message@4e434cdb
receive msg: cs451.Message@5f406b37
receive msg: cs451.Message@329236fe
receive msg: cs451.Message@3aff76c5
receive msg: cs451.Message@6e0ed0d5
receive msg: cs451.Message@32cb17f0
receive msg: cs451.Message@11cde291
receive msg: cs451.Message@50c5e733
receive msg: cs451.Message@48550d86
receive msg: cs451.Message@22cbf7eb
receive msg: cs451.Message@5cec4049
receive msg: cs451.Message@23efd898
receive msg: cs451.Message@43b6d85e
receive msg: cs451.Message@3ebf0b6c
receive msg: cs451.Message@efeafa
receive msg: cs451.Message@5d99c967
receive msg: cs451.Message@28188ea2
receive msg: cs451.Message@6e3a04a6
receive msg: cs451.Message@117d9ba1
receive msg: cs451.Message@2bcba18
receive msg: cs451.Message@6e3d4973
receive msg: cs451.Message@501c7f26
receive msg: cs451.Message@2d415617
receive msg: cs451.Message@4aca45dd
receive msg: cs451.Message@4eb8fb26
receive msg: cs451.Message@7d6e4898
receive msg: cs451.Message@5ab848cc
receive msg: cs451.Message@42c41aeb
receive msg: cs451.Message@4bacb85e
receive msg: cs451.Message@4409133b
receive msg: cs451.Message@5cefdd5e
receive msg: cs451.Message@3e9e976a
receive msg: cs451.Message@10dea6af
receive msg: cs451.Message@1cc2ef44
receive msg: cs451.Message@3e65c4af
receive msg: cs451.Message@740a31ce
receive msg: cs451.Message@11841a3e
receive msg: cs451.Message@1a377f85
receive msg: cs451.Message@ae790d0
receive msg: cs451.Message@2fc65403
receive msg: cs451.Message@1e22fe2f
receive msg: cs451.Message@3fc86139
receive msg: cs451.Message@99f1700
receive msg: cs451.Message@14643c7c
receive msg: cs451.Message@1dbe7b59
receive msg: cs451.Message@6103007e
receive msg: cs451.Message@10d52c49
receive msg: cs451.Message@25e775f3
receive msg: cs451.Message@4bedb6a5
receive msg: cs451.Message@32145f56
receive msg: cs451.Message@b1a8a39
receive msg: cs451.Message@15cc3e44
receive msg: cs451.Message@3332fac6
receive msg: cs451.Message@234ced19
receive msg: cs451.Message@7c58e00b
receive msg: cs451.Message@812cfda
receive msg: cs451.Message@2cd2e0d4
receive msg: cs451.Message@68b2e472
receive msg: cs451.Message@535109d7
receive msg: cs451.Message@4da36078
receive msg: cs451.Message@76ccfd58
receive msg: cs451.Message@9a20687
receive msg: cs451.Message@52e6a9d5
receive msg: cs451.Message@410a351
receive msg: cs451.Message@15a7b8b6
receive msg: cs451.Message@c2802bb
receive msg: cs451.Message@6be7baea
receive msg: cs451.Message@6a6c86ec
receive msg: cs451.Message@42a6e11f
receive msg: cs451.Message@e571e2a
receive msg: cs451.Message@58b1c5e0
receive msg: cs451.Message@56e463fc
receive msg: cs451.Message@23bfce26
receive msg: cs451.Message@15af2235
receive msg: cs451.Message@43676ba5
receive msg: cs451.Message@36690bb6
receive msg: cs451.Message@6b7a3da3
receive msg: cs451.Message@7281473
receive msg: cs451.Message@7fea6d70
receive msg: cs451.Message@1a0fd80
receive msg: cs451.Message@3b0d5f32
receive msg: cs451.Message@7cc14fac
receive msg: cs451.Message@50ec3ca9
receive msg: cs451.Message@562687c9
receive msg: cs451.Message@703a6f0
receive msg: cs451.Message@71493593
receive msg: cs451.Message@40715667
receive msg: cs451.Message@228b996f
receive msg: cs451.Message@38a58fe8
receive msg: cs451.Message@f8c0c2
receive msg: cs451.Message@4a707cd4
receive msg: cs451.Message@344ec414
receive msg: cs451.Message@2080c7ba
receive msg: cs451.Message@6638fdb8
receive msg: cs451.Message@2fe7ab77
receive msg: cs451.Message@6d4bb4fb
receive msg: cs451.Message@4b5013ff
receive msg: cs451.Message@6aa4e210
receive msg: cs451.Message@788a5020
receive msg: cs451.Message@4856dfa6
receive msg: cs451.Message@3d2f2b8
receive msg: cs451.Message@4eab24b0
receive msg: cs451.Message@648a6615
receive msg: cs451.Message@1adf3ecd
receive msg: cs451.Message@e0c481c
receive msg: cs451.Message@191573c9
receive msg: cs451.Message@2e180430
receive msg: cs451.Message@4dd26e68
receive msg: cs451.Message@21728366
receive msg: cs451.Message@134b27ba
receive msg: cs451.Message@7d1c9867
receive msg: cs451.Message@23631882
receive msg: cs451.Message@163fd63b
receive msg: cs451.Message@5c0345b1
receive msg: cs451.Message@454521f6
receive msg: cs451.Message@7e5986d4
receive msg: cs451.Message@16bf192a
receive msg: cs451.Message@5057e881
receive msg: cs451.Message@3c7139ec
receive msg: cs451.Message@e2c7790
receive msg: cs451.Message@60344936
receive msg: cs451.Message@fc8b651
receive msg: cs451.Message@3ac3401d
receive msg: cs451.Message@573e2022
receive msg: cs451.Message@1581ae0a
receive msg: cs451.Message@5f31f8d5
receive msg: cs451.Message@7fd29886
receive msg: cs451.Message@594b986e
receive msg: cs451.Message@41228cb3
receive msg: cs451.Message@11052312
receive msg: cs451.Message@7af88f1c
receive msg: cs451.Message@7ff5e0c5
receive msg: cs451.Message@2ae7ac9c
receive msg: cs451.Message@12421761
receive msg: cs451.Message@2c7cfa5a
receive msg: cs451.Message@7cdfd4d8
receive msg: cs451.Message@6bcb0493
receive msg: cs451.Message@6930ef94
receive msg: cs451.Message@22d566c2
receive msg: cs451.Message@20ae0f54
receive msg: cs451.Message@1372784e
receive msg: cs451.Message@7dd079fb
receive msg: cs451.Message@74baf3f5
receive msg: cs451.Message@243e8699
receive msg: cs451.Message@240e3a58
receive msg: cs451.Message@5a6f9083
receive msg: cs451.Message@79e9f560
receive msg: cs451.Message@2933be8a
receive msg: cs451.Message@7c3a8d0e
receive msg: cs451.Message@5a77e182
receive msg: cs451.Message@6c034d59
receive msg: cs451.Message@58f079bd
receive msg: cs451.Message@700acd50
receive msg: cs451.Message@15144922
receive msg: cs451.Message@638ba75c
receive msg: cs451.Message@38ed1701
receive msg: cs451.Message@1eab2d01
receive msg: cs451.Message@29413aaf
receive msg: cs451.Message@174ec99c
receive msg: cs451.Message@47cb916b
receive msg: cs451.Message@cf7fb6
receive msg: cs451.Message@207bb942
receive msg: cs451.Message@419886f8
receive msg: cs451.Message@5ac30769
receive msg: cs451.Message@210af148
receive msg: cs451.Message@5cc6fd82
receive msg: cs451.Message@59ec0fa4
receive msg: cs451.Message@1b56b3bf
receive msg: cs451.Message@6d20812c
receive msg: cs451.Message@6e15be7
receive msg: cs451.Message@3f49e5b0
receive msg: cs451.Message@112c62ad
receive msg: cs451.Message@78ecb845
receive msg: cs451.Message@74deeadc
receive msg: cs451.Message@4cae592
receive msg: cs451.Message@7601d6ac
receive msg: cs451.Message@6b3276b9
receive msg: cs451.Message@6839e909
receive msg: cs451.Message@3b8c77e9
receive msg: cs451.Message@43c07282
receive msg: cs451.Message@3b3f53fd
receive msg: cs451.Message@1ce99432
receive msg: cs451.Message@44829b79
receive msg: cs451.Message@416a509
receive msg: cs451.Message@45f7aecd
receive msg: cs451.Message@15effa45
receive msg: cs451.Message@45e6e2d2
receive msg: cs451.Message@74e9298a
receive msg: cs451.Message@c10701c
receive msg: cs451.Message@66c78e09
receive msg: cs451.Message@14c50071
receive msg: cs451.Message@29ddce1a
receive msg: cs451.Message@2642cbad
receive msg: cs451.Message@7cafbeaa
receive msg: cs451.Message@40d5ffc6
receive msg: cs451.Message@7bf54d8
receive msg: cs451.Message@3790e821
receive msg: cs451.Message@36cb5a97
receive msg: cs451.Message@598fb847
receive msg: cs451.Message@246b3e3a
receive msg: cs451.Message@140a1b76
receive msg: cs451.Message@7879e482
receive msg: cs451.Message@5c10264a
receive msg: cs451.Message@2177591c
receive msg: cs451.Message@65e237ef
receive msg: cs451.Message@52088225
receive msg: cs451.Message@ff7dc58
receive msg: cs451.Message@1453cb03
receive msg: cs451.Message@60facb29
receive msg: cs451.Message@76f574b9
receive msg: cs451.Message@47d17323
receive msg: cs451.Message@4dd0a309
receive msg: cs451.Message@7bc58a19
receive msg: cs451.Message@26487964
receive msg: cs451.Message@6acc5ee5
receive msg: cs451.Message@22cc605e
receive msg: cs451.Message@758eb35c
receive msg: cs451.Message@106877d0
receive msg: cs451.Message@18db284e
receive msg: cs451.Message@5954759b
receive msg: cs451.Message@59c039be
receive msg: cs451.Message@ac503a1
receive msg: cs451.Message@4b9dc3ef
receive msg: cs451.Message@319f8faa
receive msg: cs451.Message@694a4dee
receive msg: cs451.Message@4bb0836d
receive msg: cs451.Message@6e17a34f
receive msg: cs451.Message@233883f8
receive msg: cs451.Message@18a69f4c
receive msg: cs451.Message@5742ccde
receive msg: cs451.Message@41c00a2
receive msg: cs451.Message@63dc749a
receive msg: cs451.Message@4f2cdb52
receive msg: cs451.Message@ec9da55
receive msg: cs451.Message@6ab4d23e
receive msg: cs451.Message@6a4c0356
receive msg: cs451.Message@4313a306
receive msg: cs451.Message@348c243
receive msg: cs451.Message@4fa1c536
receive msg: cs451.Message@457d3927
receive msg: cs451.Message@1ba8a91d
receive msg: cs451.Message@5eb73af1
receive msg: cs451.Message@1ffedc64
receive msg: cs451.Message@33e66abd
receive msg: cs451.Message@6dd8dd9d
receive msg: cs451.Message@adf0265
receive msg: cs451.Message@632be2a6
receive msg: cs451.Message@6318cffc
receive msg: cs451.Message@4887c237
receive msg: cs451.Message@3ab93d68
receive msg: cs451.Message@63bd64b
receive msg: cs451.Message@23f98e5f
receive msg: cs451.Message@5599666d
receive msg: cs451.Message@263853cb
receive msg: cs451.Message@7ee950c9
receive msg: cs451.Message@118da23d
receive msg: cs451.Message@f39146f
receive msg: cs451.Message@6b7ba848
receive msg: cs451.Message@5f20d2f6
receive msg: cs451.Message@23400f65
receive msg: cs451.Message@649ded0e
receive msg: cs451.Message@5212203d
receive msg: cs451.Message@bfcffeb
receive msg: cs451.Message@2864e2d6
receive msg: cs451.Message@239a9f49
receive msg: cs451.Message@604a50cf
receive msg: cs451.Message@ca5f88a
receive msg: cs451.Message@358c99a
receive msg: cs451.Message@744f7e6f
receive msg: cs451.Message@46b19401
receive msg: cs451.Message@657355f5
receive msg: cs451.Message@20a244d8
receive msg: cs451.Message@2f11faa5
receive msg: cs451.Message@65ca72da
receive msg: cs451.Message@1a694f6b
receive msg: cs451.Message@28df5c7a
receive msg: cs451.Message@8bb5f16
receive msg: cs451.Message@3e51a079
receive msg: cs451.Message@6e93b2cf
receive msg: cs451.Message@3cfd0feb
receive msg: cs451.Message@6e6ca48d
receive msg: cs451.Message@5d0d8351
receive msg: cs451.Message@2efb57f5
receive msg: cs451.Message@7aad8796
receive msg: cs451.Message@716e1c82
receive msg: cs451.Message@40c80ef5
receive msg: cs451.Message@3478ade6
receive msg: cs451.Message@227f0dc8
receive msg: cs451.Message@23f49f09
receive msg: cs451.Message@23cb9224
receive msg: cs451.Message@522d1c26
receive msg: cs451.Message@8665ae6
receive msg: cs451.Message@f6d9034
receive msg: cs451.Message@7048694f
receive msg: cs451.Message@4a3e974c
receive msg: cs451.Message@70354587
receive msg: cs451.Message@133a8785
receive msg: cs451.Message@208b96bc
receive msg: cs451.Message@1eb1f116
receive msg: cs451.Message@44f2963a
receive msg: cs451.Message@333378e
receive msg: cs451.Message@7ff16f22
receive msg: cs451.Message@6e59188b
receive msg: cs451.Message@3eca003c
receive msg: cs451.Message@245fcf2c
receive msg: cs451.Message@50233cfa
receive msg: cs451.Message@7698fb35
receive msg: cs451.Message@183dce3a
receive msg: cs451.Message@42c154be
receive msg: cs451.Message@bcc74f0
receive msg: cs451.Message@3abc77ef
receive msg: cs451.Message@4c86329c
receive msg: cs451.Message@4aaeb16
receive msg: cs451.Message@6c296487
receive msg: cs451.Message@357365e2
receive msg: cs451.Message@489ca302
receive msg: cs451.Message@1bbd135c
receive msg: cs451.Message@3c9741f0
receive msg: cs451.Message@12656ff5
receive msg: cs451.Message@3fcc4a08
receive msg: cs451.Message@4c18895e
receive msg: cs451.Message@4a06d9ec
receive msg: cs451.Message@73a51d9e
receive msg: cs451.Message@2ee485e8
receive msg: cs451.Message@263ebb13
receive msg: cs451.Message@5a0bcf81
receive msg: cs451.Message@11970b3
receive msg: cs451.Message@b586ebd
receive msg: cs451.Message@586daae6
receive msg: cs451.Message@5c9e01ad
receive msg: cs451.Message@16487e65
receive msg: cs451.Message@5eadd797
receive msg: cs451.Message@6b226c3e
receive msg: cs451.Message@471d9b9e
receive msg: cs451.Message@12f36e4e
receive msg: cs451.Message@225202e8
receive msg: cs451.Message@5a69d900
receive msg: cs451.Message@718378b8
receive msg: cs451.Message@780be9d8
receive msg: cs451.Message@4afce173
receive msg: cs451.Message@5e4980f5
receive msg: cs451.Message@3465653c
receive msg: cs451.Message@13071f41
receive msg: cs451.Message@3edd832b
receive msg: cs451.Message@2c01f22d
receive msg: cs451.Message@33d23e14
receive msg: cs451.Message@1884c238
receive msg: cs451.Message@4a12ded8
receive msg: cs451.Message@69a1dd2d
receive msg: cs451.Message@4ba16c93
receive msg: cs451.Message@750af2dd
receive msg: cs451.Message@293206ba
receive msg: cs451.Message@4e1dee04
receive msg: cs451.Message@e98c6a0
receive msg: cs451.Message@2c2651b4
receive msg: cs451.Message@1518955c
receive msg: cs451.Message@34542435
receive msg: cs451.Message@7cb159d9
receive msg: cs451.Message@62841c0a
receive msg: cs451.Message@3367d773
receive msg: cs451.Message@260728a6
receive msg: cs451.Message@500ec22e
receive msg: cs451.Message@1228e069
receive msg: cs451.Message@1ff97110
receive msg: cs451.Message@a42851
receive msg: cs451.Message@269d85d9
receive msg: cs451.Message@73e302cb
receive msg: cs451.Message@27468c56
receive msg: cs451.Message@681de4f
receive msg: cs451.Message@4cf8300b
receive msg: cs451.Message@27669605
receive msg: cs451.Message@34d18a83
receive msg: cs451.Message@3c2a49f0
receive msg: cs451.Message@31df5e16
receive msg: cs451.Message@221a2096
receive msg: cs451.Message@1aa723c4
receive msg: cs451.Message@74ac9ca9
receive msg: cs451.Message@3fc843c4
receive msg: cs451.Message@4ca5da3b
receive msg: cs451.Message@6fbf7968
receive msg: cs451.Message@7f66e9e2
receive msg: cs451.Message@24d43a9
receive msg: cs451.Message@60db35d9
receive msg: cs451.Message@743b6493
receive msg: cs451.Message@3cdaba0f
receive msg: cs451.Message@54e2f636
receive msg: cs451.Message@6dae648e
receive msg: cs451.Message@421e9a54
receive msg: cs451.Message@2b7d5ada
receive msg: cs451.Message@68ed4ac5
receive msg: cs451.Message@76f9c942
receive msg: cs451.Message@408331f3
receive msg: cs451.Message@1e908b3
receive msg: cs451.Message@3d0d129
receive msg: cs451.Message@3bdbabc8
receive msg: cs451.Message@620e09e9
receive msg: cs451.Message@2beb298b
receive msg: cs451.Message@2eb7fc46
receive msg: cs451.Message@48d487b3
receive msg: cs451.Message@5a078e01
receive msg: cs451.Message@285243bb
receive msg: cs451.Message@3916df3b
receive msg: cs451.Message@55132eb5
receive msg: cs451.Message@3382c590
receive msg: cs451.Message@97717c0
receive msg: cs451.Message@617eed2
receive msg: cs451.Message@4a3d0e23
receive msg: cs451.Message@6fb6ecb1
receive msg: cs451.Message@5e4e3f90
receive msg: cs451.Message@67962bf5
receive msg: cs451.Message@45786d32
receive msg: cs451.Message@1d73d248
receive msg: cs451.Message@32eeccc9
receive msg: cs451.Message@647190e2
receive msg: cs451.Message@62e660a3
receive msg: cs451.Message@61041f25
receive msg: cs451.Message@25481f48
receive msg: cs451.Message@4dd67d83
receive msg: cs451.Message@1c64ffe2
receive msg: cs451.Message@5dd8267c
receive msg: cs451.Message@388fd0d0
receive msg: cs451.Message@46cb8827
receive msg: cs451.Message@7debf4f3
receive msg: cs451.Message@611cc6f4
receive msg: cs451.Message@27538357
receive msg: cs451.Message@3dc3ad2a
receive msg: cs451.Message@1f2d9a0d
receive msg: cs451.Message@1801d47a
receive msg: cs451.Message@2373a516
receive msg: cs451.Message@379f6af
receive msg: cs451.Message@70f7e93f
receive msg: cs451.Message@6643515f
receive msg: cs451.Message@58a60394
receive msg: cs451.Message@14264aa1
receive msg: cs451.Message@5bd7e70b
receive msg: cs451.Message@27e28c87
receive msg: cs451.Message@4f30814c
receive msg: cs451.Message@6965a949
receive msg: cs451.Message@d6ee4d1
receive msg: cs451.Message@3e5bd74f
receive msg: cs451.Message@752a1b29
receive msg: cs451.Message@31c1cb24
receive msg: cs451.Message@4bf3e9a1
receive msg: cs451.Message@2b72ae3f
receive msg: cs451.Message@e240b2b
receive msg: cs451.Message@31836920
receive msg: cs451.Message@65e92050
receive msg: cs451.Message@5b547984
receive msg: cs451.Message@75874c96
receive msg: cs451.Message@5fe7e16f
receive msg: cs451.Message@7320b163
receive msg: cs451.Message@bc06eda
receive msg: cs451.Message@446c60c8
receive msg: cs451.Message@24600db3
receive msg: cs451.Message@523d0bf5
receive msg: cs451.Message@5a0319d6
receive msg: cs451.Message@7dce587e
receive msg: cs451.Message@59e7dfe1
receive msg: cs451.Message@63bf058b
receive msg: cs451.Message@21307d83
receive msg: cs451.Message@2eb2cc73
receive msg: cs451.Message@494d0693
receive msg: cs451.Message@52c5d16c
receive msg: cs451.Message@703b72d2
receive msg: cs451.Message@4852e9f2
receive msg: cs451.Message@698a07f5
receive msg: cs451.Message@1538e519
receive msg: cs451.Message@3ebea88e
receive msg: cs451.Message@617ccbd2
receive msg: cs451.Message@5870cda7
receive msg: cs451.Message@ab2fb9d
receive msg: cs451.Message@4183c89d
receive msg: cs451.Message@46a6b924
receive msg: cs451.Message@186559a2
receive msg: cs451.Message@5163720
receive msg: cs451.Message@5a8ec03f
receive msg: cs451.Message@29922dd3
receive msg: cs451.Message@1b88d90a
receive msg: cs451.Message@2f13426c
receive msg: cs451.Message@330f089
receive msg: cs451.Message@3bf4a989
receive msg: cs451.Message@66e97774
receive msg: cs451.Message@535c49e7
receive msg: cs451.Message@57ec4fbd
receive msg: cs451.Message@494a1c28
receive msg: cs451.Message@64b590a2
receive msg: cs451.Message@5517eea2
receive msg: cs451.Message@60b3d21a
receive msg: cs451.Message@79012978
receive msg: cs451.Message@3179967a
receive msg: cs451.Message@5bf10c09
receive msg: cs451.Message@252c366f
receive msg: cs451.Message@5516915b
receive msg: cs451.Message@282117c5
receive msg: cs451.Message@7be3d78c
receive msg: cs451.Message@3f3819d1
receive msg: cs451.Message@5e45db24
receive msg: cs451.Message@7e7a7016
receive msg: cs451.Message@1bc087e2
receive msg: cs451.Message@6449e3da
receive msg: cs451.Message@14a5888c
receive msg: cs451.Message@3972b0ce
receive msg: cs451.Message@2692df95
receive msg: cs451.Message@deebfae
receive msg: cs451.Message@3537b777
receive msg: cs451.Message@196f85df
receive msg: cs451.Message@29b18f10
receive msg: cs451.Message@51da5647
receive msg: cs451.Message@59dedf04
receive msg: cs451.Message@3c7af89d
receive msg: cs451.Message@1916390d
receive msg: cs451.Message@1afd2c06
receive msg: cs451.Message@35f4f6a2
receive msg: cs451.Message@5ea15e91
receive msg: cs451.Message@7657ca19
receive msg: cs451.Message@53955c9
receive msg: cs451.Message@17eaf22a
receive msg: cs451.Message@436b6390
receive msg: cs451.Message@b246ee6
receive msg: cs451.Message@447ce556
receive msg: cs451.Message@4c72451
receive msg: cs451.Message@1ca8b0ba
receive msg: cs451.Message@34d3be97
receive msg: cs451.Message@17a6bb0e
receive msg: cs451.Message@2a7ef007
receive msg: cs451.Message@730ab892
receive msg: cs451.Message@5a849762
receive msg: cs451.Message@78d839f7
receive msg: cs451.Message@25fb1023
receive msg: cs451.Message@313f226
receive msg: cs451.Message@7dd24aa1
receive msg: cs451.Message@44fcc36d
receive msg: cs451.Message@397ba9d9
receive msg: cs451.Message@2565ee12
receive msg: cs451.Message@4a8d3f5d
receive msg: cs451.Message@68486aca
receive msg: cs451.Message@c99237b
receive msg: cs451.Message@6064984
receive msg: cs451.Message@25d2f9ce
receive msg: cs451.Message@e67d984
receive msg: cs451.Message@4b20b1c8
receive msg: cs451.Message@7fde9b41
receive msg: cs451.Message@4d7011fd
receive msg: cs451.Message@7d6b4a2e
receive msg: cs451.Message@338b0aba
receive msg: cs451.Message@38848b19
receive msg: cs451.Message@75b69a0d
receive msg: cs451.Message@522b94af
receive msg: cs451.Message@391e8a8a
receive msg: cs451.Message@255e12f3
receive msg: cs451.Message@64f992a7
receive msg: cs451.Message@6af9fc7b
receive msg: cs451.Message@277e7174
receive msg: cs451.Message@72e236e2
receive msg: cs451.Message@5a26feb3
receive msg: cs451.Message@7f19dba8
receive msg: cs451.Message@2b38e0ee
receive msg: cs451.Message@480e964d
receive msg: cs451.Message@25302a99
receive msg: cs451.Message@14c5610c
receive msg: cs451.Message@7816dcea
receive msg: cs451.Message@4496915b
receive msg: cs451.Message@60d61fb2
receive msg: cs451.Message@5fa4dfa5
receive msg: cs451.Message@119bb937
receive msg: cs451.Message@6177ee16
receive msg: cs451.Message@318c5605
receive msg: cs451.Message@482cfe66
receive msg: cs451.Message@4b2b455
receive msg: cs451.Message@5aebed8b
receive msg: cs451.Message@984a4ad
receive msg: cs451.Message@26f4b435
receive msg: cs451.Message@3775aca2
receive msg: cs451.Message@32f79872
receive msg: cs451.Message@1e7af34d
receive msg: cs451.Message@1d2cb9ab
receive msg: cs451.Message@7a61610
receive msg: cs451.Message@91c3a9e
receive msg: cs451.Message@4035406b
receive msg: cs451.Message@38ac5827
receive msg: cs451.Message@f0dcfb4
receive msg: cs451.Message@672dcc01
receive msg: cs451.Message@d71fe97
receive msg: cs451.Message@57c6e27e
receive msg: cs451.Message@36d7f75d
receive msg: cs451.Message@3f137842
receive msg: cs451.Message@3d94ac71
receive msg: cs451.Message@5d217caf
receive msg: cs451.Message@54c51549
receive msg: cs451.Message@7030a6fb
receive msg: cs451.Message@68df7ba8
receive msg: cs451.Message@3ecdb618
receive msg: cs451.Message@42de93d5
receive msg: cs451.Message@372cf20b
receive msg: cs451.Message@24bdcd7d
receive msg: cs451.Message@7713d284
receive msg: cs451.Message@4165a788
receive msg: cs451.Message@1189b905
receive msg: cs451.Message@5b15486c
receive msg: cs451.Message@327b3678
receive msg: cs451.Message@5e4e9e58
receive msg: cs451.Message@2535505
receive msg: cs451.Message@73f43b0b
receive msg: cs451.Message@18570bfb
receive msg: cs451.Message@3241eaf7
receive msg: cs451.Message@2aa27ac7
receive msg: cs451.Message@785c20fb
receive msg: cs451.Message@58f4f4d8
receive msg: cs451.Message@655fab63
receive msg: cs451.Message@5c92914d
receive msg: cs451.Message@455029dc
receive msg: cs451.Message@3a7d479a
receive msg: cs451.Message@22e1f705
receive msg: cs451.Message@6ab102ed
receive msg: cs451.Message@2e6bc8ae
receive msg: cs451.Message@7efa1b6e
receive msg: cs451.Message@530e826b
receive msg: cs451.Message@31ca448d
receive msg: cs451.Message@4194d4a2
receive msg: cs451.Message@6f9b9695
receive msg: cs451.Message@48a15cd7
receive msg: cs451.Message@2b2c9762
receive msg: cs451.Message@4cfa6761
receive msg: cs451.Message@7f666f55
receive msg: cs451.Message@3d63c38a
receive msg: cs451.Message@72bbd4c3
receive msg: cs451.Message@6d65749a
receive msg: cs451.Message@2135a2a4
receive msg: cs451.Message@2694a9b
receive msg: cs451.Message@2ed89bd9
receive msg: cs451.Message@685feb3c
receive msg: cs451.Message@64f35411
receive msg: cs451.Message@2c86f786
receive msg: cs451.Message@46eaa79c
receive msg: cs451.Message@51fba276
receive msg: cs451.Message@2f562784
receive msg: cs451.Message@3477cf2f
receive msg: cs451.Message@27b2487a
receive msg: cs451.Message@2bd6a6e8
receive msg: cs451.Message@35a2ce11
receive msg: cs451.Message@3fa6713d
receive msg: cs451.Message@a621f2b
receive msg: cs451.Message@141d1969
receive msg: cs451.Message@37ec9fbd
receive msg: cs451.Message@3bcf3fe4
receive msg: cs451.Message@214ef4f1
receive msg: cs451.Message@5de467e0
receive msg: cs451.Message@e261a96
receive msg: cs451.Message@4cd434a9
receive msg: cs451.Message@1aebb8be
receive msg: cs451.Message@64ce0764
receive msg: cs451.Message@5a0243c1
receive msg: cs451.Message@371e5554
receive msg: cs451.Message@70772541
receive msg: cs451.Message@6416e90c
receive msg: cs451.Message@2cc2b204
receive msg: cs451.Message@6933e63d
receive msg: cs451.Message@20278b77
receive msg: cs451.Message@73aa48f6
receive msg: cs451.Message@4a418615
receive msg: cs451.Message@3c35936e
receive msg: cs451.Message@20d5cbac
receive msg: cs451.Message@119dab8
receive msg: cs451.Message@47ae85a0
receive msg: cs451.Message@5710d0d8
receive msg: cs451.Message@5916e93d
receive msg: cs451.Message@161534bd
receive msg: cs451.Message@2525205a
receive msg: cs451.Message@74e2a236
receive msg: cs451.Message@1a53f296
receive msg: cs451.Message@25dc8dbd
receive msg: cs451.Message@29f74eac
receive msg: cs451.Message@4865bab6
receive msg: cs451.Message@4da7266e
receive msg: cs451.Message@c57eb02
receive msg: cs451.Message@1fc6560a
receive msg: cs451.Message@7a93ff4e
receive msg: cs451.Message@ef33224
receive msg: cs451.Message@3dcfd703
receive msg: cs451.Message@1014b0b6
receive msg: cs451.Message@75985475
receive msg: cs451.Message@62ed3af0
receive msg: cs451.Message@21599e61
receive msg: cs451.Message@147d0bfc
receive msg: cs451.Message@2371defa
receive msg: cs451.Message@28c04ade
receive msg: cs451.Message@45877331
receive msg: cs451.Message@39d9a296
receive msg: cs451.Message@14723d59
receive msg: cs451.Message@3ece03b3
receive msg: cs451.Message@402ef1a0
receive msg: cs451.Message@34972621
receive msg: cs451.Message@310a4d1f
receive msg: cs451.Message@7f170316
receive msg: cs451.Message@48834ea5
receive msg: cs451.Message@45a8dfba
receive msg: cs451.Message@26a900a5
receive msg: cs451.Message@61e1b8d5
receive msg: cs451.Message@33c5242a
receive msg: cs451.Message@309368e7
receive msg: cs451.Message@5e51fa78
receive msg: cs451.Message@321ad677
receive msg: cs451.Message@2864506a
receive msg: cs451.Message@39bd1d1
receive msg: cs451.Message@524869e0
receive msg: cs451.Message@3685a4b0
receive msg: cs451.Message@3c68450a
receive msg: cs451.Message@61a00e0f
receive msg: cs451.Message@70b67cb2
receive msg: cs451.Message@6b0de630
receive msg: cs451.Message@1533ae4e
receive msg: cs451.Message@74021a91
receive msg: cs451.Message@3712ab4f
receive msg: cs451.Message@33aaf7fb
receive msg: cs451.Message@3be37e1e
receive msg: cs451.Message@5f512d61
receive msg: cs451.Message@7dbbad17
receive msg: cs451.Message@194a9874
receive msg: cs451.Message@39f916cd
receive msg: cs451.Message@6f950eb6
receive msg: cs451.Message@4fe6c546
receive msg: cs451.Message@2a26df6
receive msg: cs451.Message@731c5c11
receive msg: cs451.Message@343b1c7a
receive msg: cs451.Message@4d0e234e
receive msg: cs451.Message@5cd22ac4
receive msg: cs451.Message@4d3f199b
receive msg: cs451.Message@210b148a
receive msg: cs451.Message@1da357b6
receive msg: cs451.Message@506acacc
receive msg: cs451.Message@65ace29b
receive msg: cs451.Message@1c7a15e0
receive msg: cs451.Message@1be3ff3e
receive msg: cs451.Message@1d596a24
receive msg: cs451.Message@1f63fb2e
receive msg: cs451.Message@53fa3837
receive msg: cs451.Message@57e42779
receive msg: cs451.Message@1ba6feb
receive msg: cs451.Message@1005e79
receive msg: cs451.Message@3b9e5ee
receive msg: cs451.Message@7510c50f
receive msg: cs451.Message@27072971
receive msg: cs451.Message@24f7487e
receive msg: cs451.Message@682d4f9b
receive msg: cs451.Message@1b66c72c
receive msg: cs451.Message@5342990
receive msg: cs451.Message@1b1e25f0
receive msg: cs451.Message@194df09f
receive msg: cs451.Message@343f1b3d
receive msg: cs451.Message@10e3dc83
pl send exit here
Immediately stopping network packet processing.
Writing output.
fl receive exit here
fl send exit here
pl receive exit here
