My PID: 66506

From a new terminal type `kill -SIGINT 66506` or `kill -SIGTERM 66506` to stop processing packets

My ID: 1

List of resolved hosts is:
==========================
1
Human-readable IP: 127.0.0.1
Human-readable Port: 11001

2
Human-readable IP: 127.0.0.1
Human-readable Port: 11002

3
Human-readable IP: 127.0.0.1
Human-readable Port: 11003

4
Human-readable IP: 127.0.0.1
Human-readable Port: 11004

5
Human-readable IP: 127.0.0.1
Human-readable Port: 11005

6
Human-readable IP: 127.0.0.1
Human-readable Port: 11006

7
Human-readable IP: 127.0.0.1
Human-readable Port: 11007

8
Human-readable IP: 127.0.0.1
Human-readable Port: 11008

9
Human-readable IP: 127.0.0.1
Human-readable Port: 11009

10
Human-readable IP: 127.0.0.1
Human-readable Port: 11010


Path to output:
===============
/Users/melody/Documents/GitHub/CS451-2021-project/logs/proc01.output

Path to config:
===============
logs/config

100000

Doing some initialization

Broadcasting and delivering messages...

receive count: 9015
receive count: 92540
receive count: 117090
receive count: 125915
receive count: 125916
receive count: 125917
receive count: 125918
receive count: 125919
receive count: 125920
receive count: 125921
receive count: 125922
receive count: 125923
receive count: 162450
receive count: 179342
receive count: 179343
receive count: 179344
receive count: 179345
receive count: 179346
receive count: 179347
receive count: 179348
receive count: 179349
receive count: 179350
receive count: 179351
receive count: 179352
receive count: 179353
receive count: 179354
receive count: 179355
receive count: 179356
receive count: 190632
receive count: 190633
receive count: 190634
receive count: 190635
receive count: 199592
receive count: 236458
receive count: 258368
receive count: 258369
receive count: 258370
receive count: 258371
receive count: 258372
receive count: 258373
receive count: 258374
receive count: 288714
receive count: 288715
receive count: 288716
receive count: 336735
receive count: 336736
receive count: 336737
receive count: 336738
receive count: 336739
receive count: 336740
receive count: 336741
receive count: 336742
receive count: 336743
receive count: 336744
receive count: 336745
receive count: 347441
receive count: 383624
receive count: 383625
receive count: 383626
receive count: 383627
receive count: 383628
receive count: 383629
receive count: 383630
receive count: 383631
receive count: 394509
receive count: 394510
receive count: 426694
receive count: 426695
receive count: 426696
receive count: 426697
receive count: 513394
receive count: 513395
receive count: 513396
receive count: 513397
receive count: 524852
receive count: 524853
receive count: 524854
receive count: 524855
receive count: 524856
receive count: 524857
receive count: 524858
receive count: 537851
receive count: 588187
receive count: 602310
receive count: 602311
receive count: 602312
receive count: 602313
receive count: 602314
receive count: 602315
receive count: 602316
receive count: 602317
receive count: 602318
receive count: 602319
receive count: 602320
receive count: 602321
receive count: 602322
receive count: 602323
receive count: 665050
receive count: 665051
receive count: 673085
receive count: 673086
receive count: 673087
receive count: 673088
receive count: 673089
receive count: 673090
receive count: 673091
receive count: 673092
receive count: 673093
receive count: 673094
receive count: 673095
receive count: 673096
receive count: 673097
receive count: 673098
receive count: 673099
receive count: 673100
receive count: 673101
receive count: 719645
receive count: 719646
receive count: 719647
receive count: 719648
receive count: 719649
receive count: 719650
receive count: 719651
receive count: 719652
receive count: 719653
receive count: 739702
receive count: 739703
receive count: 739704
receive count: 739705
receive count: 739706
receive count: 739707
receive count: 739708
receive count: 739709
receive count: 739710
receive count: 750414
receive count: 750415
receive count: 780909
receive count: 780910
receive count: 780911
receive count: 814172
receive count: 814173
receive count: 814174
receive count: 814175
receive count: 859498
receive count: 875186
receive count: 875187
receive count: 875188
receive count: 875189
receive count: 875190
receive count: 875191
receive count: 875192
receive count: 875193
receive count: 875194
receive count: 875195
receive count: 875196
receive count: 875197
receive count: 875198
receive count: 875199
receive count: 875200
receive count: 875201
receive count: 875202
receive count: 875203
receive count: 875204
receive count: 875205
receive count: 875206
receive count: 875207
Immediately stopping network packet processing.
Writing output.
fl receive exit here
fl send exit here
