My PID: 66514

From a new terminal type `kill -SIGINT 66514` or `kill -SIGTERM 66514` to stop processing packets

My ID: 9

List of resolved hosts is:
==========================
1
Human-readable IP: 127.0.0.1
Human-readable Port: 11001

2
Human-readable IP: 127.0.0.1
Human-readable Port: 11002

3
Human-readable IP: 127.0.0.1
Human-readable Port: 11003

4
Human-readable IP: 127.0.0.1
Human-readable Port: 11004

5
Human-readable IP: 127.0.0.1
Human-readable Port: 11005

6
Human-readable IP: 127.0.0.1
Human-readable Port: 11006

7
Human-readable IP: 127.0.0.1
Human-readable Port: 11007

8
Human-readable IP: 127.0.0.1
Human-readable Port: 11008

9
Human-readable IP: 127.0.0.1
Human-readable Port: 11009

10
Human-readable IP: 127.0.0.1
Human-readable Port: 11010


Path to output:
===============
/Users/melody/Documents/GitHub/CS451-2021-project/logs/proc09.output

Path to config:
===============
logs/config

100000

Doing some initialization

pl send exit here
Broadcasting and delivering messages...

resend count: 91194
receive count: 23615
resend count: 84152
resend count: 71880
resend count: 63207
resend count: 60177
receive count: 48331
resend count: 58344
resend count: 51154
resend count: 48137
receive count: 60600
receive count: 60601
receive count: 60602
receive count: 60603
receive count: 60604
receive count: 60605
receive count: 60606
receive count: 60607
receive count: 60608
receive count: 60609
resend count: 45159
resend count: 38461
resend count: 31848
receive count: 72078
receive count: 72079
receive count: 72080
receive count: 72081
receive count: 72082
receive count: 72083
receive count: 72084
resend count: 29396
resend count: 23762
resend count: 22013
resend count: 20950
receive count: 82569
receive count: 82570
receive count: 82571
resend count: 18297
resend count: 15406
resend count: 14652
resend count: 13619
resend count: 9518
resend count: 7376
resend count: 7128
resend count: 5677
resend count: 4180
resend count: 2444
resend count: 1227
resend count: 226
resend count: 0
resend count: 0
resend count: 0
resend count: 0
resend count: 0
resend count: 0
resend count: 0
resend count: 0
resend count: 0
resend count: 0
resend count: 0
resend count: 0
resend count: 0
resend count: 0
resend count: 0
resend count: 0
resend count: 0
resend count: 0
resend count: 0
resend count: 0
resend count: 0
resend count: 0
resend count: 0
resend count: 0
resend count: 0
resend count: 0
resend count: 0
resend count: 0
resend count: 0
resend count: 0
resend count: 0
resend count: 0
resend count: 0
resend count: 0
resend count: 0
resend count: 0
resend count: 0
resend count: 0
resend count: 0
resend count: 0
resend count: 0
resend count: 0
resend count: 0
resend count: 0
resend count: 0
resend count: 0
resend count: 0
resend count: 0
resend count: 0
resend count: 0
resend count: 0
resend count: 0
resend count: 0
resend count: 0
resend count: 0
resend count: 0
resend count: 0
resend count: 0
resend count: 0
resend count: 0
resend count: 0
resend count: 0
resend count: 0
resend count: 0
resend count: 0
resend count: 0
resend count: 0
resend count: 0
resend count: 0
resend count: 0
resend count: 0
resend count: 0
resend count: 0
resend count: 0
resend count: 0
resend count: 0
resend count: 0
resend count: 0
resend count: 0
resend count: 0
resend count: 0
resend count: 0
resend count: 0
resend count: 0
resend count: 0
resend count: 0
resend count: 0
resend count: 0
resend count: 0
resend count: 0
resend count: 0
resend count: 0
resend count: 0
resend count: 0
resend count: 0
resend count: 0
resend count: 0
resend count: 0
resend count: 0
resend count: 0
resend count: 0
resend count: 0
resend count: 0
resend count: 0
resend count: 0
resend count: 0
resend count: 0
resend count: 0
resend count: 0
resend count: 0
resend count: 0
resend count: 0
resend count: 0
resend count: 0
resend count: 0
resend count: 0
resend count: 0
resend count: 0
resend count: 0
resend count: 0
resend count: 0
resend count: 0
resend count: 0
resend count: 0
resend count: 0
resend count: 0
resend count: 0
resend count: 0
resend count: 0
resend count: 0
resend count: 0
resend count: 0
resend count: 0
resend count: 0
resend count: 0
resend count: 0
resend count: 0
resend count: 0
resend count: 0
resend count: 0
resend count: 0
resend count: 0
resend count: 0
resend count: 0
resend count: 0
resend count: 0
resend count: 0
resend count: 0
resend count: 0
resend count: 0
resend count: 0
resend count: 0
resend count: 0
resend count: 0
resend count: 0
resend count: 0
resend count: 0
resend count: 0
resend count: 0
resend count: 0
resend count: 0
resend count: 0
resend count: 0
resend count: 0
resend count: 0
resend count: 0
resend count: 0
resend count: 0
resend count: 0
resend count: 0
resend count: 0
resend count: 0
resend count: 0
resend count: 0
resend count: 0
resend count: 0
resend count: 0
resend count: 0
resend count: 0
resend count: 0
resend count: 0
resend count: 0
resend count: 0
resend count: 0
resend count: 0
resend count: 0
resend count: 0
resend count: 0
resend count: 0
resend count: 0
resend count: 0
resend count: 0
resend count: 0
resend count: 0
resend count: 0
resend count: 0
resend count: 0
resend count: 0
resend count: 0
resend count: 0
resend count: 0
resend count: 0
resend count: 0
resend count: 0
resend count: 0
resend count: 0
Immediately stopping network packet processing.
Writing output.
fl receive exit here
fl send exit here
pl resend exit here
